[100%] Built target short_joint_state_publisher
-- Install configuration: ""
-- Up-to-date: /home/prakash/ws_8_assignments/install/ir_movit_config/share/ament_index/resource_index/package_run_dependencies/ir_movit_config
-- Up-to-date: /home/prakash/ws_8_assignments/install/ir_movit_config/share/ament_index/resource_index/parent_prefix_path/ir_movit_config
-- Up-to-date: /home/prakash/ws_8_assignments/install/ir_movit_config/share/ir_movit_config/environment/ament_prefix_path.sh
-- Up-to-date: /home/prakash/ws_8_assignments/install/ir_movit_config/share/ir_movit_config/environment/ament_prefix_path.dsv
-- Up-to-date: /home/prakash/ws_8_assignments/install/ir_movit_config/share/ir_movit_config/environment/path.sh
-- Up-to-date: /home/prakash/ws_8_assignments/install/ir_movit_config/share/ir_movit_config/environment/path.dsv
-- Up-to-date: /home/prakash/ws_8_assignments/install/ir_movit_config/share/ir_movit_config/local_setup.bash
-- Up-to-date: /home/prakash/ws_8_assignments/install/ir_movit_config/share/ir_movit_config/local_setup.sh
-- Up-to-date: /home/prakash/ws_8_assignments/install/ir_movit_config/share/ir_movit_config/local_setup.zsh
-- Up-to-date: /home/prakash/ws_8_assignments/install/ir_movit_config/share/ir_movit_config/local_setup.dsv
-- Installing: /home/prakash/ws_8_assignments/install/ir_movit_config/share/ir_movit_config/package.dsv
-- Up-to-date: /home/prakash/ws_8_assignments/install/ir_movit_config/share/ament_index/resource_index/packages/ir_movit_config
-- Up-to-date: /home/prakash/ws_8_assignments/install/ir_movit_config/share/ir_movit_config/cmake/ir_movit_configConfig.cmake
-- Up-to-date: /home/prakash/ws_8_assignments/install/ir_movit_config/share/ir_movit_config/cmake/ir_movit_configConfig-version.cmake
-- Up-to-date: /home/prakash/ws_8_assignments/install/ir_movit_config/share/ir_movit_config/package.xml
-- Up-to-date: /home/prakash/ws_8_assignments/install/ir_movit_config/share/ir_movit_config/launch
-- Up-to-date: /home/prakash/ws_8_assignments/install/ir_movit_config/share/ir_movit_config/launch/ir_movit.launch.py
-- Up-to-date: /home/prakash/ws_8_assignments/install/ir_movit_config/share/ir_movit_config/launch/fake_hw.launch.py
-- Up-to-date: /home/prakash/ws_8_assignments/install/ir_movit_config/share/ir_movit_config/launch/ir_base.launch.py
-- Up-to-date: /home/prakash/ws_8_assignments/install/ir_movit_config/share/ir_movit_config/launch/simulation_complete.launch.py
-- Up-to-date: /home/prakash/ws_8_assignments/install/ir_movit_config/share/ir_movit_config/launch/tmp.py
-- Up-to-date: /home/prakash/ws_8_assignments/install/ir_movit_config/share/ir_movit_config/launch/gazebo.launch.py
-- Up-to-date: /home/prakash/ws_8_assignments/install/ir_movit_config/share/ir_movit_config/launch/test.launch.py
-- Up-to-date: /home/prakash/ws_8_assignments/install/ir_movit_config/share/ir_movit_config/launch/ir_ur.py
-- Up-to-date: /home/prakash/ws_8_assignments/install/ir_movit_config/share/ir_movit_config/config
-- Up-to-date: /home/prakash/ws_8_assignments/install/ir_movit_config/share/ir_movit_config/config/kinematics.yaml
-- Up-to-date: /home/prakash/ws_8_assignments/install/ir_movit_config/share/ir_movit_config/config/ur_gripper.srdf
-- Up-to-date: /home/prakash/ws_8_assignments/install/ir_movit_config/share/ir_movit_config/config/moveit_config.yaml
-- Up-to-date: /home/prakash/ws_8_assignments/install/ir_movit_config/share/ir_movit_config/config/robot_with_environment.urdf.xacro
-- Up-to-date: /home/prakash/ws_8_assignments/install/ir_movit_config/share/ir_movit_config/config/pilz_cartesian_limits.yaml
-- Up-to-date: /home/prakash/ws_8_assignments/install/ir_movit_config/share/ir_movit_config/config/moveit_controllers.yaml
-- Up-to-date: /home/prakash/ws_8_assignments/install/ir_movit_config/share/ir_movit_config/config/ur_servo.yaml
-- Up-to-date: /home/prakash/ws_8_assignments/install/ir_movit_config/share/ir_movit_config/config/ur_gripper.ros2_control.xacro
-- Up-to-date: /home/prakash/ws_8_assignments/install/ir_movit_config/share/ir_movit_config/config/joint_limits_old.yaml
-- Up-to-date: /home/prakash/ws_8_assignments/install/ir_movit_config/share/ir_movit_config/config/fake_joint_driver.yaml
-- Up-to-date: /home/prakash/ws_8_assignments/install/ir_movit_config/share/ir_movit_config/config/controllers.yaml
-- Up-to-date: /home/prakash/ws_8_assignments/install/ir_movit_config/share/ir_movit_config/config/ur_gripper.urdf.xacro
-- Up-to-date: /home/prakash/ws_8_assignments/install/ir_movit_config/share/ir_movit_config/config/ros2_controllers.yaml
-- Up-to-date: /home/prakash/ws_8_assignments/install/ir_movit_config/share/ir_movit_config/config/old_ros2_controllers.yaml
-- Up-to-date: /home/prakash/ws_8_assignments/install/ir_movit_config/share/ir_movit_config/config/initial_positions.yaml
-- Up-to-date: /home/prakash/ws_8_assignments/install/ir_movit_config/share/ir_movit_config/config/joint_limits.yaml
-- Up-to-date: /home/prakash/ws_8_assignments/install/ir_movit_config/share/ir_movit_config/config/moveit.rviz
-- Up-to-date: /home/prakash/ws_8_assignments/install/ir_movit_config/share/ir_movit_config/config/r_controller.yaml
-- Up-to-date: /home/prakash/ws_8_assignments/install/ir_movit_config/share/ir_movit_config/.setup_assistant
-- Up-to-date: /home/prakash/ws_8_assignments/install/ir_movit_config/share/ir_movit_config/config
-- Up-to-date: /home/prakash/ws_8_assignments/install/ir_movit_config/share/ir_movit_config/config/kinematics.yaml
-- Up-to-date: /home/prakash/ws_8_assignments/install/ir_movit_config/share/ir_movit_config/config/ur_gripper.srdf
-- Up-to-date: /home/prakash/ws_8_assignments/install/ir_movit_config/share/ir_movit_config/config/moveit_config.yaml
-- Up-to-date: /home/prakash/ws_8_assignments/install/ir_movit_config/share/ir_movit_config/config/robot_with_environment.urdf.xacro
-- Up-to-date: /home/prakash/ws_8_assignments/install/ir_movit_config/share/ir_movit_config/config/pilz_cartesian_limits.yaml
-- Up-to-date: /home/prakash/ws_8_assignments/install/ir_movit_config/share/ir_movit_config/config/moveit_controllers.yaml
-- Up-to-date: /home/prakash/ws_8_assignments/install/ir_movit_config/share/ir_movit_config/config/ur_servo.yaml
-- Up-to-date: /home/prakash/ws_8_assignments/install/ir_movit_config/share/ir_movit_config/config/ur_gripper.ros2_control.xacro
-- Up-to-date: /home/prakash/ws_8_assignments/install/ir_movit_config/share/ir_movit_config/config/joint_limits_old.yaml
-- Up-to-date: /home/prakash/ws_8_assignments/install/ir_movit_config/share/ir_movit_config/config/fake_joint_driver.yaml
-- Up-to-date: /home/prakash/ws_8_assignments/install/ir_movit_config/share/ir_movit_config/config/controllers.yaml
-- Up-to-date: /home/prakash/ws_8_assignments/install/ir_movit_config/share/ir_movit_config/config/ur_gripper.urdf.xacro
-- Up-to-date: /home/prakash/ws_8_assignments/install/ir_movit_config/share/ir_movit_config/config/ros2_controllers.yaml
-- Up-to-date: /home/prakash/ws_8_assignments/install/ir_movit_config/share/ir_movit_config/config/old_ros2_controllers.yaml
-- Up-to-date: /home/prakash/ws_8_assignments/install/ir_movit_config/share/ir_movit_config/config/initial_positions.yaml
-- Up-to-date: /home/prakash/ws_8_assignments/install/ir_movit_config/share/ir_movit_config/config/joint_limits.yaml
-- Up-to-date: /home/prakash/ws_8_assignments/install/ir_movit_config/share/ir_movit_config/config/moveit.rviz
-- Up-to-date: /home/prakash/ws_8_assignments/install/ir_movit_config/share/ir_movit_config/config/r_controller.yaml
-- Up-to-date: /home/prakash/ws_8_assignments/install/ir_movit_config/lib/ir_movit_config/short_joint_state_publisher
