[0.012s] Invoking command in '/home/prakash/ws_8_assignments/build/ir_movit_config': CMAKE_PREFIX_PATH=/home/prakash/ws_8_assignments/install/ir_desription:/home/prakash/ws_8_assignments/install/group_8_assignment_1:/home/prakash/ws_8_assignments/install/ir_movit_config:/home/prakash/ws_8_assignments/install/ir_launch:/home/prakash/ws_8_assignments/install/ir_base:/home/prakash/ws_8_assignments/install/apriltag_ros:/home/prakash/assignment_ws/install/group_8_assignment_1:/home/prakash/assignment_ws/install/table_detection_pkg:/home/prakash/ros2_ws/install/my_first_pkg:/home/prakash/ros2_ws/install/actions_pkg:/opt/ros/jazzy/opt/gz_sim_vendor:/opt/ros/jazzy/opt/gz_sensors_vendor:/opt/ros/jazzy/opt/gz_physics_vendor:/opt/ros/jazzy/opt/sdformat_vendor:/opt/ros/jazzy/opt/gz_gui_vendor:/opt/ros/jazzy/opt/gz_transport_vendor:/opt/ros/jazzy/opt/gz_rendering_vendor:/opt/ros/jazzy/opt/gz_plugin_vendor:/opt/ros/jazzy/opt/gz_fuel_tools_vendor:/opt/ros/jazzy/opt/gz_msgs_vendor:/opt/ros/jazzy/opt/gz_common_vendor:/opt/ros/jazzy/opt/gz_math_vendor:/opt/ros/jazzy/opt/gz_utils_vendor:/opt/ros/jazzy/opt/gz_tools_vendor:/opt/ros/jazzy/opt/gz_ogre_next_vendor:/opt/ros/jazzy/opt/gz_dartsim_vendor:/opt/ros/jazzy/opt/gz_cmake_vendor:/opt/ros/jazzy DEBUGINFOD_URLS=https://debuginfod.ubuntu.com /usr/bin/cmake --build /home/prakash/ws_8_assignments/build/ir_movit_config -- -j12 -l12
[0.072s] [100%] Built target short_joint_state_publisher
[0.083s] Invoked command in '/home/prakash/ws_8_assignments/build/ir_movit_config' returned '0': CMAKE_PREFIX_PATH=/home/prakash/ws_8_assignments/install/ir_desription:/home/prakash/ws_8_assignments/install/group_8_assignment_1:/home/prakash/ws_8_assignments/install/ir_movit_config:/home/prakash/ws_8_assignments/install/ir_launch:/home/prakash/ws_8_assignments/install/ir_base:/home/prakash/ws_8_assignments/install/apriltag_ros:/home/prakash/assignment_ws/install/group_8_assignment_1:/home/prakash/assignment_ws/install/table_detection_pkg:/home/prakash/ros2_ws/install/my_first_pkg:/home/prakash/ros2_ws/install/actions_pkg:/opt/ros/jazzy/opt/gz_sim_vendor:/opt/ros/jazzy/opt/gz_sensors_vendor:/opt/ros/jazzy/opt/gz_physics_vendor:/opt/ros/jazzy/opt/sdformat_vendor:/opt/ros/jazzy/opt/gz_gui_vendor:/opt/ros/jazzy/opt/gz_transport_vendor:/opt/ros/jazzy/opt/gz_rendering_vendor:/opt/ros/jazzy/opt/gz_plugin_vendor:/opt/ros/jazzy/opt/gz_fuel_tools_vendor:/opt/ros/jazzy/opt/gz_msgs_vendor:/opt/ros/jazzy/opt/gz_common_vendor:/opt/ros/jazzy/opt/gz_math_vendor:/opt/ros/jazzy/opt/gz_utils_vendor:/opt/ros/jazzy/opt/gz_tools_vendor:/opt/ros/jazzy/opt/gz_ogre_next_vendor:/opt/ros/jazzy/opt/gz_dartsim_vendor:/opt/ros/jazzy/opt/gz_cmake_vendor:/opt/ros/jazzy DEBUGINFOD_URLS=https://debuginfod.ubuntu.com /usr/bin/cmake --build /home/prakash/ws_8_assignments/build/ir_movit_config -- -j12 -l12
[0.084s] Invoking command in '/home/prakash/ws_8_assignments/build/ir_movit_config': CMAKE_PREFIX_PATH=/home/prakash/ws_8_assignments/install/ir_desription:/home/prakash/ws_8_assignments/install/group_8_assignment_1:/home/prakash/ws_8_assignments/install/ir_movit_config:/home/prakash/ws_8_assignments/install/ir_launch:/home/prakash/ws_8_assignments/install/ir_base:/home/prakash/ws_8_assignments/install/apriltag_ros:/home/prakash/assignment_ws/install/group_8_assignment_1:/home/prakash/assignment_ws/install/table_detection_pkg:/home/prakash/ros2_ws/install/my_first_pkg:/home/prakash/ros2_ws/install/actions_pkg:/opt/ros/jazzy/opt/gz_sim_vendor:/opt/ros/jazzy/opt/gz_sensors_vendor:/opt/ros/jazzy/opt/gz_physics_vendor:/opt/ros/jazzy/opt/sdformat_vendor:/opt/ros/jazzy/opt/gz_gui_vendor:/opt/ros/jazzy/opt/gz_transport_vendor:/opt/ros/jazzy/opt/gz_rendering_vendor:/opt/ros/jazzy/opt/gz_plugin_vendor:/opt/ros/jazzy/opt/gz_fuel_tools_vendor:/opt/ros/jazzy/opt/gz_msgs_vendor:/opt/ros/jazzy/opt/gz_common_vendor:/opt/ros/jazzy/opt/gz_math_vendor:/opt/ros/jazzy/opt/gz_utils_vendor:/opt/ros/jazzy/opt/gz_tools_vendor:/opt/ros/jazzy/opt/gz_ogre_next_vendor:/opt/ros/jazzy/opt/gz_dartsim_vendor:/opt/ros/jazzy/opt/gz_cmake_vendor:/opt/ros/jazzy DEBUGINFOD_URLS=https://debuginfod.ubuntu.com /usr/bin/cmake --install /home/prakash/ws_8_assignments/build/ir_movit_config
[0.091s] -- Install configuration: ""
[0.092s] -- Up-to-date: /home/prakash/ws_8_assignments/install/ir_movit_config/share/ament_index/resource_index/package_run_dependencies/ir_movit_config
[0.092s] -- Up-to-date: /home/prakash/ws_8_assignments/install/ir_movit_config/share/ament_index/resource_index/parent_prefix_path/ir_movit_config
[0.092s] -- Up-to-date: /home/prakash/ws_8_assignments/install/ir_movit_config/share/ir_movit_config/environment/ament_prefix_path.sh
[0.092s] -- Up-to-date: /home/prakash/ws_8_assignments/install/ir_movit_config/share/ir_movit_config/environment/ament_prefix_path.dsv
[0.092s] -- Up-to-date: /home/prakash/ws_8_assignments/install/ir_movit_config/share/ir_movit_config/environment/path.sh
[0.092s] -- Up-to-date: /home/prakash/ws_8_assignments/install/ir_movit_config/share/ir_movit_config/environment/path.dsv
[0.092s] -- Up-to-date: /home/prakash/ws_8_assignments/install/ir_movit_config/share/ir_movit_config/local_setup.bash
[0.092s] -- Up-to-date: /home/prakash/ws_8_assignments/install/ir_movit_config/share/ir_movit_config/local_setup.sh
[0.092s] -- Up-to-date: /home/prakash/ws_8_assignments/install/ir_movit_config/share/ir_movit_config/local_setup.zsh
[0.092s] -- Up-to-date: /home/prakash/ws_8_assignments/install/ir_movit_config/share/ir_movit_config/local_setup.dsv
[0.093s] -- Installing: /home/prakash/ws_8_assignments/install/ir_movit_config/share/ir_movit_config/package.dsv
[0.093s] -- Up-to-date: /home/prakash/ws_8_assignments/install/ir_movit_config/share/ament_index/resource_index/packages/ir_movit_config
[0.093s] -- Up-to-date: /home/prakash/ws_8_assignments/install/ir_movit_config/share/ir_movit_config/cmake/ir_movit_configConfig.cmake
[0.093s] -- Up-to-date: /home/prakash/ws_8_assignments/install/ir_movit_config/share/ir_movit_config/cmake/ir_movit_configConfig-version.cmake
[0.093s] -- Up-to-date: /home/prakash/ws_8_assignments/install/ir_movit_config/share/ir_movit_config/package.xml
[0.093s] -- Up-to-date: /home/prakash/ws_8_assignments/install/ir_movit_config/share/ir_movit_config/launch
[0.093s] -- Up-to-date: /home/prakash/ws_8_assignments/install/ir_movit_config/share/ir_movit_config/launch/ir_movit.launch.py
[0.093s] -- Up-to-date: /home/prakash/ws_8_assignments/install/ir_movit_config/share/ir_movit_config/launch/fake_hw.launch.py
[0.093s] -- Up-to-date: /home/prakash/ws_8_assignments/install/ir_movit_config/share/ir_movit_config/launch/ir_base.launch.py
[0.093s] -- Up-to-date: /home/prakash/ws_8_assignments/install/ir_movit_config/share/ir_movit_config/launch/simulation_complete.launch.py
[0.093s] -- Up-to-date: /home/prakash/ws_8_assignments/install/ir_movit_config/share/ir_movit_config/launch/tmp.py
[0.094s] -- Up-to-date: /home/prakash/ws_8_assignments/install/ir_movit_config/share/ir_movit_config/launch/gazebo.launch.py
[0.094s] -- Up-to-date: /home/prakash/ws_8_assignments/install/ir_movit_config/share/ir_movit_config/launch/test.launch.py
[0.094s] -- Up-to-date: /home/prakash/ws_8_assignments/install/ir_movit_config/share/ir_movit_config/launch/ir_ur.py
[0.094s] -- Up-to-date: /home/prakash/ws_8_assignments/install/ir_movit_config/share/ir_movit_config/config
[0.094s] -- Up-to-date: /home/prakash/ws_8_assignments/install/ir_movit_config/share/ir_movit_config/config/kinematics.yaml
[0.094s] -- Up-to-date: /home/prakash/ws_8_assignments/install/ir_movit_config/share/ir_movit_config/config/ur_gripper.srdf
[0.094s] -- Up-to-date: /home/prakash/ws_8_assignments/install/ir_movit_config/share/ir_movit_config/config/moveit_config.yaml
[0.094s] -- Up-to-date: /home/prakash/ws_8_assignments/install/ir_movit_config/share/ir_movit_config/config/robot_with_environment.urdf.xacro
[0.094s] -- Up-to-date: /home/prakash/ws_8_assignments/install/ir_movit_config/share/ir_movit_config/config/pilz_cartesian_limits.yaml
[0.094s] -- Up-to-date: /home/prakash/ws_8_assignments/install/ir_movit_config/share/ir_movit_config/config/moveit_controllers.yaml
[0.094s] -- Up-to-date: /home/prakash/ws_8_assignments/install/ir_movit_config/share/ir_movit_config/config/ur_servo.yaml
[0.094s] -- Up-to-date: /home/prakash/ws_8_assignments/install/ir_movit_config/share/ir_movit_config/config/ur_gripper.ros2_control.xacro
[0.094s] -- Up-to-date: /home/prakash/ws_8_assignments/install/ir_movit_config/share/ir_movit_config/config/joint_limits_old.yaml
[0.094s] -- Up-to-date: /home/prakash/ws_8_assignments/install/ir_movit_config/share/ir_movit_config/config/fake_joint_driver.yaml
[0.095s] -- Up-to-date: /home/prakash/ws_8_assignments/install/ir_movit_config/share/ir_movit_config/config/controllers.yaml
[0.095s] -- Up-to-date: /home/prakash/ws_8_assignments/install/ir_movit_config/share/ir_movit_config/config/ur_gripper.urdf.xacro
[0.095s] -- Up-to-date: /home/prakash/ws_8_assignments/install/ir_movit_config/share/ir_movit_config/config/ros2_controllers.yaml
[0.095s] -- Up-to-date: /home/prakash/ws_8_assignments/install/ir_movit_config/share/ir_movit_config/config/old_ros2_controllers.yaml
[0.095s] -- Up-to-date: /home/prakash/ws_8_assignments/install/ir_movit_config/share/ir_movit_config/config/initial_positions.yaml
[0.095s] -- Up-to-date: /home/prakash/ws_8_assignments/install/ir_movit_config/share/ir_movit_config/config/joint_limits.yaml
[0.095s] -- Up-to-date: /home/prakash/ws_8_assignments/install/ir_movit_config/share/ir_movit_config/config/moveit.rviz
[0.095s] -- Up-to-date: /home/prakash/ws_8_assignments/install/ir_movit_config/share/ir_movit_config/config/r_controller.yaml
[0.095s] -- Up-to-date: /home/prakash/ws_8_assignments/install/ir_movit_config/share/ir_movit_config/.setup_assistant
[0.095s] -- Up-to-date: /home/prakash/ws_8_assignments/install/ir_movit_config/share/ir_movit_config/config
[0.095s] -- Up-to-date: /home/prakash/ws_8_assignments/install/ir_movit_config/share/ir_movit_config/config/kinematics.yaml
[0.095s] -- Up-to-date: /home/prakash/ws_8_assignments/install/ir_movit_config/share/ir_movit_config/config/ur_gripper.srdf
[0.095s] -- Up-to-date: /home/prakash/ws_8_assignments/install/ir_movit_config/share/ir_movit_config/config/moveit_config.yaml
[0.095s] -- Up-to-date: /home/prakash/ws_8_assignments/install/ir_movit_config/share/ir_movit_config/config/robot_with_environment.urdf.xacro
[0.096s] -- Up-to-date: /home/prakash/ws_8_assignments/install/ir_movit_config/share/ir_movit_config/config/pilz_cartesian_limits.yaml
[0.096s] -- Up-to-date: /home/prakash/ws_8_assignments/install/ir_movit_config/share/ir_movit_config/config/moveit_controllers.yaml
[0.096s] -- Up-to-date: /home/prakash/ws_8_assignments/install/ir_movit_config/share/ir_movit_config/config/ur_servo.yaml
[0.096s] -- Up-to-date: /home/prakash/ws_8_assignments/install/ir_movit_config/share/ir_movit_config/config/ur_gripper.ros2_control.xacro
[0.096s] -- Up-to-date: /home/prakash/ws_8_assignments/install/ir_movit_config/share/ir_movit_config/config/joint_limits_old.yaml
[0.096s] -- Up-to-date: /home/prakash/ws_8_assignments/install/ir_movit_config/share/ir_movit_config/config/fake_joint_driver.yaml
[0.096s] -- Up-to-date: /home/prakash/ws_8_assignments/install/ir_movit_config/share/ir_movit_config/config/controllers.yaml
[0.096s] -- Up-to-date: /home/prakash/ws_8_assignments/install/ir_movit_config/share/ir_movit_config/config/ur_gripper.urdf.xacro
[0.096s] -- Up-to-date: /home/prakash/ws_8_assignments/install/ir_movit_config/share/ir_movit_config/config/ros2_controllers.yaml
[0.096s] -- Up-to-date: /home/prakash/ws_8_assignments/install/ir_movit_config/share/ir_movit_config/config/old_ros2_controllers.yaml
[0.097s] -- Up-to-date: /home/prakash/ws_8_assignments/install/ir_movit_config/share/ir_movit_config/config/initial_positions.yaml
[0.097s] -- Up-to-date: /home/prakash/ws_8_assignments/install/ir_movit_config/share/ir_movit_config/config/joint_limits.yaml
[0.097s] -- Up-to-date: /home/prakash/ws_8_assignments/install/ir_movit_config/share/ir_movit_config/config/moveit.rviz
[0.097s] -- Up-to-date: /home/prakash/ws_8_assignments/install/ir_movit_config/share/ir_movit_config/config/r_controller.yaml
[0.097s] -- Up-to-date: /home/prakash/ws_8_assignments/install/ir_movit_config/lib/ir_movit_config/short_joint_state_publisher
[0.098s] Invoked command in '/home/prakash/ws_8_assignments/build/ir_movit_config' returned '0': CMAKE_PREFIX_PATH=/home/prakash/ws_8_assignments/install/ir_desription:/home/prakash/ws_8_assignments/install/group_8_assignment_1:/home/prakash/ws_8_assignments/install/ir_movit_config:/home/prakash/ws_8_assignments/install/ir_launch:/home/prakash/ws_8_assignments/install/ir_base:/home/prakash/ws_8_assignments/install/apriltag_ros:/home/prakash/assignment_ws/install/group_8_assignment_1:/home/prakash/assignment_ws/install/table_detection_pkg:/home/prakash/ros2_ws/install/my_first_pkg:/home/prakash/ros2_ws/install/actions_pkg:/opt/ros/jazzy/opt/gz_sim_vendor:/opt/ros/jazzy/opt/gz_sensors_vendor:/opt/ros/jazzy/opt/gz_physics_vendor:/opt/ros/jazzy/opt/sdformat_vendor:/opt/ros/jazzy/opt/gz_gui_vendor:/opt/ros/jazzy/opt/gz_transport_vendor:/opt/ros/jazzy/opt/gz_rendering_vendor:/opt/ros/jazzy/opt/gz_plugin_vendor:/opt/ros/jazzy/opt/gz_fuel_tools_vendor:/opt/ros/jazzy/opt/gz_msgs_vendor:/opt/ros/jazzy/opt/gz_common_vendor:/opt/ros/jazzy/opt/gz_math_vendor:/opt/ros/jazzy/opt/gz_utils_vendor:/opt/ros/jazzy/opt/gz_tools_vendor:/opt/ros/jazzy/opt/gz_ogre_next_vendor:/opt/ros/jazzy/opt/gz_dartsim_vendor:/opt/ros/jazzy/opt/gz_cmake_vendor:/opt/ros/jazzy DEBUGINFOD_URLS=https://debuginfod.ubuntu.com /usr/bin/cmake --install /home/prakash/ws_8_assignments/build/ir_movit_config
