[100%] Built target table_detection_node
[100%] Built target tag_goal_node
-- Install configuration: ""
-- Up-to-date: /home/prakash/ws_8_assignments/install/group_8_assignment_1/lib/group_8_assignment_1/tag_goal_node
-- Up-to-date: /home/prakash/ws_8_assignments/install/group_8_assignment_1/lib/group_8_assignment_1/table_detection_node
-- Up-to-date: /home/prakash/ws_8_assignments/install/group_8_assignment_1/share/group_8_assignment_1/launch
-- Up-to-date: /home/prakash/ws_8_assignments/install/group_8_assignment_1/share/group_8_assignment_1/launch/assignment_1_full.launch.py
-- Up-to-date: /home/prakash/ws_8_assignments/install/group_8_assignment_1/share/ament_index/resource_index/package_run_dependencies/group_8_assignment_1
-- Up-to-date: /home/prakash/ws_8_assignments/install/group_8_assignment_1/share/ament_index/resource_index/parent_prefix_path/group_8_assignment_1
-- Up-to-date: /home/prakash/ws_8_assignments/install/group_8_assignment_1/share/group_8_assignment_1/environment/ament_prefix_path.sh
-- Up-to-date: /home/prakash/ws_8_assignments/install/group_8_assignment_1/share/group_8_assignment_1/environment/ament_prefix_path.dsv
-- Up-to-date: /home/prakash/ws_8_assignments/install/group_8_assignment_1/share/group_8_assignment_1/environment/path.sh
-- Up-to-date: /home/prakash/ws_8_assignments/install/group_8_assignment_1/share/group_8_assignment_1/environment/path.dsv
-- Up-to-date: /home/prakash/ws_8_assignments/install/group_8_assignment_1/share/group_8_assignment_1/local_setup.bash
-- Up-to-date: /home/prakash/ws_8_assignments/install/group_8_assignment_1/share/group_8_assignment_1/local_setup.sh
-- Up-to-date: /home/prakash/ws_8_assignments/install/group_8_assignment_1/share/group_8_assignment_1/local_setup.zsh
-- Up-to-date: /home/prakash/ws_8_assignments/install/group_8_assignment_1/share/group_8_assignment_1/local_setup.dsv
-- Installing: /home/prakash/ws_8_assignments/install/group_8_assignment_1/share/group_8_assignment_1/package.dsv
-- Up-to-date: /home/prakash/ws_8_assignments/install/group_8_assignment_1/share/ament_index/resource_index/packages/group_8_assignment_1
-- Up-to-date: /home/prakash/ws_8_assignments/install/group_8_assignment_1/share/group_8_assignment_1/cmake/group_8_assignment_1Config.cmake
-- Up-to-date: /home/prakash/ws_8_assignments/install/group_8_assignment_1/share/group_8_assignment_1/cmake/group_8_assignment_1Config-version.cmake
-- Up-to-date: /home/prakash/ws_8_assignments/install/group_8_assignment_1/share/group_8_assignment_1/package.xml
