[0.020s] Invoking command in '/home/prakash/ws_8_assignments/build/apriltag_ros': CMAKE_PREFIX_PATH=${CMAKE_PREFIX_PATH}:/opt/ros/jazzy DEBUGINFOD_URLS=https://debuginfod.ubuntu.com /usr/bin/cmake /home/prakash/ws_8_assignments/src/ir_2526/apriltag_ros -DCMAKE_INSTALL_PREFIX=/home/prakash/ws_8_assignments/install/apriltag_ros
[0.080s] -- The C compiler identification is GNU 13.3.0
[0.134s] -- The CXX compiler identification is GNU 13.3.0
[0.148s] -- Detecting C compiler ABI info
[0.241s] -- Detecting C compiler ABI info - done
[0.249s] -- Check for working C compiler: /usr/bin/cc - skipped
[0.249s] -- Detecting C compile features
[0.250s] -- Detecting C compile features - done
[0.258s] -- Detecting CXX compiler ABI info
[0.355s] -- Detecting CXX compiler ABI info - done
[0.363s] -- Check for working CXX compiler: /usr/bin/c++ - skipped
[0.364s] -- Detecting CXX compile features
[0.364s] -- Detecting CXX compile features - done
[0.369s] -- Found rclcpp: 28.1.12 (/opt/ros/jazzy/share/rclcpp/cmake)
[0.520s] -- Found Python3: /usr/bin/python3 (found version "3.12.3") found components: Interpreter 
[0.718s] -- Found rosidl_generator_c: 4.6.6 (/opt/ros/jazzy/share/rosidl_generator_c/cmake)
[0.738s] -- Found rosidl_generator_cpp: 4.6.6 (/opt/ros/jazzy/share/rosidl_generator_cpp/cmake)
[0.761s] -- Using all available rosidl_typesupport_c: rosidl_typesupport_fastrtps_c;rosidl_typesupport_introspection_c
[0.783s] -- Using all available rosidl_typesupport_cpp: rosidl_typesupport_fastrtps_cpp;rosidl_typesupport_introspection_cpp
[0.881s] -- Found rmw_implementation_cmake: 7.3.2 (/opt/ros/jazzy/share/rmw_implementation_cmake/cmake)
[0.888s] -- Found rmw_fastrtps_cpp: 8.4.3 (/opt/ros/jazzy/share/rmw_fastrtps_cpp/cmake)
[0.983s] -- Found OpenSSL: /usr/lib/x86_64-linux-gnu/libcrypto.so (found version "3.0.13")  
[1.005s] -- Found FastRTPS: /opt/ros/jazzy/include (Required is at least version "2.13") 
[1.027s] -- Using RMW implementation 'rmw_fastrtps_cpp' as default
[1.112s] -- Found rclcpp_components: 28.1.12 (/opt/ros/jazzy/share/rclcpp_components/cmake)
[1.155s] -- Found sensor_msgs: 5.3.6 (/opt/ros/jazzy/share/sensor_msgs/cmake)
[1.215s] -- Found apriltag_msgs: 2.0.1 (/opt/ros/jazzy/share/apriltag_msgs/cmake)
[1.231s] -- Found tf2_ros: 0.36.14 (/opt/ros/jazzy/share/tf2_ros/cmake)
[1.338s] -- Found image_transport: 5.1.7 (/opt/ros/jazzy/share/image_transport/cmake)
[1.356s] -- Found cv_bridge: 4.1.0 (/opt/ros/jazzy/share/cv_bridge/cmake)
[1.381s] -- Performing Test CMAKE_HAVE_LIBC_PTHREAD
[1.468s] -- Performing Test CMAKE_HAVE_LIBC_PTHREAD - Success
[1.469s] -- Found Threads: TRUE  
[1.471s] -- Found OpenCV: /usr (found version "4.6.0") found components: core calib3d 
[1.483s] -- Found ament_lint_auto: 0.17.3 (/opt/ros/jazzy/share/ament_lint_auto/cmake)
[1.598s] -- Added test 'cppcheck' to perform static code analysis on C / C++ code
[1.598s] -- Configured cppcheck include dirs: 
[1.598s] -- Configured cppcheck exclude dirs and/or files: 
[1.599s] -- Configuring done (1.6s)
[1.621s] -- Generating done (0.0s)
[1.626s] -- Build files have been written to: /home/prakash/ws_8_assignments/build/apriltag_ros
[1.640s] Invoked command in '/home/prakash/ws_8_assignments/build/apriltag_ros' returned '0': CMAKE_PREFIX_PATH=${CMAKE_PREFIX_PATH}:/opt/ros/jazzy DEBUGINFOD_URLS=https://debuginfod.ubuntu.com /usr/bin/cmake /home/prakash/ws_8_assignments/src/ir_2526/apriltag_ros -DCMAKE_INSTALL_PREFIX=/home/prakash/ws_8_assignments/install/apriltag_ros
[1.641s] Invoking command in '/home/prakash/ws_8_assignments/build/apriltag_ros': CMAKE_PREFIX_PATH=${CMAKE_PREFIX_PATH}:/opt/ros/jazzy DEBUGINFOD_URLS=https://debuginfod.ubuntu.com /usr/bin/cmake --build /home/prakash/ws_8_assignments/build/apriltag_ros -- -j12 -l12
[1.696s] [ 20%] [32mBuilding CXX object CMakeFiles/apriltag_node.dir/rclcpp_components/node_main_apriltag_node.cpp.o[0m
[1.696s] [ 20%] [32mBuilding CXX object CMakeFiles/tags.dir/src/tag_functions.cpp.o[0m
[1.696s] [ 30%] [32mBuilding CXX object CMakeFiles/conversion.dir/src/conversion.cpp.o[0m
[1.972s] [ 40%] [32m[1mLinking CXX static library libtags.a[0m
[2.016s] [ 40%] Built target tags
[3.166s] [ 50%] [32m[1mLinking CXX static library libconversion.a[0m
[3.213s] [ 50%] Built target conversion
[3.238s] [ 60%] [32mBuilding CXX object CMakeFiles/pose_estimation.dir/src/pose_estimation.cpp.o[0m
[4.552s] [ 70%] [32m[1mLinking CXX executable apriltag_node[0m
[4.674s] [ 80%] [32m[1mLinking CXX static library libpose_estimation.a[0m
[4.683s] [ 80%] Built target apriltag_node
[4.714s] [ 80%] Built target pose_estimation
[4.739s] [ 90%] [32mBuilding CXX object CMakeFiles/AprilTagNode.dir/src/AprilTagNode.cpp.o[0m
[10.891s] [100%] [32m[1mLinking CXX shared library libAprilTagNode.so[0m
[11.176s] [100%] Built target AprilTagNode
[11.187s] Invoked command in '/home/prakash/ws_8_assignments/build/apriltag_ros' returned '0': CMAKE_PREFIX_PATH=${CMAKE_PREFIX_PATH}:/opt/ros/jazzy DEBUGINFOD_URLS=https://debuginfod.ubuntu.com /usr/bin/cmake --build /home/prakash/ws_8_assignments/build/apriltag_ros -- -j12 -l12
[11.188s] Invoking command in '/home/prakash/ws_8_assignments/build/apriltag_ros': CMAKE_PREFIX_PATH=${CMAKE_PREFIX_PATH}:/opt/ros/jazzy DEBUGINFOD_URLS=https://debuginfod.ubuntu.com /usr/bin/cmake --install /home/prakash/ws_8_assignments/build/apriltag_ros
[11.196s] -- Install configuration: ""
[11.196s] -- Installing: /home/prakash/ws_8_assignments/install/apriltag_ros/lib/apriltag_ros/apriltag_node
[11.196s] -- Set non-toolchain portion of runtime path of "/home/prakash/ws_8_assignments/install/apriltag_ros/lib/apriltag_ros/apriltag_node" to ""
[11.197s] -- Installing: /home/prakash/ws_8_assignments/install/apriltag_ros/share/apriltag_ros/environment/library_path.sh
[11.197s] -- Installing: /home/prakash/ws_8_assignments/install/apriltag_ros/share/apriltag_ros/environment/library_path.dsv
[11.197s] -- Installing: /home/prakash/ws_8_assignments/install/apriltag_ros/lib/libAprilTagNode.so
[11.200s] -- Set non-toolchain portion of runtime path of "/home/prakash/ws_8_assignments/install/apriltag_ros/lib/libAprilTagNode.so" to ""
[11.200s] -- Installing: /home/prakash/ws_8_assignments/install/apriltag_ros/share/apriltag_ros/cfg
[11.200s] -- Installing: /home/prakash/ws_8_assignments/install/apriltag_ros/share/apriltag_ros/cfg/qos_overrides.yaml
[11.201s] -- Installing: /home/prakash/ws_8_assignments/install/apriltag_ros/share/apriltag_ros/cfg/tags_36h11.yaml
[11.201s] -- Installing: /home/prakash/ws_8_assignments/install/apriltag_ros/share/apriltag_ros/launch
[11.201s] -- Installing: /home/prakash/ws_8_assignments/install/apriltag_ros/share/apriltag_ros/launch/camera_36h11.launch.yml
[11.201s] -- Installing: /home/prakash/ws_8_assignments/install/apriltag_ros/share/ament_index/resource_index/package_run_dependencies/apriltag_ros
[11.201s] -- Installing: /home/prakash/ws_8_assignments/install/apriltag_ros/share/ament_index/resource_index/parent_prefix_path/apriltag_ros
[11.202s] -- Installing: /home/prakash/ws_8_assignments/install/apriltag_ros/share/apriltag_ros/environment/ament_prefix_path.sh
[11.202s] -- Installing: /home/prakash/ws_8_assignments/install/apriltag_ros/share/apriltag_ros/environment/ament_prefix_path.dsv
[11.202s] -- Installing: /home/prakash/ws_8_assignments/install/apriltag_ros/share/apriltag_ros/environment/path.sh
[11.202s] -- Installing: /home/prakash/ws_8_assignments/install/apriltag_ros/share/apriltag_ros/environment/path.dsv
[11.202s] -- Installing: /home/prakash/ws_8_assignments/install/apriltag_ros/share/apriltag_ros/local_setup.bash
[11.202s] -- Installing: /home/prakash/ws_8_assignments/install/apriltag_ros/share/apriltag_ros/local_setup.sh
[11.203s] -- Installing: /home/prakash/ws_8_assignments/install/apriltag_ros/share/apriltag_ros/local_setup.zsh
[11.203s] -- Installing: /home/prakash/ws_8_assignments/install/apriltag_ros/share/apriltag_ros/local_setup.dsv
[11.203s] -- Installing: /home/prakash/ws_8_assignments/install/apriltag_ros/share/apriltag_ros/package.dsv
[11.203s] -- Installing: /home/prakash/ws_8_assignments/install/apriltag_ros/share/ament_index/resource_index/packages/apriltag_ros
[11.203s] -- Installing: /home/prakash/ws_8_assignments/install/apriltag_ros/share/ament_index/resource_index/rclcpp_components/apriltag_ros
[11.204s] -- Installing: /home/prakash/ws_8_assignments/install/apriltag_ros/share/apriltag_ros/cmake/apriltag_rosConfig.cmake
[11.204s] -- Installing: /home/prakash/ws_8_assignments/install/apriltag_ros/share/apriltag_ros/cmake/apriltag_rosConfig-version.cmake
[11.204s] -- Installing: /home/prakash/ws_8_assignments/install/apriltag_ros/share/apriltag_ros/package.xml
[11.206s] Invoked command in '/home/prakash/ws_8_assignments/build/apriltag_ros' returned '0': CMAKE_PREFIX_PATH=${CMAKE_PREFIX_PATH}:/opt/ros/jazzy DEBUGINFOD_URLS=https://debuginfod.ubuntu.com /usr/bin/cmake --install /home/prakash/ws_8_assignments/build/apriltag_ros
