[0.015s] Invoking command in '/home/prakash/ws_8_assignments/build/ir_base': CMAKE_PREFIX_PATH=${CMAKE_PREFIX_PATH}:/opt/ros/jazzy DEBUGINFOD_URLS=https://debuginfod.ubuntu.com /usr/bin/cmake /home/prakash/ws_8_assignments/src/ir_2526/ir_base -DCMAKE_INSTALL_PREFIX=/home/prakash/ws_8_assignments/install/ir_base
[0.072s] -- The C compiler identification is GNU 13.3.0
[0.125s] -- The CXX compiler identification is GNU 13.3.0
[0.141s] -- Detecting C compiler ABI info
[0.233s] -- Detecting C compiler ABI info - done
[0.240s] -- Check for working C compiler: /usr/bin/cc - skipped
[0.241s] -- Detecting C compile features
[0.241s] -- Detecting C compile features - done
[0.250s] -- Detecting CXX compiler ABI info
[0.348s] -- Detecting CXX compiler ABI info - done
[0.357s] -- Check for working CXX compiler: /usr/bin/c++ - skipped
[0.358s] -- Detecting CXX compile features
[0.358s] -- Detecting CXX compile features - done
[0.362s] -- Found ament_cmake: 2.5.4 (/opt/ros/jazzy/share/ament_cmake/cmake)
[0.511s] -- Found Python3: /usr/bin/python3 (found version "3.12.3") found components: Interpreter 
[0.649s] -- Found ament_lint_auto: 0.17.3 (/opt/ros/jazzy/share/ament_lint_auto/cmake)
[0.770s] -- Added test 'flake8' to check Python code syntax and style conventions
[0.770s] -- Configured 'flake8' exclude dirs and/or files: 
[0.773s] -- Added test 'lint_cmake' to check CMake code style
[0.774s] -- Added test 'pep257' to check Python code against some of the docstring style conventions in PEP 257
[0.784s] -- Added test 'xmllint' to check XML markup files
[0.786s] -- Configuring done (0.8s)
[0.789s] -- Generating done (0.0s)
[0.790s] -- Build files have been written to: /home/prakash/ws_8_assignments/build/ir_base
[0.795s] Invoked command in '/home/prakash/ws_8_assignments/build/ir_base' returned '0': CMAKE_PREFIX_PATH=${CMAKE_PREFIX_PATH}:/opt/ros/jazzy DEBUGINFOD_URLS=https://debuginfod.ubuntu.com /usr/bin/cmake /home/prakash/ws_8_assignments/src/ir_2526/ir_base -DCMAKE_INSTALL_PREFIX=/home/prakash/ws_8_assignments/install/ir_base
[0.796s] Invoking command in '/home/prakash/ws_8_assignments/build/ir_base': CMAKE_PREFIX_PATH=${CMAKE_PREFIX_PATH}:/opt/ros/jazzy DEBUGINFOD_URLS=https://debuginfod.ubuntu.com /usr/bin/cmake --build /home/prakash/ws_8_assignments/build/ir_base -- -j12 -l12
[0.849s] Invoked command in '/home/prakash/ws_8_assignments/build/ir_base' returned '0': CMAKE_PREFIX_PATH=${CMAKE_PREFIX_PATH}:/opt/ros/jazzy DEBUGINFOD_URLS=https://debuginfod.ubuntu.com /usr/bin/cmake --build /home/prakash/ws_8_assignments/build/ir_base -- -j12 -l12
[0.850s] Invoking command in '/home/prakash/ws_8_assignments/build/ir_base': CMAKE_PREFIX_PATH=${CMAKE_PREFIX_PATH}:/opt/ros/jazzy DEBUGINFOD_URLS=https://debuginfod.ubuntu.com /usr/bin/cmake --install /home/prakash/ws_8_assignments/build/ir_base
[0.859s] -- Install configuration: ""
[0.859s] -- Installing: /home/prakash/ws_8_assignments/install/ir_base/share/ament_index/resource_index/package_run_dependencies/ir_base
[0.860s] -- Installing: /home/prakash/ws_8_assignments/install/ir_base/share/ament_index/resource_index/parent_prefix_path/ir_base
[0.860s] -- Installing: /home/prakash/ws_8_assignments/install/ir_base/share/ir_base/environment/ament_prefix_path.sh
[0.860s] -- Installing: /home/prakash/ws_8_assignments/install/ir_base/share/ir_base/environment/ament_prefix_path.dsv
[0.860s] -- Installing: /home/prakash/ws_8_assignments/install/ir_base/share/ir_base/environment/path.sh
[0.860s] -- Installing: /home/prakash/ws_8_assignments/install/ir_base/share/ir_base/environment/path.dsv
[0.860s] -- Installing: /home/prakash/ws_8_assignments/install/ir_base/share/ir_base/local_setup.bash
[0.861s] -- Installing: /home/prakash/ws_8_assignments/install/ir_base/share/ir_base/local_setup.sh
[0.861s] -- Installing: /home/prakash/ws_8_assignments/install/ir_base/share/ir_base/local_setup.zsh
[0.861s] -- Installing: /home/prakash/ws_8_assignments/install/ir_base/share/ir_base/local_setup.dsv
[0.861s] -- Installing: /home/prakash/ws_8_assignments/install/ir_base/share/ir_base/package.dsv
[0.861s] -- Installing: /home/prakash/ws_8_assignments/install/ir_base/share/ament_index/resource_index/packages/ir_base
[0.861s] -- Installing: /home/prakash/ws_8_assignments/install/ir_base/share/ir_base/cmake/ir_baseConfig.cmake
[0.861s] -- Installing: /home/prakash/ws_8_assignments/install/ir_base/share/ir_base/cmake/ir_baseConfig-version.cmake
[0.862s] -- Installing: /home/prakash/ws_8_assignments/install/ir_base/share/ir_base/package.xml
[0.862s] -- Installing: /home/prakash/ws_8_assignments/install/ir_base/share/ir_base/launch
[0.862s] -- Installing: /home/prakash/ws_8_assignments/install/ir_base/share/ir_base/launch/ir_arena_turtle.launch.py
[0.862s] -- Installing: /home/prakash/ws_8_assignments/install/ir_base/share/ir_base/launch/ir_arena.launch.py
[0.862s] -- Installing: /home/prakash/ws_8_assignments/install/ir_base/share/ir_base/worlds
[0.862s] -- Installing: /home/prakash/ws_8_assignments/install/ir_base/share/ir_base/worlds/iaslab_empty.sdf.xacro
[0.862s] -- Installing: /home/prakash/ws_8_assignments/install/ir_base/share/ir_base/worlds/empy.sdf
[0.863s] -- Installing: /home/prakash/ws_8_assignments/install/ir_base/share/ir_base/worlds/iaslab_camera_tables.sdf
[0.863s] -- Installing: /home/prakash/ws_8_assignments/install/ir_base/share/ir_base/worlds/iaslab_empty_ur.sdf.xacro
[0.864s] -- Installing: /home/prakash/ws_8_assignments/install/ir_base/share/ir_base/worlds/iaslab_ur.sdf.xacro
[0.864s] -- Installing: /home/prakash/ws_8_assignments/install/ir_base/share/ir_base/worlds/iaslab_nav.sdf
[0.865s] -- Installing: /home/prakash/ws_8_assignments/install/ir_base/share/ir_base/worlds/apples_world.sdf.xacro
[0.866s] -- Installing: /home/prakash/ws_8_assignments/install/ir_base/share/ir_base/worlds/iaslab_ur.sdf
[0.866s] -- Installing: /home/prakash/ws_8_assignments/install/ir_base/share/ir_base/worlds/iaslab.sdf.xacro
[0.867s] -- Installing: /home/prakash/ws_8_assignments/install/ir_base/share/ir_base/worlds/iaslab_empty.sdf
[0.867s] -- Installing: /home/prakash/ws_8_assignments/install/ir_base/share/ir_base/params
[0.867s] -- Installing: /home/prakash/ws_8_assignments/install/ir_base/share/ir_base/params/nav2_params.yaml
[0.867s] -- Installing: /home/prakash/ws_8_assignments/install/ir_base/share/ir_base/params/ur_bridge.yaml
[0.868s] -- Installing: /home/prakash/ws_8_assignments/install/ir_base/share/ir_base/params/turtlebot3_waffle_bridge.yaml
[0.868s] -- Installing: /home/prakash/ws_8_assignments/install/ir_base/share/ir_base/maps
[0.868s] -- Installing: /home/prakash/ws_8_assignments/install/ir_base/share/ir_base/maps/lab_map.pgm
[0.868s] -- Installing: /home/prakash/ws_8_assignments/install/ir_base/share/ir_base/maps/lab_map.yaml
[0.868s] -- Installing: /home/prakash/ws_8_assignments/install/ir_base/share/ir_base/models
[0.868s] -- Installing: /home/prakash/ws_8_assignments/install/ir_base/share/ir_base/models/install
[0.869s] -- Installing: /home/prakash/ws_8_assignments/install/ir_base/share/ir_base/models/install/setup.sh
[0.869s] -- Installing: /home/prakash/ws_8_assignments/install/ir_base/share/ir_base/models/install/local_setup.zsh
[0.869s] -- Installing: /home/prakash/ws_8_assignments/install/ir_base/share/ir_base/models/install/setup.ps1
[0.869s] -- Installing: /home/prakash/ws_8_assignments/install/ir_base/share/ir_base/models/install/.colcon_install_layout
[0.869s] -- Installing: /home/prakash/ws_8_assignments/install/ir_base/share/ir_base/models/install/local_setup.ps1
[0.869s] -- Installing: /home/prakash/ws_8_assignments/install/ir_base/share/ir_base/models/install/_local_setup_util_sh.py
[0.870s] -- Installing: /home/prakash/ws_8_assignments/install/ir_base/share/ir_base/models/install/local_setup.sh
[0.870s] -- Installing: /home/prakash/ws_8_assignments/install/ir_base/share/ir_base/models/install/setup.zsh
[0.870s] -- Installing: /home/prakash/ws_8_assignments/install/ir_base/share/ir_base/models/install/COLCON_IGNORE
[0.870s] -- Installing: /home/prakash/ws_8_assignments/install/ir_base/share/ir_base/models/install/setup.bash
[0.870s] -- Installing: /home/prakash/ws_8_assignments/install/ir_base/share/ir_base/models/install/_local_setup_util_ps1.py
[0.870s] -- Installing: /home/prakash/ws_8_assignments/install/ir_base/share/ir_base/models/install/local_setup.bash
[0.871s] -- Installing: /home/prakash/ws_8_assignments/install/ir_base/share/ir_base/models/artag
[0.871s] -- Installing: /home/prakash/ws_8_assignments/install/ir_base/share/ir_base/models/artag/model.sdf
[0.872s] -- Installing: /home/prakash/ws_8_assignments/install/ir_base/share/ir_base/models/artag/materials
[0.872s] -- Installing: /home/prakash/ws_8_assignments/install/ir_base/share/ir_base/models/artag/materials/scripts
[0.872s] -- Installing: /home/prakash/ws_8_assignments/install/ir_base/share/ir_base/models/artag/materials/scripts/artag9.material
[0.872s] -- Installing: /home/prakash/ws_8_assignments/install/ir_base/share/ir_base/models/artag/materials/scripts/artag4.material
[0.872s] -- Installing: /home/prakash/ws_8_assignments/install/ir_base/share/ir_base/models/artag/materials/scripts/artag5.material
[0.872s] -- Installing: /home/prakash/ws_8_assignments/install/ir_base/share/ir_base/models/artag/materials/scripts/artag6.material
[0.872s] -- Installing: /home/prakash/ws_8_assignments/install/ir_base/share/ir_base/models/artag/materials/scripts/artag12.material
[0.872s] -- Installing: /home/prakash/ws_8_assignments/install/ir_base/share/ir_base/models/artag/materials/scripts/artag3.material
[0.872s] -- Installing: /home/prakash/ws_8_assignments/install/ir_base/share/ir_base/models/artag/materials/scripts/artag0.material
[0.873s] -- Installing: /home/prakash/ws_8_assignments/install/ir_base/share/ir_base/models/artag/materials/scripts/artag7.material
[0.873s] -- Installing: /home/prakash/ws_8_assignments/install/ir_base/share/ir_base/models/artag/materials/scripts/artag14.material
[0.873s] -- Installing: /home/prakash/ws_8_assignments/install/ir_base/share/ir_base/models/artag/materials/scripts/artag8.material
[0.873s] -- Installing: /home/prakash/ws_8_assignments/install/ir_base/share/ir_base/models/artag/materials/scripts/artag11.material
[0.873s] -- Installing: /home/prakash/ws_8_assignments/install/ir_base/share/ir_base/models/artag/materials/scripts/artag2.material
[0.874s] -- Installing: /home/prakash/ws_8_assignments/install/ir_base/share/ir_base/models/artag/materials/scripts/artag10.material
[0.874s] -- Installing: /home/prakash/ws_8_assignments/install/ir_base/share/ir_base/models/artag/materials/scripts/artag1.material
[0.874s] -- Installing: /home/prakash/ws_8_assignments/install/ir_base/share/ir_base/models/artag/materials/scripts/artag13.material
[0.874s] -- Installing: /home/prakash/ws_8_assignments/install/ir_base/share/ir_base/models/artag/materials/scripts/artag15.material
[0.874s] -- Installing: /home/prakash/ws_8_assignments/install/ir_base/share/ir_base/models/artag/materials/textures
[0.874s] -- Installing: /home/prakash/ws_8_assignments/install/ir_base/share/ir_base/models/artag/materials/textures/tag36_11_00014.png
[0.875s] -- Installing: /home/prakash/ws_8_assignments/install/ir_base/share/ir_base/models/artag/materials/textures/tag36_11_00101.png
[0.875s] -- Installing: /home/prakash/ws_8_assignments/install/ir_base/share/ir_base/models/artag/materials/textures/tag36_11_00015.png
[0.875s] -- Installing: /home/prakash/ws_8_assignments/install/ir_base/share/ir_base/models/artag/materials/textures/tag36_11_00003.png
[0.875s] -- Installing: /home/prakash/ws_8_assignments/install/ir_base/share/ir_base/models/artag/materials/textures/tag36_11_00010.png
[0.876s] -- Installing: /home/prakash/ws_8_assignments/install/ir_base/share/ir_base/models/artag/materials/textures/tag36_11_00006.png
[0.876s] -- Installing: /home/prakash/ws_8_assignments/install/ir_base/share/ir_base/models/artag/materials/textures/tag36_11_00013.png
[0.876s] -- Installing: /home/prakash/ws_8_assignments/install/ir_base/share/ir_base/models/artag/materials/textures/tag36_11_00012.png
[0.877s] -- Installing: /home/prakash/ws_8_assignments/install/ir_base/share/ir_base/models/artag/materials/textures/tag36_11_00005.png
[0.877s] -- Installing: /home/prakash/ws_8_assignments/install/ir_base/share/ir_base/models/artag/materials/textures/tag36_11_00007.png
[0.877s] -- Installing: /home/prakash/ws_8_assignments/install/ir_base/share/ir_base/models/artag/materials/textures/tag36_11_00008.png
[0.877s] -- Installing: /home/prakash/ws_8_assignments/install/ir_base/share/ir_base/models/artag/materials/textures/tag36_11_00002.png
[0.878s] -- Installing: /home/prakash/ws_8_assignments/install/ir_base/share/ir_base/models/artag/materials/textures/tag36_11_00100.png
[0.878s] -- Installing: /home/prakash/ws_8_assignments/install/ir_base/share/ir_base/models/artag/materials/textures/tag36_11_00011.png
[0.878s] -- Installing: /home/prakash/ws_8_assignments/install/ir_base/share/ir_base/models/artag/materials/textures/tag36_11_00000.png
[0.879s] -- Installing: /home/prakash/ws_8_assignments/install/ir_base/share/ir_base/models/artag/materials/textures/tag36_11_00004.png
[0.879s] -- Installing: /home/prakash/ws_8_assignments/install/ir_base/share/ir_base/models/artag/materials/textures/tag36_11_00009.png
[0.879s] -- Installing: /home/prakash/ws_8_assignments/install/ir_base/share/ir_base/models/artag/materials/textures/tag36_11_00001.png
[0.879s] -- Installing: /home/prakash/ws_8_assignments/install/ir_base/share/ir_base/models/artag/model.config
[0.879s] -- Installing: /home/prakash/ws_8_assignments/install/ir_base/share/ir_base/models/docks
[0.880s] -- Installing: /home/prakash/ws_8_assignments/install/ir_base/share/ir_base/models/docks/unloading_station_0
[0.880s] -- Installing: /home/prakash/ws_8_assignments/install/ir_base/share/ir_base/models/docks/unloading_station_0/model.sdf
[0.880s] -- Installing: /home/prakash/ws_8_assignments/install/ir_base/share/ir_base/models/docks/unloading_station_0/model.config
[0.880s] -- Installing: /home/prakash/ws_8_assignments/install/ir_base/share/ir_base/models/docks/loading_station_1
[0.880s] -- Installing: /home/prakash/ws_8_assignments/install/ir_base/share/ir_base/models/docks/loading_station_1/model.sdf
[0.881s] -- Installing: /home/prakash/ws_8_assignments/install/ir_base/share/ir_base/models/docks/loading_station_1/model.config
[0.881s] -- Installing: /home/prakash/ws_8_assignments/install/ir_base/share/ir_base/models/docks/loading_station_0
[0.881s] -- Installing: /home/prakash/ws_8_assignments/install/ir_base/share/ir_base/models/docks/loading_station_0/model.sdf
[0.881s] -- Installing: /home/prakash/ws_8_assignments/install/ir_base/share/ir_base/models/docks/loading_station_0/model.config
[0.881s] -- Installing: /home/prakash/ws_8_assignments/install/ir_base/share/ir_base/models/log
[0.881s] -- Installing: /home/prakash/ws_8_assignments/install/ir_base/share/ir_base/models/log/build_2025-09-05_11-54-02
[0.881s] -- Installing: /home/prakash/ws_8_assignments/install/ir_base/share/ir_base/models/log/build_2025-09-05_11-54-02/logger_all.log
[0.882s] -- Installing: /home/prakash/ws_8_assignments/install/ir_base/share/ir_base/models/log/build_2025-09-05_11-54-02/events.log
[0.882s] -- Installing: /home/prakash/ws_8_assignments/install/ir_base/share/ir_base/models/log/latest_build
[0.882s] -- Installing: /home/prakash/ws_8_assignments/install/ir_base/share/ir_base/models/log/build_2025-09-05_12-17-19
[0.882s] -- Installing: /home/prakash/ws_8_assignments/install/ir_base/share/ir_base/models/log/build_2025-09-05_12-17-19/logger_all.log
[0.882s] -- Installing: /home/prakash/ws_8_assignments/install/ir_base/share/ir_base/models/log/build_2025-09-05_12-17-19/events.log
[0.882s] -- Installing: /home/prakash/ws_8_assignments/install/ir_base/share/ir_base/models/log/build_2025-09-05_12-23-38
[0.882s] -- Installing: /home/prakash/ws_8_assignments/install/ir_base/share/ir_base/models/log/build_2025-09-05_12-23-38/logger_all.log
[0.883s] -- Installing: /home/prakash/ws_8_assignments/install/ir_base/share/ir_base/models/log/build_2025-09-05_12-23-38/events.log
[0.883s] -- Installing: /home/prakash/ws_8_assignments/install/ir_base/share/ir_base/models/log/build_2025-09-05_12-04-38
[0.883s] -- Installing: /home/prakash/ws_8_assignments/install/ir_base/share/ir_base/models/log/build_2025-09-05_12-04-38/logger_all.log
[0.883s] -- Installing: /home/prakash/ws_8_assignments/install/ir_base/share/ir_base/models/log/build_2025-09-05_12-04-38/events.log
[0.884s] -- Installing: /home/prakash/ws_8_assignments/install/ir_base/share/ir_base/models/log/COLCON_IGNORE
[0.884s] -- Installing: /home/prakash/ws_8_assignments/install/ir_base/share/ir_base/models/log/build_2025-09-05_12-40-06
[0.884s] -- Installing: /home/prakash/ws_8_assignments/install/ir_base/share/ir_base/models/log/build_2025-09-05_12-40-06/logger_all.log
[0.884s] -- Installing: /home/prakash/ws_8_assignments/install/ir_base/share/ir_base/models/log/build_2025-09-05_12-40-06/events.log
[0.884s] -- Installing: /home/prakash/ws_8_assignments/install/ir_base/share/ir_base/models/log/build_2025-09-05_12-15-26
[0.884s] -- Installing: /home/prakash/ws_8_assignments/install/ir_base/share/ir_base/models/log/build_2025-09-05_12-15-26/logger_all.log
[0.885s] -- Installing: /home/prakash/ws_8_assignments/install/ir_base/share/ir_base/models/log/build_2025-09-05_12-15-26/events.log
[0.885s] -- Installing: /home/prakash/ws_8_assignments/install/ir_base/share/ir_base/models/log/build_2025-09-05_12-03-44
[0.885s] -- Installing: /home/prakash/ws_8_assignments/install/ir_base/share/ir_base/models/log/build_2025-09-05_12-03-44/logger_all.log
[0.885s] -- Installing: /home/prakash/ws_8_assignments/install/ir_base/share/ir_base/models/log/build_2025-09-05_12-03-44/events.log
[0.886s] -- Installing: /home/prakash/ws_8_assignments/install/ir_base/share/ir_base/models/log/build_2025-09-05_12-40-26
[0.887s] -- Installing: /home/prakash/ws_8_assignments/install/ir_base/share/ir_base/models/log/build_2025-09-05_12-40-26/logger_all.log
[0.887s] -- Installing: /home/prakash/ws_8_assignments/install/ir_base/share/ir_base/models/log/build_2025-09-05_12-40-26/events.log
[0.887s] -- Installing: /home/prakash/ws_8_assignments/install/ir_base/share/ir_base/models/log/build_2025-09-05_12-18-28
[0.887s] -- Installing: /home/prakash/ws_8_assignments/install/ir_base/share/ir_base/models/log/build_2025-09-05_12-18-28/logger_all.log
[0.887s] -- Installing: /home/prakash/ws_8_assignments/install/ir_base/share/ir_base/models/log/build_2025-09-05_12-18-28/events.log
[0.887s] -- Installing: /home/prakash/ws_8_assignments/install/ir_base/share/ir_base/models/log/latest
[0.887s] -- Installing: /home/prakash/ws_8_assignments/install/ir_base/share/ir_base/models/build
[0.887s] -- Installing: /home/prakash/ws_8_assignments/install/ir_base/share/ir_base/models/build/COLCON_IGNORE
[0.887s] -- Installing: /home/prakash/ws_8_assignments/install/ir_base/share/ir_base/models/build/.built_by
[0.887s] -- Installing: /home/prakash/ws_8_assignments/install/ir_base/share/ir_base/models/cafe_table
[0.888s] -- Installing: /home/prakash/ws_8_assignments/install/ir_base/share/ir_base/models/cafe_table/model.sdf
[0.888s] -- Installing: /home/prakash/ws_8_assignments/install/ir_base/share/ir_base/models/cafe_table/materials
[0.888s] -- Installing: /home/prakash/ws_8_assignments/install/ir_base/share/ir_base/models/cafe_table/materials/textures
[0.888s] -- Installing: /home/prakash/ws_8_assignments/install/ir_base/share/ir_base/models/cafe_table/materials/textures/Wood_Floor_Dark.jpg
[0.888s] -- Installing: /home/prakash/ws_8_assignments/install/ir_base/share/ir_base/models/cafe_table/materials/textures/Maple.jpg
[0.888s] -- Installing: /home/prakash/ws_8_assignments/install/ir_base/share/ir_base/models/cafe_table/meshes
[0.889s] -- Installing: /home/prakash/ws_8_assignments/install/ir_base/share/ir_base/models/cafe_table/meshes/cafe_table.dae
[0.889s] -- Installing: /home/prakash/ws_8_assignments/install/ir_base/share/ir_base/models/cafe_table/model-1_4.sdf
[0.889s] -- Installing: /home/prakash/ws_8_assignments/install/ir_base/share/ir_base/models/cafe_table/model.config
[0.889s] -- Installing: /home/prakash/ws_8_assignments/install/ir_base/share/ir_base/models/objects
[0.889s] -- Installing: /home/prakash/ws_8_assignments/install/ir_base/share/ir_base/models/objects/OctagonBig
[0.890s] -- Installing: /home/prakash/ws_8_assignments/install/ir_base/share/ir_base/models/objects/OctagonBig/model.sdf
[0.890s] -- Installing: /home/prakash/ws_8_assignments/install/ir_base/share/ir_base/models/objects/OctagonBig/meshes
[0.890s] -- Installing: /home/prakash/ws_8_assignments/install/ir_base/share/ir_base/models/objects/OctagonBig/meshes/octagon_big.dae
[0.890s] -- Installing: /home/prakash/ws_8_assignments/install/ir_base/share/ir_base/models/objects/OctagonBig/model.config
[0.890s] -- Installing: /home/prakash/ws_8_assignments/install/ir_base/share/ir_base/models/objects/Hexagon
[0.890s] -- Installing: /home/prakash/ws_8_assignments/install/ir_base/share/ir_base/models/objects/Hexagon/model.sdf
[0.891s] -- Installing: /home/prakash/ws_8_assignments/install/ir_base/share/ir_base/models/objects/Hexagon/meshes
[0.891s] -- Installing: /home/prakash/ws_8_assignments/install/ir_base/share/ir_base/models/objects/Hexagon/meshes/hexagon.dae
[0.891s] -- Installing: /home/prakash/ws_8_assignments/install/ir_base/share/ir_base/models/objects/Hexagon/model.config
[0.891s] -- Installing: /home/prakash/ws_8_assignments/install/ir_base/share/ir_base/models/objects/Triangle
[0.891s] -- Installing: /home/prakash/ws_8_assignments/install/ir_base/share/ir_base/models/objects/Triangle/model.sdf
[0.891s] -- Installing: /home/prakash/ws_8_assignments/install/ir_base/share/ir_base/models/objects/Triangle/meshes
[0.891s] -- Installing: /home/prakash/ws_8_assignments/install/ir_base/share/ir_base/models/objects/Triangle/meshes/triangle.dae
[0.892s] -- Installing: /home/prakash/ws_8_assignments/install/ir_base/share/ir_base/models/objects/Triangle/meshes/triangle_centered.stl
[0.892s] -- Installing: /home/prakash/ws_8_assignments/install/ir_base/share/ir_base/models/objects/Triangle/model.config
[0.892s] -- Installing: /home/prakash/ws_8_assignments/install/ir_base/share/ir_base/models/objects/OctagonSmall
[0.892s] -- Installing: /home/prakash/ws_8_assignments/install/ir_base/share/ir_base/models/objects/OctagonSmall/model.sdf
[0.893s] -- Installing: /home/prakash/ws_8_assignments/install/ir_base/share/ir_base/models/objects/OctagonSmall/meshes
[0.893s] -- Installing: /home/prakash/ws_8_assignments/install/ir_base/share/ir_base/models/objects/OctagonSmall/meshes/octagon_small.dae
[0.893s] -- Installing: /home/prakash/ws_8_assignments/install/ir_base/share/ir_base/models/objects/OctagonSmall/model.config
[0.893s] -- Installing: /home/prakash/ws_8_assignments/install/ir_base/share/ir_base/models/walls
[0.893s] -- Installing: /home/prakash/ws_8_assignments/install/ir_base/share/ir_base/models/walls/arena_walls
[0.893s] -- Installing: /home/prakash/ws_8_assignments/install/ir_base/share/ir_base/models/walls/arena_walls/model.sdf
[0.893s] -- Installing: /home/prakash/ws_8_assignments/install/ir_base/share/ir_base/models/walls/arena_walls/meshes
[0.893s] -- Installing: /home/prakash/ws_8_assignments/install/ir_base/share/ir_base/models/walls/arena_walls/meshes/arena.dae
[0.894s] -- Installing: /home/prakash/ws_8_assignments/install/ir_base/share/ir_base/models/walls/arena_walls/model.config
[0.894s] -- Installing: /home/prakash/ws_8_assignments/install/ir_base/share/ir_base/rviz
[0.894s] -- Installing: /home/prakash/ws_8_assignments/install/ir_base/share/ir_base/rviz/exercise_4.rviz
[0.894s] -- Installing: /home/prakash/ws_8_assignments/install/ir_base/share/ir_base/urdf
[0.894s] -- Installing: /home/prakash/ws_8_assignments/install/ir_base/share/ir_base/urdf/camera.urdf
[0.894s] -- Installing: /home/prakash/ws_8_assignments/install/ir_base/share/ir_base/urdf/turtlebot3_waffle.urdf
[0.900s] Invoked command in '/home/prakash/ws_8_assignments/build/ir_base' returned '0': CMAKE_PREFIX_PATH=${CMAKE_PREFIX_PATH}:/opt/ros/jazzy DEBUGINFOD_URLS=https://debuginfod.ubuntu.com /usr/bin/cmake --install /home/prakash/ws_8_assignments/build/ir_base
