[0.153s] DEBUG:colcon:Command line arguments: ['/usr/bin/colcon', 'build']
[0.153s] DEBUG:colcon:Parsed command line arguments: Namespace(log_base=None, log_level=None, verb_name='build', build_base='build', install_base='install', merge_install=False, symlink_install=False, test_result_base=None, continue_on_error=False, executor='parallel', parallel_workers=16, event_handlers=None, ignore_user_meta=False, metas=['./colcon.meta'], base_paths=['.'], packages_ignore=None, packages_ignore_regex=None, paths=None, packages_up_to=None, packages_up_to_regex=None, packages_above=None, packages_above_and_dependencies=None, packages_above_depth=None, packages_select_by_dep=None, packages_skip_by_dep=None, packages_skip_up_to=None, packages_select_build_failed=False, packages_skip_build_finished=False, packages_select_test_failures=False, packages_skip_test_passed=False, packages_select=None, packages_skip=None, packages_select_regex=None, packages_skip_regex=None, packages_start=None, packages_end=None, allow_overriding=[], cmake_args=None, cmake_target=None, cmake_target_skip_unavailable=False, cmake_clean_cache=False, cmake_clean_first=False, cmake_force_configure=False, ament_cmake_args=None, catkin_cmake_args=None, catkin_skip_building_tests=False, mixin_files=None, mixin=None, verb_parser=<colcon_mixin.mixin.mixin_argument.MixinArgumentDecorator object at 0x7febfa432e10>, verb_extension=<colcon_core.verb.build.BuildVerb object at 0x7febfa777320>, main=<bound method BuildVerb.main of <colcon_core.verb.build.BuildVerb object at 0x7febfa777320>>, mixin_verb=('build',))
[0.201s] Level 1:colcon.colcon_core.package_discovery:discover_packages(colcon_meta) check parameters
[0.201s] Level 1:colcon.colcon_core.package_discovery:discover_packages(recursive) check parameters
[0.201s] Level 1:colcon.colcon_core.package_discovery:discover_packages(ignore) check parameters
[0.201s] Level 1:colcon.colcon_core.package_discovery:discover_packages(path) check parameters
[0.201s] Level 1:colcon.colcon_core.package_discovery:discover_packages(colcon_meta) discover
[0.202s] Level 1:colcon.colcon_core.package_discovery:discover_packages(recursive) discover
[0.202s] INFO:colcon.colcon_core.package_discovery:Crawling recursively for packages in '/var/home/piero/Projects/ros2/ir_ws_with_anna/src/ir_2526/ir_base/models'
[0.202s] Level 1:colcon.colcon_core.package_identification:_identify(.) by extensions ['ignore', 'ignore_ament_install']
[0.202s] Level 1:colcon.colcon_core.package_identification:_identify(.) by extension 'ignore'
[0.202s] Level 1:colcon.colcon_core.package_identification:_identify(.) by extension 'ignore_ament_install'
[0.202s] Level 1:colcon.colcon_core.package_identification:_identify(.) by extensions ['colcon_pkg']
[0.202s] Level 1:colcon.colcon_core.package_identification:_identify(.) by extension 'colcon_pkg'
[0.202s] Level 1:colcon.colcon_core.package_identification:_identify(.) by extensions ['colcon_meta']
[0.202s] Level 1:colcon.colcon_core.package_identification:_identify(.) by extension 'colcon_meta'
[0.202s] Level 1:colcon.colcon_core.package_identification:_identify(.) by extensions ['ros']
[0.202s] Level 1:colcon.colcon_core.package_identification:_identify(.) by extension 'ros'
[0.232s] Level 1:colcon.colcon_core.package_identification:_identify(.) by extensions ['cmake', 'python']
[0.233s] Level 1:colcon.colcon_core.package_identification:_identify(.) by extension 'cmake'
[0.233s] Level 1:colcon.colcon_core.package_identification:_identify(.) by extension 'python'
[0.233s] Level 1:colcon.colcon_core.package_identification:_identify(.) by extensions ['python_setup_py']
[0.233s] Level 1:colcon.colcon_core.package_identification:_identify(.) by extension 'python_setup_py'
[0.233s] Level 1:colcon.colcon_core.package_identification:_identify(artag) by extensions ['ignore', 'ignore_ament_install']
[0.233s] Level 1:colcon.colcon_core.package_identification:_identify(artag) by extension 'ignore'
[0.233s] Level 1:colcon.colcon_core.package_identification:_identify(artag) by extension 'ignore_ament_install'
[0.233s] Level 1:colcon.colcon_core.package_identification:_identify(artag) by extensions ['colcon_pkg']
[0.233s] Level 1:colcon.colcon_core.package_identification:_identify(artag) by extension 'colcon_pkg'
[0.233s] Level 1:colcon.colcon_core.package_identification:_identify(artag) by extensions ['colcon_meta']
[0.233s] Level 1:colcon.colcon_core.package_identification:_identify(artag) by extension 'colcon_meta'
[0.233s] Level 1:colcon.colcon_core.package_identification:_identify(artag) by extensions ['ros']
[0.233s] Level 1:colcon.colcon_core.package_identification:_identify(artag) by extension 'ros'
[0.233s] Level 1:colcon.colcon_core.package_identification:_identify(artag) by extensions ['cmake', 'python']
[0.233s] Level 1:colcon.colcon_core.package_identification:_identify(artag) by extension 'cmake'
[0.233s] Level 1:colcon.colcon_core.package_identification:_identify(artag) by extension 'python'
[0.233s] Level 1:colcon.colcon_core.package_identification:_identify(artag) by extensions ['python_setup_py']
[0.233s] Level 1:colcon.colcon_core.package_identification:_identify(artag) by extension 'python_setup_py'
[0.234s] Level 1:colcon.colcon_core.package_identification:_identify(artag/materials) by extensions ['ignore', 'ignore_ament_install']
[0.234s] Level 1:colcon.colcon_core.package_identification:_identify(artag/materials) by extension 'ignore'
[0.234s] Level 1:colcon.colcon_core.package_identification:_identify(artag/materials) by extension 'ignore_ament_install'
[0.234s] Level 1:colcon.colcon_core.package_identification:_identify(artag/materials) by extensions ['colcon_pkg']
[0.234s] Level 1:colcon.colcon_core.package_identification:_identify(artag/materials) by extension 'colcon_pkg'
[0.234s] Level 1:colcon.colcon_core.package_identification:_identify(artag/materials) by extensions ['colcon_meta']
[0.234s] Level 1:colcon.colcon_core.package_identification:_identify(artag/materials) by extension 'colcon_meta'
[0.234s] Level 1:colcon.colcon_core.package_identification:_identify(artag/materials) by extensions ['ros']
[0.234s] Level 1:colcon.colcon_core.package_identification:_identify(artag/materials) by extension 'ros'
[0.234s] Level 1:colcon.colcon_core.package_identification:_identify(artag/materials) by extensions ['cmake', 'python']
[0.234s] Level 1:colcon.colcon_core.package_identification:_identify(artag/materials) by extension 'cmake'
[0.234s] Level 1:colcon.colcon_core.package_identification:_identify(artag/materials) by extension 'python'
[0.234s] Level 1:colcon.colcon_core.package_identification:_identify(artag/materials) by extensions ['python_setup_py']
[0.234s] Level 1:colcon.colcon_core.package_identification:_identify(artag/materials) by extension 'python_setup_py'
[0.234s] Level 1:colcon.colcon_core.package_identification:_identify(artag/materials/scripts) by extensions ['ignore', 'ignore_ament_install']
[0.234s] Level 1:colcon.colcon_core.package_identification:_identify(artag/materials/scripts) by extension 'ignore'
[0.234s] Level 1:colcon.colcon_core.package_identification:_identify(artag/materials/scripts) by extension 'ignore_ament_install'
[0.234s] Level 1:colcon.colcon_core.package_identification:_identify(artag/materials/scripts) by extensions ['colcon_pkg']
[0.234s] Level 1:colcon.colcon_core.package_identification:_identify(artag/materials/scripts) by extension 'colcon_pkg'
[0.234s] Level 1:colcon.colcon_core.package_identification:_identify(artag/materials/scripts) by extensions ['colcon_meta']
[0.234s] Level 1:colcon.colcon_core.package_identification:_identify(artag/materials/scripts) by extension 'colcon_meta'
[0.234s] Level 1:colcon.colcon_core.package_identification:_identify(artag/materials/scripts) by extensions ['ros']
[0.234s] Level 1:colcon.colcon_core.package_identification:_identify(artag/materials/scripts) by extension 'ros'
[0.234s] Level 1:colcon.colcon_core.package_identification:_identify(artag/materials/scripts) by extensions ['cmake', 'python']
[0.234s] Level 1:colcon.colcon_core.package_identification:_identify(artag/materials/scripts) by extension 'cmake'
[0.234s] Level 1:colcon.colcon_core.package_identification:_identify(artag/materials/scripts) by extension 'python'
[0.234s] Level 1:colcon.colcon_core.package_identification:_identify(artag/materials/scripts) by extensions ['python_setup_py']
[0.234s] Level 1:colcon.colcon_core.package_identification:_identify(artag/materials/scripts) by extension 'python_setup_py'
[0.234s] Level 1:colcon.colcon_core.package_identification:_identify(artag/materials/textures) by extensions ['ignore', 'ignore_ament_install']
[0.235s] Level 1:colcon.colcon_core.package_identification:_identify(artag/materials/textures) by extension 'ignore'
[0.235s] Level 1:colcon.colcon_core.package_identification:_identify(artag/materials/textures) by extension 'ignore_ament_install'
[0.235s] Level 1:colcon.colcon_core.package_identification:_identify(artag/materials/textures) by extensions ['colcon_pkg']
[0.235s] Level 1:colcon.colcon_core.package_identification:_identify(artag/materials/textures) by extension 'colcon_pkg'
[0.235s] Level 1:colcon.colcon_core.package_identification:_identify(artag/materials/textures) by extensions ['colcon_meta']
[0.235s] Level 1:colcon.colcon_core.package_identification:_identify(artag/materials/textures) by extension 'colcon_meta'
[0.235s] Level 1:colcon.colcon_core.package_identification:_identify(artag/materials/textures) by extensions ['ros']
[0.235s] Level 1:colcon.colcon_core.package_identification:_identify(artag/materials/textures) by extension 'ros'
[0.235s] Level 1:colcon.colcon_core.package_identification:_identify(artag/materials/textures) by extensions ['cmake', 'python']
[0.235s] Level 1:colcon.colcon_core.package_identification:_identify(artag/materials/textures) by extension 'cmake'
[0.235s] Level 1:colcon.colcon_core.package_identification:_identify(artag/materials/textures) by extension 'python'
[0.235s] Level 1:colcon.colcon_core.package_identification:_identify(artag/materials/textures) by extensions ['python_setup_py']
[0.235s] Level 1:colcon.colcon_core.package_identification:_identify(artag/materials/textures) by extension 'python_setup_py'
[0.235s] Level 1:colcon.colcon_core.package_identification:_identify(build) by extensions ['ignore', 'ignore_ament_install']
[0.235s] Level 1:colcon.colcon_core.package_identification:_identify(build) by extension 'ignore'
[0.235s] Level 1:colcon.colcon_core.package_identification:_identify(build) ignored
[0.235s] Level 1:colcon.colcon_core.package_identification:_identify(cafe_table) by extensions ['ignore', 'ignore_ament_install']
[0.235s] Level 1:colcon.colcon_core.package_identification:_identify(cafe_table) by extension 'ignore'
[0.235s] Level 1:colcon.colcon_core.package_identification:_identify(cafe_table) by extension 'ignore_ament_install'
[0.235s] Level 1:colcon.colcon_core.package_identification:_identify(cafe_table) by extensions ['colcon_pkg']
[0.235s] Level 1:colcon.colcon_core.package_identification:_identify(cafe_table) by extension 'colcon_pkg'
[0.235s] Level 1:colcon.colcon_core.package_identification:_identify(cafe_table) by extensions ['colcon_meta']
[0.235s] Level 1:colcon.colcon_core.package_identification:_identify(cafe_table) by extension 'colcon_meta'
[0.235s] Level 1:colcon.colcon_core.package_identification:_identify(cafe_table) by extensions ['ros']
[0.235s] Level 1:colcon.colcon_core.package_identification:_identify(cafe_table) by extension 'ros'
[0.235s] Level 1:colcon.colcon_core.package_identification:_identify(cafe_table) by extensions ['cmake', 'python']
[0.235s] Level 1:colcon.colcon_core.package_identification:_identify(cafe_table) by extension 'cmake'
[0.235s] Level 1:colcon.colcon_core.package_identification:_identify(cafe_table) by extension 'python'
[0.235s] Level 1:colcon.colcon_core.package_identification:_identify(cafe_table) by extensions ['python_setup_py']
[0.235s] Level 1:colcon.colcon_core.package_identification:_identify(cafe_table) by extension 'python_setup_py'
[0.235s] Level 1:colcon.colcon_core.package_identification:_identify(cafe_table/materials) by extensions ['ignore', 'ignore_ament_install']
[0.236s] Level 1:colcon.colcon_core.package_identification:_identify(cafe_table/materials) by extension 'ignore'
[0.236s] Level 1:colcon.colcon_core.package_identification:_identify(cafe_table/materials) by extension 'ignore_ament_install'
[0.236s] Level 1:colcon.colcon_core.package_identification:_identify(cafe_table/materials) by extensions ['colcon_pkg']
[0.236s] Level 1:colcon.colcon_core.package_identification:_identify(cafe_table/materials) by extension 'colcon_pkg'
[0.236s] Level 1:colcon.colcon_core.package_identification:_identify(cafe_table/materials) by extensions ['colcon_meta']
[0.236s] Level 1:colcon.colcon_core.package_identification:_identify(cafe_table/materials) by extension 'colcon_meta'
[0.236s] Level 1:colcon.colcon_core.package_identification:_identify(cafe_table/materials) by extensions ['ros']
[0.236s] Level 1:colcon.colcon_core.package_identification:_identify(cafe_table/materials) by extension 'ros'
[0.236s] Level 1:colcon.colcon_core.package_identification:_identify(cafe_table/materials) by extensions ['cmake', 'python']
[0.236s] Level 1:colcon.colcon_core.package_identification:_identify(cafe_table/materials) by extension 'cmake'
[0.236s] Level 1:colcon.colcon_core.package_identification:_identify(cafe_table/materials) by extension 'python'
[0.236s] Level 1:colcon.colcon_core.package_identification:_identify(cafe_table/materials) by extensions ['python_setup_py']
[0.236s] Level 1:colcon.colcon_core.package_identification:_identify(cafe_table/materials) by extension 'python_setup_py'
[0.236s] Level 1:colcon.colcon_core.package_identification:_identify(cafe_table/materials/textures) by extensions ['ignore', 'ignore_ament_install']
[0.236s] Level 1:colcon.colcon_core.package_identification:_identify(cafe_table/materials/textures) by extension 'ignore'
[0.236s] Level 1:colcon.colcon_core.package_identification:_identify(cafe_table/materials/textures) by extension 'ignore_ament_install'
[0.236s] Level 1:colcon.colcon_core.package_identification:_identify(cafe_table/materials/textures) by extensions ['colcon_pkg']
[0.236s] Level 1:colcon.colcon_core.package_identification:_identify(cafe_table/materials/textures) by extension 'colcon_pkg'
[0.236s] Level 1:colcon.colcon_core.package_identification:_identify(cafe_table/materials/textures) by extensions ['colcon_meta']
[0.236s] Level 1:colcon.colcon_core.package_identification:_identify(cafe_table/materials/textures) by extension 'colcon_meta'
[0.236s] Level 1:colcon.colcon_core.package_identification:_identify(cafe_table/materials/textures) by extensions ['ros']
[0.236s] Level 1:colcon.colcon_core.package_identification:_identify(cafe_table/materials/textures) by extension 'ros'
[0.236s] Level 1:colcon.colcon_core.package_identification:_identify(cafe_table/materials/textures) by extensions ['cmake', 'python']
[0.236s] Level 1:colcon.colcon_core.package_identification:_identify(cafe_table/materials/textures) by extension 'cmake'
[0.236s] Level 1:colcon.colcon_core.package_identification:_identify(cafe_table/materials/textures) by extension 'python'
[0.236s] Level 1:colcon.colcon_core.package_identification:_identify(cafe_table/materials/textures) by extensions ['python_setup_py']
[0.236s] Level 1:colcon.colcon_core.package_identification:_identify(cafe_table/materials/textures) by extension 'python_setup_py'
[0.236s] Level 1:colcon.colcon_core.package_identification:_identify(cafe_table/meshes) by extensions ['ignore', 'ignore_ament_install']
[0.236s] Level 1:colcon.colcon_core.package_identification:_identify(cafe_table/meshes) by extension 'ignore'
[0.236s] Level 1:colcon.colcon_core.package_identification:_identify(cafe_table/meshes) by extension 'ignore_ament_install'
[0.236s] Level 1:colcon.colcon_core.package_identification:_identify(cafe_table/meshes) by extensions ['colcon_pkg']
[0.236s] Level 1:colcon.colcon_core.package_identification:_identify(cafe_table/meshes) by extension 'colcon_pkg'
[0.236s] Level 1:colcon.colcon_core.package_identification:_identify(cafe_table/meshes) by extensions ['colcon_meta']
[0.236s] Level 1:colcon.colcon_core.package_identification:_identify(cafe_table/meshes) by extension 'colcon_meta'
[0.236s] Level 1:colcon.colcon_core.package_identification:_identify(cafe_table/meshes) by extensions ['ros']
[0.236s] Level 1:colcon.colcon_core.package_identification:_identify(cafe_table/meshes) by extension 'ros'
[0.237s] Level 1:colcon.colcon_core.package_identification:_identify(cafe_table/meshes) by extensions ['cmake', 'python']
[0.237s] Level 1:colcon.colcon_core.package_identification:_identify(cafe_table/meshes) by extension 'cmake'
[0.237s] Level 1:colcon.colcon_core.package_identification:_identify(cafe_table/meshes) by extension 'python'
[0.237s] Level 1:colcon.colcon_core.package_identification:_identify(cafe_table/meshes) by extensions ['python_setup_py']
[0.237s] Level 1:colcon.colcon_core.package_identification:_identify(cafe_table/meshes) by extension 'python_setup_py'
[0.237s] Level 1:colcon.colcon_core.package_identification:_identify(docks) by extensions ['ignore', 'ignore_ament_install']
[0.237s] Level 1:colcon.colcon_core.package_identification:_identify(docks) by extension 'ignore'
[0.237s] Level 1:colcon.colcon_core.package_identification:_identify(docks) by extension 'ignore_ament_install'
[0.237s] Level 1:colcon.colcon_core.package_identification:_identify(docks) by extensions ['colcon_pkg']
[0.237s] Level 1:colcon.colcon_core.package_identification:_identify(docks) by extension 'colcon_pkg'
[0.237s] Level 1:colcon.colcon_core.package_identification:_identify(docks) by extensions ['colcon_meta']
[0.237s] Level 1:colcon.colcon_core.package_identification:_identify(docks) by extension 'colcon_meta'
[0.237s] Level 1:colcon.colcon_core.package_identification:_identify(docks) by extensions ['ros']
[0.237s] Level 1:colcon.colcon_core.package_identification:_identify(docks) by extension 'ros'
[0.237s] Level 1:colcon.colcon_core.package_identification:_identify(docks) by extensions ['cmake', 'python']
[0.237s] Level 1:colcon.colcon_core.package_identification:_identify(docks) by extension 'cmake'
[0.237s] Level 1:colcon.colcon_core.package_identification:_identify(docks) by extension 'python'
[0.237s] Level 1:colcon.colcon_core.package_identification:_identify(docks) by extensions ['python_setup_py']
[0.237s] Level 1:colcon.colcon_core.package_identification:_identify(docks) by extension 'python_setup_py'
[0.237s] Level 1:colcon.colcon_core.package_identification:_identify(docks/loading_station_0) by extensions ['ignore', 'ignore_ament_install']
[0.237s] Level 1:colcon.colcon_core.package_identification:_identify(docks/loading_station_0) by extension 'ignore'
[0.237s] Level 1:colcon.colcon_core.package_identification:_identify(docks/loading_station_0) by extension 'ignore_ament_install'
[0.237s] Level 1:colcon.colcon_core.package_identification:_identify(docks/loading_station_0) by extensions ['colcon_pkg']
[0.237s] Level 1:colcon.colcon_core.package_identification:_identify(docks/loading_station_0) by extension 'colcon_pkg'
[0.237s] Level 1:colcon.colcon_core.package_identification:_identify(docks/loading_station_0) by extensions ['colcon_meta']
[0.237s] Level 1:colcon.colcon_core.package_identification:_identify(docks/loading_station_0) by extension 'colcon_meta'
[0.237s] Level 1:colcon.colcon_core.package_identification:_identify(docks/loading_station_0) by extensions ['ros']
[0.237s] Level 1:colcon.colcon_core.package_identification:_identify(docks/loading_station_0) by extension 'ros'
[0.237s] Level 1:colcon.colcon_core.package_identification:_identify(docks/loading_station_0) by extensions ['cmake', 'python']
[0.237s] Level 1:colcon.colcon_core.package_identification:_identify(docks/loading_station_0) by extension 'cmake'
[0.237s] Level 1:colcon.colcon_core.package_identification:_identify(docks/loading_station_0) by extension 'python'
[0.237s] Level 1:colcon.colcon_core.package_identification:_identify(docks/loading_station_0) by extensions ['python_setup_py']
[0.237s] Level 1:colcon.colcon_core.package_identification:_identify(docks/loading_station_0) by extension 'python_setup_py'
[0.237s] Level 1:colcon.colcon_core.package_identification:_identify(docks/loading_station_1) by extensions ['ignore', 'ignore_ament_install']
[0.237s] Level 1:colcon.colcon_core.package_identification:_identify(docks/loading_station_1) by extension 'ignore'
[0.237s] Level 1:colcon.colcon_core.package_identification:_identify(docks/loading_station_1) by extension 'ignore_ament_install'
[0.238s] Level 1:colcon.colcon_core.package_identification:_identify(docks/loading_station_1) by extensions ['colcon_pkg']
[0.238s] Level 1:colcon.colcon_core.package_identification:_identify(docks/loading_station_1) by extension 'colcon_pkg'
[0.238s] Level 1:colcon.colcon_core.package_identification:_identify(docks/loading_station_1) by extensions ['colcon_meta']
[0.238s] Level 1:colcon.colcon_core.package_identification:_identify(docks/loading_station_1) by extension 'colcon_meta'
[0.238s] Level 1:colcon.colcon_core.package_identification:_identify(docks/loading_station_1) by extensions ['ros']
[0.238s] Level 1:colcon.colcon_core.package_identification:_identify(docks/loading_station_1) by extension 'ros'
[0.238s] Level 1:colcon.colcon_core.package_identification:_identify(docks/loading_station_1) by extensions ['cmake', 'python']
[0.238s] Level 1:colcon.colcon_core.package_identification:_identify(docks/loading_station_1) by extension 'cmake'
[0.238s] Level 1:colcon.colcon_core.package_identification:_identify(docks/loading_station_1) by extension 'python'
[0.238s] Level 1:colcon.colcon_core.package_identification:_identify(docks/loading_station_1) by extensions ['python_setup_py']
[0.238s] Level 1:colcon.colcon_core.package_identification:_identify(docks/loading_station_1) by extension 'python_setup_py'
[0.238s] Level 1:colcon.colcon_core.package_identification:_identify(docks/unloading_station_0) by extensions ['ignore', 'ignore_ament_install']
[0.238s] Level 1:colcon.colcon_core.package_identification:_identify(docks/unloading_station_0) by extension 'ignore'
[0.238s] Level 1:colcon.colcon_core.package_identification:_identify(docks/unloading_station_0) by extension 'ignore_ament_install'
[0.238s] Level 1:colcon.colcon_core.package_identification:_identify(docks/unloading_station_0) by extensions ['colcon_pkg']
[0.238s] Level 1:colcon.colcon_core.package_identification:_identify(docks/unloading_station_0) by extension 'colcon_pkg'
[0.238s] Level 1:colcon.colcon_core.package_identification:_identify(docks/unloading_station_0) by extensions ['colcon_meta']
[0.238s] Level 1:colcon.colcon_core.package_identification:_identify(docks/unloading_station_0) by extension 'colcon_meta'
[0.238s] Level 1:colcon.colcon_core.package_identification:_identify(docks/unloading_station_0) by extensions ['ros']
[0.238s] Level 1:colcon.colcon_core.package_identification:_identify(docks/unloading_station_0) by extension 'ros'
[0.238s] Level 1:colcon.colcon_core.package_identification:_identify(docks/unloading_station_0) by extensions ['cmake', 'python']
[0.238s] Level 1:colcon.colcon_core.package_identification:_identify(docks/unloading_station_0) by extension 'cmake'
[0.238s] Level 1:colcon.colcon_core.package_identification:_identify(docks/unloading_station_0) by extension 'python'
[0.238s] Level 1:colcon.colcon_core.package_identification:_identify(docks/unloading_station_0) by extensions ['python_setup_py']
[0.238s] Level 1:colcon.colcon_core.package_identification:_identify(docks/unloading_station_0) by extension 'python_setup_py'
[0.238s] Level 1:colcon.colcon_core.package_identification:_identify(install) by extensions ['ignore', 'ignore_ament_install']
[0.238s] Level 1:colcon.colcon_core.package_identification:_identify(install) by extension 'ignore'
[0.238s] Level 1:colcon.colcon_core.package_identification:_identify(install) ignored
[0.238s] Level 1:colcon.colcon_core.package_identification:_identify(log) by extensions ['ignore', 'ignore_ament_install']
[0.238s] Level 1:colcon.colcon_core.package_identification:_identify(log) by extension 'ignore'
[0.238s] Level 1:colcon.colcon_core.package_identification:_identify(log) ignored
[0.238s] Level 1:colcon.colcon_core.package_identification:_identify(objects) by extensions ['ignore', 'ignore_ament_install']
[0.238s] Level 1:colcon.colcon_core.package_identification:_identify(objects) by extension 'ignore'
[0.238s] Level 1:colcon.colcon_core.package_identification:_identify(objects) by extension 'ignore_ament_install'
[0.239s] Level 1:colcon.colcon_core.package_identification:_identify(objects) by extensions ['colcon_pkg']
[0.239s] Level 1:colcon.colcon_core.package_identification:_identify(objects) by extension 'colcon_pkg'
[0.239s] Level 1:colcon.colcon_core.package_identification:_identify(objects) by extensions ['colcon_meta']
[0.239s] Level 1:colcon.colcon_core.package_identification:_identify(objects) by extension 'colcon_meta'
[0.239s] Level 1:colcon.colcon_core.package_identification:_identify(objects) by extensions ['ros']
[0.239s] Level 1:colcon.colcon_core.package_identification:_identify(objects) by extension 'ros'
[0.239s] Level 1:colcon.colcon_core.package_identification:_identify(objects) by extensions ['cmake', 'python']
[0.239s] Level 1:colcon.colcon_core.package_identification:_identify(objects) by extension 'cmake'
[0.239s] Level 1:colcon.colcon_core.package_identification:_identify(objects) by extension 'python'
[0.239s] Level 1:colcon.colcon_core.package_identification:_identify(objects) by extensions ['python_setup_py']
[0.239s] Level 1:colcon.colcon_core.package_identification:_identify(objects) by extension 'python_setup_py'
[0.239s] Level 1:colcon.colcon_core.package_identification:_identify(objects/Hexagon) by extensions ['ignore', 'ignore_ament_install']
[0.239s] Level 1:colcon.colcon_core.package_identification:_identify(objects/Hexagon) by extension 'ignore'
[0.239s] Level 1:colcon.colcon_core.package_identification:_identify(objects/Hexagon) by extension 'ignore_ament_install'
[0.239s] Level 1:colcon.colcon_core.package_identification:_identify(objects/Hexagon) by extensions ['colcon_pkg']
[0.239s] Level 1:colcon.colcon_core.package_identification:_identify(objects/Hexagon) by extension 'colcon_pkg'
[0.239s] Level 1:colcon.colcon_core.package_identification:_identify(objects/Hexagon) by extensions ['colcon_meta']
[0.239s] Level 1:colcon.colcon_core.package_identification:_identify(objects/Hexagon) by extension 'colcon_meta'
[0.239s] Level 1:colcon.colcon_core.package_identification:_identify(objects/Hexagon) by extensions ['ros']
[0.239s] Level 1:colcon.colcon_core.package_identification:_identify(objects/Hexagon) by extension 'ros'
[0.239s] Level 1:colcon.colcon_core.package_identification:_identify(objects/Hexagon) by extensions ['cmake', 'python']
[0.239s] Level 1:colcon.colcon_core.package_identification:_identify(objects/Hexagon) by extension 'cmake'
[0.239s] Level 1:colcon.colcon_core.package_identification:_identify(objects/Hexagon) by extension 'python'
[0.239s] Level 1:colcon.colcon_core.package_identification:_identify(objects/Hexagon) by extensions ['python_setup_py']
[0.239s] Level 1:colcon.colcon_core.package_identification:_identify(objects/Hexagon) by extension 'python_setup_py'
[0.239s] Level 1:colcon.colcon_core.package_identification:_identify(objects/Hexagon/meshes) by extensions ['ignore', 'ignore_ament_install']
[0.239s] Level 1:colcon.colcon_core.package_identification:_identify(objects/Hexagon/meshes) by extension 'ignore'
[0.239s] Level 1:colcon.colcon_core.package_identification:_identify(objects/Hexagon/meshes) by extension 'ignore_ament_install'
[0.239s] Level 1:colcon.colcon_core.package_identification:_identify(objects/Hexagon/meshes) by extensions ['colcon_pkg']
[0.239s] Level 1:colcon.colcon_core.package_identification:_identify(objects/Hexagon/meshes) by extension 'colcon_pkg'
[0.239s] Level 1:colcon.colcon_core.package_identification:_identify(objects/Hexagon/meshes) by extensions ['colcon_meta']
[0.239s] Level 1:colcon.colcon_core.package_identification:_identify(objects/Hexagon/meshes) by extension 'colcon_meta'
[0.239s] Level 1:colcon.colcon_core.package_identification:_identify(objects/Hexagon/meshes) by extensions ['ros']
[0.239s] Level 1:colcon.colcon_core.package_identification:_identify(objects/Hexagon/meshes) by extension 'ros'
[0.239s] Level 1:colcon.colcon_core.package_identification:_identify(objects/Hexagon/meshes) by extensions ['cmake', 'python']
[0.239s] Level 1:colcon.colcon_core.package_identification:_identify(objects/Hexagon/meshes) by extension 'cmake'
[0.240s] Level 1:colcon.colcon_core.package_identification:_identify(objects/Hexagon/meshes) by extension 'python'
[0.240s] Level 1:colcon.colcon_core.package_identification:_identify(objects/Hexagon/meshes) by extensions ['python_setup_py']
[0.240s] Level 1:colcon.colcon_core.package_identification:_identify(objects/Hexagon/meshes) by extension 'python_setup_py'
[0.240s] Level 1:colcon.colcon_core.package_identification:_identify(objects/OctagonBig) by extensions ['ignore', 'ignore_ament_install']
[0.240s] Level 1:colcon.colcon_core.package_identification:_identify(objects/OctagonBig) by extension 'ignore'
[0.240s] Level 1:colcon.colcon_core.package_identification:_identify(objects/OctagonBig) by extension 'ignore_ament_install'
[0.240s] Level 1:colcon.colcon_core.package_identification:_identify(objects/OctagonBig) by extensions ['colcon_pkg']
[0.240s] Level 1:colcon.colcon_core.package_identification:_identify(objects/OctagonBig) by extension 'colcon_pkg'
[0.240s] Level 1:colcon.colcon_core.package_identification:_identify(objects/OctagonBig) by extensions ['colcon_meta']
[0.240s] Level 1:colcon.colcon_core.package_identification:_identify(objects/OctagonBig) by extension 'colcon_meta'
[0.240s] Level 1:colcon.colcon_core.package_identification:_identify(objects/OctagonBig) by extensions ['ros']
[0.240s] Level 1:colcon.colcon_core.package_identification:_identify(objects/OctagonBig) by extension 'ros'
[0.240s] Level 1:colcon.colcon_core.package_identification:_identify(objects/OctagonBig) by extensions ['cmake', 'python']
[0.240s] Level 1:colcon.colcon_core.package_identification:_identify(objects/OctagonBig) by extension 'cmake'
[0.240s] Level 1:colcon.colcon_core.package_identification:_identify(objects/OctagonBig) by extension 'python'
[0.240s] Level 1:colcon.colcon_core.package_identification:_identify(objects/OctagonBig) by extensions ['python_setup_py']
[0.240s] Level 1:colcon.colcon_core.package_identification:_identify(objects/OctagonBig) by extension 'python_setup_py'
[0.240s] Level 1:colcon.colcon_core.package_identification:_identify(objects/OctagonBig/meshes) by extensions ['ignore', 'ignore_ament_install']
[0.240s] Level 1:colcon.colcon_core.package_identification:_identify(objects/OctagonBig/meshes) by extension 'ignore'
[0.240s] Level 1:colcon.colcon_core.package_identification:_identify(objects/OctagonBig/meshes) by extension 'ignore_ament_install'
[0.240s] Level 1:colcon.colcon_core.package_identification:_identify(objects/OctagonBig/meshes) by extensions ['colcon_pkg']
[0.240s] Level 1:colcon.colcon_core.package_identification:_identify(objects/OctagonBig/meshes) by extension 'colcon_pkg'
[0.240s] Level 1:colcon.colcon_core.package_identification:_identify(objects/OctagonBig/meshes) by extensions ['colcon_meta']
[0.240s] Level 1:colcon.colcon_core.package_identification:_identify(objects/OctagonBig/meshes) by extension 'colcon_meta'
[0.240s] Level 1:colcon.colcon_core.package_identification:_identify(objects/OctagonBig/meshes) by extensions ['ros']
[0.240s] Level 1:colcon.colcon_core.package_identification:_identify(objects/OctagonBig/meshes) by extension 'ros'
[0.240s] Level 1:colcon.colcon_core.package_identification:_identify(objects/OctagonBig/meshes) by extensions ['cmake', 'python']
[0.240s] Level 1:colcon.colcon_core.package_identification:_identify(objects/OctagonBig/meshes) by extension 'cmake'
[0.240s] Level 1:colcon.colcon_core.package_identification:_identify(objects/OctagonBig/meshes) by extension 'python'
[0.240s] Level 1:colcon.colcon_core.package_identification:_identify(objects/OctagonBig/meshes) by extensions ['python_setup_py']
[0.240s] Level 1:colcon.colcon_core.package_identification:_identify(objects/OctagonBig/meshes) by extension 'python_setup_py'
[0.240s] Level 1:colcon.colcon_core.package_identification:_identify(objects/OctagonSmall) by extensions ['ignore', 'ignore_ament_install']
[0.240s] Level 1:colcon.colcon_core.package_identification:_identify(objects/OctagonSmall) by extension 'ignore'
[0.240s] Level 1:colcon.colcon_core.package_identification:_identify(objects/OctagonSmall) by extension 'ignore_ament_install'
[0.241s] Level 1:colcon.colcon_core.package_identification:_identify(objects/OctagonSmall) by extensions ['colcon_pkg']
[0.241s] Level 1:colcon.colcon_core.package_identification:_identify(objects/OctagonSmall) by extension 'colcon_pkg'
[0.241s] Level 1:colcon.colcon_core.package_identification:_identify(objects/OctagonSmall) by extensions ['colcon_meta']
[0.241s] Level 1:colcon.colcon_core.package_identification:_identify(objects/OctagonSmall) by extension 'colcon_meta'
[0.241s] Level 1:colcon.colcon_core.package_identification:_identify(objects/OctagonSmall) by extensions ['ros']
[0.241s] Level 1:colcon.colcon_core.package_identification:_identify(objects/OctagonSmall) by extension 'ros'
[0.241s] Level 1:colcon.colcon_core.package_identification:_identify(objects/OctagonSmall) by extensions ['cmake', 'python']
[0.241s] Level 1:colcon.colcon_core.package_identification:_identify(objects/OctagonSmall) by extension 'cmake'
[0.241s] Level 1:colcon.colcon_core.package_identification:_identify(objects/OctagonSmall) by extension 'python'
[0.241s] Level 1:colcon.colcon_core.package_identification:_identify(objects/OctagonSmall) by extensions ['python_setup_py']
[0.241s] Level 1:colcon.colcon_core.package_identification:_identify(objects/OctagonSmall) by extension 'python_setup_py'
[0.241s] Level 1:colcon.colcon_core.package_identification:_identify(objects/OctagonSmall/meshes) by extensions ['ignore', 'ignore_ament_install']
[0.241s] Level 1:colcon.colcon_core.package_identification:_identify(objects/OctagonSmall/meshes) by extension 'ignore'
[0.241s] Level 1:colcon.colcon_core.package_identification:_identify(objects/OctagonSmall/meshes) by extension 'ignore_ament_install'
[0.241s] Level 1:colcon.colcon_core.package_identification:_identify(objects/OctagonSmall/meshes) by extensions ['colcon_pkg']
[0.241s] Level 1:colcon.colcon_core.package_identification:_identify(objects/OctagonSmall/meshes) by extension 'colcon_pkg'
[0.241s] Level 1:colcon.colcon_core.package_identification:_identify(objects/OctagonSmall/meshes) by extensions ['colcon_meta']
[0.241s] Level 1:colcon.colcon_core.package_identification:_identify(objects/OctagonSmall/meshes) by extension 'colcon_meta'
[0.241s] Level 1:colcon.colcon_core.package_identification:_identify(objects/OctagonSmall/meshes) by extensions ['ros']
[0.241s] Level 1:colcon.colcon_core.package_identification:_identify(objects/OctagonSmall/meshes) by extension 'ros'
[0.241s] Level 1:colcon.colcon_core.package_identification:_identify(objects/OctagonSmall/meshes) by extensions ['cmake', 'python']
[0.241s] Level 1:colcon.colcon_core.package_identification:_identify(objects/OctagonSmall/meshes) by extension 'cmake'
[0.241s] Level 1:colcon.colcon_core.package_identification:_identify(objects/OctagonSmall/meshes) by extension 'python'
[0.241s] Level 1:colcon.colcon_core.package_identification:_identify(objects/OctagonSmall/meshes) by extensions ['python_setup_py']
[0.241s] Level 1:colcon.colcon_core.package_identification:_identify(objects/OctagonSmall/meshes) by extension 'python_setup_py'
[0.241s] Level 1:colcon.colcon_core.package_identification:_identify(objects/Triangle) by extensions ['ignore', 'ignore_ament_install']
[0.241s] Level 1:colcon.colcon_core.package_identification:_identify(objects/Triangle) by extension 'ignore'
[0.241s] Level 1:colcon.colcon_core.package_identification:_identify(objects/Triangle) by extension 'ignore_ament_install'
[0.241s] Level 1:colcon.colcon_core.package_identification:_identify(objects/Triangle) by extensions ['colcon_pkg']
[0.241s] Level 1:colcon.colcon_core.package_identification:_identify(objects/Triangle) by extension 'colcon_pkg'
[0.241s] Level 1:colcon.colcon_core.package_identification:_identify(objects/Triangle) by extensions ['colcon_meta']
[0.242s] Level 1:colcon.colcon_core.package_identification:_identify(objects/Triangle) by extension 'colcon_meta'
[0.242s] Level 1:colcon.colcon_core.package_identification:_identify(objects/Triangle) by extensions ['ros']
[0.242s] Level 1:colcon.colcon_core.package_identification:_identify(objects/Triangle) by extension 'ros'
[0.242s] Level 1:colcon.colcon_core.package_identification:_identify(objects/Triangle) by extensions ['cmake', 'python']
[0.242s] Level 1:colcon.colcon_core.package_identification:_identify(objects/Triangle) by extension 'cmake'
[0.242s] Level 1:colcon.colcon_core.package_identification:_identify(objects/Triangle) by extension 'python'
[0.242s] Level 1:colcon.colcon_core.package_identification:_identify(objects/Triangle) by extensions ['python_setup_py']
[0.242s] Level 1:colcon.colcon_core.package_identification:_identify(objects/Triangle) by extension 'python_setup_py'
[0.242s] Level 1:colcon.colcon_core.package_identification:_identify(objects/Triangle/meshes) by extensions ['ignore', 'ignore_ament_install']
[0.242s] Level 1:colcon.colcon_core.package_identification:_identify(objects/Triangle/meshes) by extension 'ignore'
[0.242s] Level 1:colcon.colcon_core.package_identification:_identify(objects/Triangle/meshes) by extension 'ignore_ament_install'
[0.242s] Level 1:colcon.colcon_core.package_identification:_identify(objects/Triangle/meshes) by extensions ['colcon_pkg']
[0.242s] Level 1:colcon.colcon_core.package_identification:_identify(objects/Triangle/meshes) by extension 'colcon_pkg'
[0.242s] Level 1:colcon.colcon_core.package_identification:_identify(objects/Triangle/meshes) by extensions ['colcon_meta']
[0.242s] Level 1:colcon.colcon_core.package_identification:_identify(objects/Triangle/meshes) by extension 'colcon_meta'
[0.242s] Level 1:colcon.colcon_core.package_identification:_identify(objects/Triangle/meshes) by extensions ['ros']
[0.242s] Level 1:colcon.colcon_core.package_identification:_identify(objects/Triangle/meshes) by extension 'ros'
[0.242s] Level 1:colcon.colcon_core.package_identification:_identify(objects/Triangle/meshes) by extensions ['cmake', 'python']
[0.242s] Level 1:colcon.colcon_core.package_identification:_identify(objects/Triangle/meshes) by extension 'cmake'
[0.242s] Level 1:colcon.colcon_core.package_identification:_identify(objects/Triangle/meshes) by extension 'python'
[0.242s] Level 1:colcon.colcon_core.package_identification:_identify(objects/Triangle/meshes) by extensions ['python_setup_py']
[0.242s] Level 1:colcon.colcon_core.package_identification:_identify(objects/Triangle/meshes) by extension 'python_setup_py'
[0.242s] Level 1:colcon.colcon_core.package_identification:_identify(walls) by extensions ['ignore', 'ignore_ament_install']
[0.242s] Level 1:colcon.colcon_core.package_identification:_identify(walls) by extension 'ignore'
[0.242s] Level 1:colcon.colcon_core.package_identification:_identify(walls) by extension 'ignore_ament_install'
[0.242s] Level 1:colcon.colcon_core.package_identification:_identify(walls) by extensions ['colcon_pkg']
[0.242s] Level 1:colcon.colcon_core.package_identification:_identify(walls) by extension 'colcon_pkg'
[0.242s] Level 1:colcon.colcon_core.package_identification:_identify(walls) by extensions ['colcon_meta']
[0.242s] Level 1:colcon.colcon_core.package_identification:_identify(walls) by extension 'colcon_meta'
[0.242s] Level 1:colcon.colcon_core.package_identification:_identify(walls) by extensions ['ros']
[0.242s] Level 1:colcon.colcon_core.package_identification:_identify(walls) by extension 'ros'
[0.243s] Level 1:colcon.colcon_core.package_identification:_identify(walls) by extensions ['cmake', 'python']
[0.243s] Level 1:colcon.colcon_core.package_identification:_identify(walls) by extension 'cmake'
[0.243s] Level 1:colcon.colcon_core.package_identification:_identify(walls) by extension 'python'
[0.243s] Level 1:colcon.colcon_core.package_identification:_identify(walls) by extensions ['python_setup_py']
[0.243s] Level 1:colcon.colcon_core.package_identification:_identify(walls) by extension 'python_setup_py'
[0.243s] Level 1:colcon.colcon_core.package_identification:_identify(walls/arena_walls) by extensions ['ignore', 'ignore_ament_install']
[0.243s] Level 1:colcon.colcon_core.package_identification:_identify(walls/arena_walls) by extension 'ignore'
[0.243s] Level 1:colcon.colcon_core.package_identification:_identify(walls/arena_walls) by extension 'ignore_ament_install'
[0.243s] Level 1:colcon.colcon_core.package_identification:_identify(walls/arena_walls) by extensions ['colcon_pkg']
[0.243s] Level 1:colcon.colcon_core.package_identification:_identify(walls/arena_walls) by extension 'colcon_pkg'
[0.243s] Level 1:colcon.colcon_core.package_identification:_identify(walls/arena_walls) by extensions ['colcon_meta']
[0.243s] Level 1:colcon.colcon_core.package_identification:_identify(walls/arena_walls) by extension 'colcon_meta'
[0.243s] Level 1:colcon.colcon_core.package_identification:_identify(walls/arena_walls) by extensions ['ros']
[0.243s] Level 1:colcon.colcon_core.package_identification:_identify(walls/arena_walls) by extension 'ros'
[0.243s] Level 1:colcon.colcon_core.package_identification:_identify(walls/arena_walls) by extensions ['cmake', 'python']
[0.243s] Level 1:colcon.colcon_core.package_identification:_identify(walls/arena_walls) by extension 'cmake'
[0.243s] Level 1:colcon.colcon_core.package_identification:_identify(walls/arena_walls) by extension 'python'
[0.243s] Level 1:colcon.colcon_core.package_identification:_identify(walls/arena_walls) by extensions ['python_setup_py']
[0.243s] Level 1:colcon.colcon_core.package_identification:_identify(walls/arena_walls) by extension 'python_setup_py'
[0.243s] Level 1:colcon.colcon_core.package_identification:_identify(walls/arena_walls/meshes) by extensions ['ignore', 'ignore_ament_install']
[0.243s] Level 1:colcon.colcon_core.package_identification:_identify(walls/arena_walls/meshes) by extension 'ignore'
[0.243s] Level 1:colcon.colcon_core.package_identification:_identify(walls/arena_walls/meshes) by extension 'ignore_ament_install'
[0.243s] Level 1:colcon.colcon_core.package_identification:_identify(walls/arena_walls/meshes) by extensions ['colcon_pkg']
[0.243s] Level 1:colcon.colcon_core.package_identification:_identify(walls/arena_walls/meshes) by extension 'colcon_pkg'
[0.243s] Level 1:colcon.colcon_core.package_identification:_identify(walls/arena_walls/meshes) by extensions ['colcon_meta']
[0.243s] Level 1:colcon.colcon_core.package_identification:_identify(walls/arena_walls/meshes) by extension 'colcon_meta'
[0.243s] Level 1:colcon.colcon_core.package_identification:_identify(walls/arena_walls/meshes) by extensions ['ros']
[0.243s] Level 1:colcon.colcon_core.package_identification:_identify(walls/arena_walls/meshes) by extension 'ros'
[0.243s] Level 1:colcon.colcon_core.package_identification:_identify(walls/arena_walls/meshes) by extensions ['cmake', 'python']
[0.243s] Level 1:colcon.colcon_core.package_identification:_identify(walls/arena_walls/meshes) by extension 'cmake'
[0.243s] Level 1:colcon.colcon_core.package_identification:_identify(walls/arena_walls/meshes) by extension 'python'
[0.243s] Level 1:colcon.colcon_core.package_identification:_identify(walls/arena_walls/meshes) by extensions ['python_setup_py']
[0.243s] Level 1:colcon.colcon_core.package_identification:_identify(walls/arena_walls/meshes) by extension 'python_setup_py'
[0.243s] Level 1:colcon.colcon_core.package_discovery:discover_packages(recursive) using defaults
[0.244s] Level 1:colcon.colcon_core.package_discovery:discover_packages(ignore) discover
[0.244s] Level 1:colcon.colcon_core.package_discovery:discover_packages(ignore) using defaults
[0.244s] Level 1:colcon.colcon_core.package_discovery:discover_packages(path) discover
[0.244s] Level 1:colcon.colcon_core.package_discovery:discover_packages(path) using defaults
[0.263s] Level 1:colcon.colcon_core.package_discovery:discover_packages(prefix_path) check parameters
[0.263s] Level 1:colcon.colcon_core.package_discovery:discover_packages(prefix_path) discover
[0.267s] DEBUG:colcon.colcon_installed_package_information.package_discovery:Found 5 installed packages in /var/home/piero/Projects/ros2/ir_ws_with_anna/install
[0.270s] DEBUG:colcon.colcon_installed_package_information.package_discovery:Found 489 installed packages in /opt/ros/jazzy
[0.271s] Level 1:colcon.colcon_core.package_discovery:discover_packages(prefix_path) using defaults
[0.378s] INFO:colcon.colcon_core.executor:Executing jobs using 'parallel' executor
[0.379s] DEBUG:colcon.colcon_parallel_executor.executor.parallel:run_until_complete
[0.379s] DEBUG:colcon.colcon_parallel_executor.executor.parallel:closing loop
[0.379s] DEBUG:colcon.colcon_parallel_executor.executor.parallel:loop closed
[0.380s] DEBUG:colcon.colcon_parallel_executor.executor.parallel:run_until_complete finished with '0'
[0.380s] DEBUG:colcon.colcon_core.event_reactor:joining thread
[0.386s] INFO:colcon.colcon_core.plugin_system:Skipping extension 'colcon_notification.desktop_notification.notify_send': Could not find 'notify-send'
[0.386s] INFO:colcon.colcon_core.plugin_system:Skipping extension 'colcon_notification.desktop_notification.terminal_notifier': Not used on non-Darwin systems
[0.386s] INFO:colcon.colcon_core.plugin_system:Skipping extension 'colcon_notification.desktop_notification.win32': Not used on non-Windows systems
[0.386s] INFO:colcon.colcon_notification.desktop_notification:Sending desktop notification using 'notify2'
[0.403s] DEBUG:colcon.colcon_core.event_reactor:joined thread
[0.405s] INFO:colcon.colcon_core.plugin_system:Skipping extension 'colcon_core.shell.bat': Not used on non-Windows systems
[0.405s] INFO:colcon.colcon_core.shell:Creating prefix script '/var/home/piero/Projects/ros2/ir_ws_with_anna/src/ir_2526/ir_base/models/install/local_setup.ps1'
[0.406s] INFO:colcon.colcon_core.shell:Creating prefix util module '/var/home/piero/Projects/ros2/ir_ws_with_anna/src/ir_2526/ir_base/models/install/_local_setup_util_ps1.py'
[0.407s] INFO:colcon.colcon_core.shell:Creating prefix chain script '/var/home/piero/Projects/ros2/ir_ws_with_anna/src/ir_2526/ir_base/models/install/setup.ps1'
[0.408s] INFO:colcon.colcon_core.shell:Creating prefix script '/var/home/piero/Projects/ros2/ir_ws_with_anna/src/ir_2526/ir_base/models/install/local_setup.sh'
[0.408s] INFO:colcon.colcon_core.shell:Creating prefix util module '/var/home/piero/Projects/ros2/ir_ws_with_anna/src/ir_2526/ir_base/models/install/_local_setup_util_sh.py'
[0.409s] INFO:colcon.colcon_core.shell:Creating prefix chain script '/var/home/piero/Projects/ros2/ir_ws_with_anna/src/ir_2526/ir_base/models/install/setup.sh'
[0.410s] INFO:colcon.colcon_core.shell:Creating prefix script '/var/home/piero/Projects/ros2/ir_ws_with_anna/src/ir_2526/ir_base/models/install/local_setup.bash'
[0.410s] INFO:colcon.colcon_core.shell:Creating prefix chain script '/var/home/piero/Projects/ros2/ir_ws_with_anna/src/ir_2526/ir_base/models/install/setup.bash'
[0.411s] INFO:colcon.colcon_core.shell:Creating prefix script '/var/home/piero/Projects/ros2/ir_ws_with_anna/src/ir_2526/ir_base/models/install/local_setup.zsh'
[0.412s] INFO:colcon.colcon_core.shell:Creating prefix chain script '/var/home/piero/Projects/ros2/ir_ws_with_anna/src/ir_2526/ir_base/models/install/setup.zsh'
