[0.086s] DEBUG:colcon:Command line arguments: ['/usr/bin/colcon', 'build']
[0.086s] DEBUG:colcon:Parsed command line arguments: Namespace(log_base=None, log_level=None, verb_name='build', build_base='build', install_base='install', merge_install=False, symlink_install=False, test_result_base=None, continue_on_error=False, executor='parallel', parallel_workers=12, event_handlers=None, ignore_user_meta=False, metas=['./colcon.meta'], base_paths=['.'], packages_ignore=None, packages_ignore_regex=None, paths=None, packages_up_to=None, packages_up_to_regex=None, packages_above=None, packages_above_and_dependencies=None, packages_above_depth=None, packages_select_by_dep=None, packages_skip_by_dep=None, packages_skip_up_to=None, packages_select_build_failed=False, packages_skip_build_finished=False, packages_select_test_failures=False, packages_skip_test_passed=False, packages_select=None, packages_skip=None, packages_select_regex=None, packages_skip_regex=None, packages_start=None, packages_end=None, allow_overriding=[], cmake_args=None, cmake_target=None, cmake_target_skip_unavailable=False, cmake_clean_cache=False, cmake_clean_first=False, cmake_force_configure=False, ament_cmake_args=None, catkin_cmake_args=None, catkin_skip_building_tests=False, verb_parser=<colcon_defaults.argument_parser.defaults.DefaultArgumentsDecorator object at 0x7acea1c23a10>, verb_extension=<colcon_core.verb.build.BuildVerb object at 0x7acea233a210>, main=<bound method BuildVerb.main of <colcon_core.verb.build.BuildVerb object at 0x7acea233a210>>)
[0.118s] Level 1:colcon.colcon_core.package_discovery:discover_packages(colcon_meta) check parameters
[0.118s] Level 1:colcon.colcon_core.package_discovery:discover_packages(recursive) check parameters
[0.118s] Level 1:colcon.colcon_core.package_discovery:discover_packages(ignore) check parameters
[0.118s] Level 1:colcon.colcon_core.package_discovery:discover_packages(path) check parameters
[0.118s] Level 1:colcon.colcon_core.package_discovery:discover_packages(colcon_meta) discover
[0.118s] Level 1:colcon.colcon_core.package_discovery:discover_packages(recursive) discover
[0.118s] INFO:colcon.colcon_core.package_discovery:Crawling recursively for packages in '/home/prakash/ws_8_assignments'
[0.118s] Level 1:colcon.colcon_core.package_identification:_identify(.) by extensions ['ignore', 'ignore_ament_install']
[0.118s] Level 1:colcon.colcon_core.package_identification:_identify(.) by extension 'ignore'
[0.118s] Level 1:colcon.colcon_core.package_identification:_identify(.) by extension 'ignore_ament_install'
[0.118s] Level 1:colcon.colcon_core.package_identification:_identify(.) by extensions ['colcon_pkg']
[0.118s] Level 1:colcon.colcon_core.package_identification:_identify(.) by extension 'colcon_pkg'
[0.118s] Level 1:colcon.colcon_core.package_identification:_identify(.) by extensions ['colcon_meta']
[0.118s] Level 1:colcon.colcon_core.package_identification:_identify(.) by extension 'colcon_meta'
[0.118s] Level 1:colcon.colcon_core.package_identification:_identify(.) by extensions ['ros']
[0.119s] Level 1:colcon.colcon_core.package_identification:_identify(.) by extension 'ros'
[0.137s] Level 1:colcon.colcon_core.package_identification:_identify(.) by extensions ['cmake', 'python']
[0.138s] Level 1:colcon.colcon_core.package_identification:_identify(.) by extension 'cmake'
[0.138s] Level 1:colcon.colcon_core.package_identification:_identify(.) by extension 'python'
[0.138s] Level 1:colcon.colcon_core.package_identification:_identify(.) by extensions ['python_setup_py']
[0.138s] Level 1:colcon.colcon_core.package_identification:_identify(.) by extension 'python_setup_py'
[0.138s] Level 1:colcon.colcon_core.package_identification:_identify(build) by extensions ['ignore', 'ignore_ament_install']
[0.138s] Level 1:colcon.colcon_core.package_identification:_identify(build) by extension 'ignore'
[0.138s] Level 1:colcon.colcon_core.package_identification:_identify(build) ignored
[0.138s] Level 1:colcon.colcon_core.package_identification:_identify(install) by extensions ['ignore', 'ignore_ament_install']
[0.138s] Level 1:colcon.colcon_core.package_identification:_identify(install) by extension 'ignore'
[0.138s] Level 1:colcon.colcon_core.package_identification:_identify(install) ignored
[0.138s] Level 1:colcon.colcon_core.package_identification:_identify(log) by extensions ['ignore', 'ignore_ament_install']
[0.138s] Level 1:colcon.colcon_core.package_identification:_identify(log) by extension 'ignore'
[0.138s] Level 1:colcon.colcon_core.package_identification:_identify(log) ignored
[0.138s] Level 1:colcon.colcon_core.package_identification:_identify(src) by extensions ['ignore', 'ignore_ament_install']
[0.138s] Level 1:colcon.colcon_core.package_identification:_identify(src) by extension 'ignore'
[0.138s] Level 1:colcon.colcon_core.package_identification:_identify(src) by extension 'ignore_ament_install'
[0.139s] Level 1:colcon.colcon_core.package_identification:_identify(src) by extensions ['colcon_pkg']
[0.139s] Level 1:colcon.colcon_core.package_identification:_identify(src) by extension 'colcon_pkg'
[0.139s] Level 1:colcon.colcon_core.package_identification:_identify(src) by extensions ['colcon_meta']
[0.139s] Level 1:colcon.colcon_core.package_identification:_identify(src) by extension 'colcon_meta'
[0.139s] Level 1:colcon.colcon_core.package_identification:_identify(src) by extensions ['ros']
[0.139s] Level 1:colcon.colcon_core.package_identification:_identify(src) by extension 'ros'
[0.139s] Level 1:colcon.colcon_core.package_identification:_identify(src) by extensions ['cmake', 'python']
[0.139s] Level 1:colcon.colcon_core.package_identification:_identify(src) by extension 'cmake'
[0.139s] Level 1:colcon.colcon_core.package_identification:_identify(src) by extension 'python'
[0.139s] Level 1:colcon.colcon_core.package_identification:_identify(src) by extensions ['python_setup_py']
[0.139s] Level 1:colcon.colcon_core.package_identification:_identify(src) by extension 'python_setup_py'
[0.139s] Level 1:colcon.colcon_core.package_identification:_identify(src/group_8_assignment_1) by extensions ['ignore', 'ignore_ament_install']
[0.139s] Level 1:colcon.colcon_core.package_identification:_identify(src/group_8_assignment_1) by extension 'ignore'
[0.139s] Level 1:colcon.colcon_core.package_identification:_identify(src/group_8_assignment_1) by extension 'ignore_ament_install'
[0.139s] Level 1:colcon.colcon_core.package_identification:_identify(src/group_8_assignment_1) by extensions ['colcon_pkg']
[0.139s] Level 1:colcon.colcon_core.package_identification:_identify(src/group_8_assignment_1) by extension 'colcon_pkg'
[0.139s] Level 1:colcon.colcon_core.package_identification:_identify(src/group_8_assignment_1) by extensions ['colcon_meta']
[0.139s] Level 1:colcon.colcon_core.package_identification:_identify(src/group_8_assignment_1) by extension 'colcon_meta'
[0.139s] Level 1:colcon.colcon_core.package_identification:_identify(src/group_8_assignment_1) by extensions ['ros']
[0.139s] Level 1:colcon.colcon_core.package_identification:_identify(src/group_8_assignment_1) by extension 'ros'
[0.142s] DEBUG:colcon.colcon_core.package_identification:Package 'src/group_8_assignment_1' with type 'ros.ament_cmake' and name 'group_8_assignment_1'
[0.142s] Level 1:colcon.colcon_core.package_identification:_identify(src/ir_2526) by extensions ['ignore', 'ignore_ament_install']
[0.142s] Level 1:colcon.colcon_core.package_identification:_identify(src/ir_2526) by extension 'ignore'
[0.142s] Level 1:colcon.colcon_core.package_identification:_identify(src/ir_2526) by extension 'ignore_ament_install'
[0.142s] Level 1:colcon.colcon_core.package_identification:_identify(src/ir_2526) by extensions ['colcon_pkg']
[0.142s] Level 1:colcon.colcon_core.package_identification:_identify(src/ir_2526) by extension 'colcon_pkg'
[0.142s] Level 1:colcon.colcon_core.package_identification:_identify(src/ir_2526) by extensions ['colcon_meta']
[0.142s] Level 1:colcon.colcon_core.package_identification:_identify(src/ir_2526) by extension 'colcon_meta'
[0.142s] Level 1:colcon.colcon_core.package_identification:_identify(src/ir_2526) by extensions ['ros']
[0.142s] Level 1:colcon.colcon_core.package_identification:_identify(src/ir_2526) by extension 'ros'
[0.142s] Level 1:colcon.colcon_core.package_identification:_identify(src/ir_2526) by extensions ['cmake', 'python']
[0.142s] Level 1:colcon.colcon_core.package_identification:_identify(src/ir_2526) by extension 'cmake'
[0.142s] Level 1:colcon.colcon_core.package_identification:_identify(src/ir_2526) by extension 'python'
[0.142s] Level 1:colcon.colcon_core.package_identification:_identify(src/ir_2526) by extensions ['python_setup_py']
[0.142s] Level 1:colcon.colcon_core.package_identification:_identify(src/ir_2526) by extension 'python_setup_py'
[0.142s] Level 1:colcon.colcon_core.package_identification:_identify(src/ir_2526/apriltag_ros) by extensions ['ignore', 'ignore_ament_install']
[0.142s] Level 1:colcon.colcon_core.package_identification:_identify(src/ir_2526/apriltag_ros) by extension 'ignore'
[0.143s] Level 1:colcon.colcon_core.package_identification:_identify(src/ir_2526/apriltag_ros) by extension 'ignore_ament_install'
[0.143s] Level 1:colcon.colcon_core.package_identification:_identify(src/ir_2526/apriltag_ros) by extensions ['colcon_pkg']
[0.143s] Level 1:colcon.colcon_core.package_identification:_identify(src/ir_2526/apriltag_ros) by extension 'colcon_pkg'
[0.143s] Level 1:colcon.colcon_core.package_identification:_identify(src/ir_2526/apriltag_ros) by extensions ['colcon_meta']
[0.143s] Level 1:colcon.colcon_core.package_identification:_identify(src/ir_2526/apriltag_ros) by extension 'colcon_meta'
[0.143s] Level 1:colcon.colcon_core.package_identification:_identify(src/ir_2526/apriltag_ros) by extensions ['ros']
[0.143s] Level 1:colcon.colcon_core.package_identification:_identify(src/ir_2526/apriltag_ros) by extension 'ros'
[0.145s] DEBUG:colcon.colcon_core.package_identification:Package 'src/ir_2526/apriltag_ros' with type 'ros.ament_cmake' and name 'apriltag_ros'
[0.145s] Level 1:colcon.colcon_core.package_identification:_identify(src/ir_2526/ir_base) by extensions ['ignore', 'ignore_ament_install']
[0.145s] Level 1:colcon.colcon_core.package_identification:_identify(src/ir_2526/ir_base) by extension 'ignore'
[0.145s] Level 1:colcon.colcon_core.package_identification:_identify(src/ir_2526/ir_base) by extension 'ignore_ament_install'
[0.145s] Level 1:colcon.colcon_core.package_identification:_identify(src/ir_2526/ir_base) by extensions ['colcon_pkg']
[0.145s] Level 1:colcon.colcon_core.package_identification:_identify(src/ir_2526/ir_base) by extension 'colcon_pkg'
[0.145s] Level 1:colcon.colcon_core.package_identification:_identify(src/ir_2526/ir_base) by extensions ['colcon_meta']
[0.145s] Level 1:colcon.colcon_core.package_identification:_identify(src/ir_2526/ir_base) by extension 'colcon_meta'
[0.146s] Level 1:colcon.colcon_core.package_identification:_identify(src/ir_2526/ir_base) by extensions ['ros']
[0.146s] Level 1:colcon.colcon_core.package_identification:_identify(src/ir_2526/ir_base) by extension 'ros'
[0.146s] DEBUG:colcon.colcon_core.package_identification:Package 'src/ir_2526/ir_base' with type 'ros.ament_cmake' and name 'ir_base'
[0.146s] Level 1:colcon.colcon_core.package_identification:_identify(src/ir_2526/ir_desription) by extensions ['ignore', 'ignore_ament_install']
[0.146s] Level 1:colcon.colcon_core.package_identification:_identify(src/ir_2526/ir_desription) by extension 'ignore'
[0.146s] Level 1:colcon.colcon_core.package_identification:_identify(src/ir_2526/ir_desription) by extension 'ignore_ament_install'
[0.146s] Level 1:colcon.colcon_core.package_identification:_identify(src/ir_2526/ir_desription) by extensions ['colcon_pkg']
[0.146s] Level 1:colcon.colcon_core.package_identification:_identify(src/ir_2526/ir_desription) by extension 'colcon_pkg'
[0.146s] Level 1:colcon.colcon_core.package_identification:_identify(src/ir_2526/ir_desription) by extensions ['colcon_meta']
[0.146s] Level 1:colcon.colcon_core.package_identification:_identify(src/ir_2526/ir_desription) by extension 'colcon_meta'
[0.146s] Level 1:colcon.colcon_core.package_identification:_identify(src/ir_2526/ir_desription) by extensions ['ros']
[0.146s] Level 1:colcon.colcon_core.package_identification:_identify(src/ir_2526/ir_desription) by extension 'ros'
[0.147s] DEBUG:colcon.colcon_core.package_identification:Package 'src/ir_2526/ir_desription' with type 'ros.ament_cmake' and name 'ir_desription'
[0.147s] Level 1:colcon.colcon_core.package_identification:_identify(src/ir_2526/ir_launch) by extensions ['ignore', 'ignore_ament_install']
[0.147s] Level 1:colcon.colcon_core.package_identification:_identify(src/ir_2526/ir_launch) by extension 'ignore'
[0.147s] Level 1:colcon.colcon_core.package_identification:_identify(src/ir_2526/ir_launch) by extension 'ignore_ament_install'
[0.147s] Level 1:colcon.colcon_core.package_identification:_identify(src/ir_2526/ir_launch) by extensions ['colcon_pkg']
[0.147s] Level 1:colcon.colcon_core.package_identification:_identify(src/ir_2526/ir_launch) by extension 'colcon_pkg'
[0.147s] Level 1:colcon.colcon_core.package_identification:_identify(src/ir_2526/ir_launch) by extensions ['colcon_meta']
[0.147s] Level 1:colcon.colcon_core.package_identification:_identify(src/ir_2526/ir_launch) by extension 'colcon_meta'
[0.147s] Level 1:colcon.colcon_core.package_identification:_identify(src/ir_2526/ir_launch) by extensions ['ros']
[0.147s] Level 1:colcon.colcon_core.package_identification:_identify(src/ir_2526/ir_launch) by extension 'ros'
[0.147s] DEBUG:colcon.colcon_core.package_identification:Package 'src/ir_2526/ir_launch' with type 'ros.ament_cmake' and name 'ir_launch'
[0.147s] Level 1:colcon.colcon_core.package_identification:_identify(src/ir_2526/ir_movit_config) by extensions ['ignore', 'ignore_ament_install']
[0.147s] Level 1:colcon.colcon_core.package_identification:_identify(src/ir_2526/ir_movit_config) by extension 'ignore'
[0.148s] Level 1:colcon.colcon_core.package_identification:_identify(src/ir_2526/ir_movit_config) by extension 'ignore_ament_install'
[0.148s] Level 1:colcon.colcon_core.package_identification:_identify(src/ir_2526/ir_movit_config) by extensions ['colcon_pkg']
[0.148s] Level 1:colcon.colcon_core.package_identification:_identify(src/ir_2526/ir_movit_config) by extension 'colcon_pkg'
[0.148s] Level 1:colcon.colcon_core.package_identification:_identify(src/ir_2526/ir_movit_config) by extensions ['colcon_meta']
[0.148s] Level 1:colcon.colcon_core.package_identification:_identify(src/ir_2526/ir_movit_config) by extension 'colcon_meta'
[0.148s] Level 1:colcon.colcon_core.package_identification:_identify(src/ir_2526/ir_movit_config) by extensions ['ros']
[0.148s] Level 1:colcon.colcon_core.package_identification:_identify(src/ir_2526/ir_movit_config) by extension 'ros'
[0.148s] DEBUG:colcon.colcon_core.package_identification:Package 'src/ir_2526/ir_movit_config' with type 'ros.ament_cmake' and name 'ir_movit_config'
[0.148s] Level 1:colcon.colcon_core.package_discovery:discover_packages(recursive) using defaults
[0.148s] Level 1:colcon.colcon_core.package_discovery:discover_packages(ignore) discover
[0.148s] Level 1:colcon.colcon_core.package_discovery:discover_packages(ignore) using defaults
[0.148s] Level 1:colcon.colcon_core.package_discovery:discover_packages(path) discover
[0.148s] Level 1:colcon.colcon_core.package_discovery:discover_packages(path) using defaults
[0.163s] Level 1:colcon.colcon_core.package_discovery:discover_packages(prefix_path) check parameters
[0.163s] Level 1:colcon.colcon_core.package_discovery:discover_packages(prefix_path) discover
[0.164s] WARNING:colcon.colcon_ros.prefix_path.ament:The path '/home/prakash/assignment_ws/install/table_detection_pkg' in the environment variable AMENT_PREFIX_PATH doesn't exist
[0.164s] WARNING:colcon.colcon_ros.prefix_path.catkin:The path '/home/prakash/assignment_ws/install/table_detection_pkg' in the environment variable CMAKE_PREFIX_PATH doesn't exist
[0.165s] DEBUG:colcon.colcon_installed_package_information.package_discovery:Found 6 installed packages in /home/prakash/ws_8_assignments/install
[0.165s] DEBUG:colcon.colcon_installed_package_information.package_discovery:Found 1 installed packages in /home/prakash/assignment_ws/install
[0.165s] DEBUG:colcon.colcon_installed_package_information.package_discovery:Found 2 installed packages in /home/prakash/ros2_ws/install
[0.167s] DEBUG:colcon.colcon_installed_package_information.package_discovery:Found 412 installed packages in /opt/ros/jazzy
[0.169s] Level 1:colcon.colcon_core.package_discovery:discover_packages(prefix_path) using defaults
[0.213s] Level 5:colcon.colcon_core.verb:set package 'apriltag_ros' build argument 'cmake_args' from command line to 'None'
[0.213s] Level 5:colcon.colcon_core.verb:set package 'apriltag_ros' build argument 'cmake_target' from command line to 'None'
[0.213s] Level 5:colcon.colcon_core.verb:set package 'apriltag_ros' build argument 'cmake_target_skip_unavailable' from command line to 'False'
[0.213s] Level 5:colcon.colcon_core.verb:set package 'apriltag_ros' build argument 'cmake_clean_cache' from command line to 'False'
[0.213s] Level 5:colcon.colcon_core.verb:set package 'apriltag_ros' build argument 'cmake_clean_first' from command line to 'False'
[0.213s] Level 5:colcon.colcon_core.verb:set package 'apriltag_ros' build argument 'cmake_force_configure' from command line to 'False'
[0.213s] Level 5:colcon.colcon_core.verb:set package 'apriltag_ros' build argument 'ament_cmake_args' from command line to 'None'
[0.213s] Level 5:colcon.colcon_core.verb:set package 'apriltag_ros' build argument 'catkin_cmake_args' from command line to 'None'
[0.213s] Level 5:colcon.colcon_core.verb:set package 'apriltag_ros' build argument 'catkin_skip_building_tests' from command line to 'False'
[0.213s] DEBUG:colcon.colcon_core.verb:Building package 'apriltag_ros' with the following arguments: {'ament_cmake_args': None, 'build_base': '/home/prakash/ws_8_assignments/build/apriltag_ros', 'catkin_cmake_args': None, 'catkin_skip_building_tests': False, 'cmake_args': None, 'cmake_clean_cache': False, 'cmake_clean_first': False, 'cmake_force_configure': False, 'cmake_target': None, 'cmake_target_skip_unavailable': False, 'install_base': '/home/prakash/ws_8_assignments/install/apriltag_ros', 'merge_install': False, 'path': '/home/prakash/ws_8_assignments/src/ir_2526/apriltag_ros', 'symlink_install': False, 'test_result_base': None}
[0.214s] Level 5:colcon.colcon_core.verb:set package 'group_8_assignment_1' build argument 'cmake_args' from command line to 'None'
[0.214s] Level 5:colcon.colcon_core.verb:set package 'group_8_assignment_1' build argument 'cmake_target' from command line to 'None'
[0.214s] Level 5:colcon.colcon_core.verb:set package 'group_8_assignment_1' build argument 'cmake_target_skip_unavailable' from command line to 'False'
[0.214s] Level 5:colcon.colcon_core.verb:set package 'group_8_assignment_1' build argument 'cmake_clean_cache' from command line to 'False'
[0.214s] Level 5:colcon.colcon_core.verb:set package 'group_8_assignment_1' build argument 'cmake_clean_first' from command line to 'False'
[0.214s] Level 5:colcon.colcon_core.verb:set package 'group_8_assignment_1' build argument 'cmake_force_configure' from command line to 'False'
[0.214s] Level 5:colcon.colcon_core.verb:set package 'group_8_assignment_1' build argument 'ament_cmake_args' from command line to 'None'
[0.214s] Level 5:colcon.colcon_core.verb:set package 'group_8_assignment_1' build argument 'catkin_cmake_args' from command line to 'None'
[0.214s] Level 5:colcon.colcon_core.verb:set package 'group_8_assignment_1' build argument 'catkin_skip_building_tests' from command line to 'False'
[0.214s] DEBUG:colcon.colcon_core.verb:Building package 'group_8_assignment_1' with the following arguments: {'ament_cmake_args': None, 'build_base': '/home/prakash/ws_8_assignments/build/group_8_assignment_1', 'catkin_cmake_args': None, 'catkin_skip_building_tests': False, 'cmake_args': None, 'cmake_clean_cache': False, 'cmake_clean_first': False, 'cmake_force_configure': False, 'cmake_target': None, 'cmake_target_skip_unavailable': False, 'install_base': '/home/prakash/ws_8_assignments/install/group_8_assignment_1', 'merge_install': False, 'path': '/home/prakash/ws_8_assignments/src/group_8_assignment_1', 'symlink_install': False, 'test_result_base': None}
[0.214s] Level 5:colcon.colcon_core.verb:set package 'ir_base' build argument 'cmake_args' from command line to 'None'
[0.214s] Level 5:colcon.colcon_core.verb:set package 'ir_base' build argument 'cmake_target' from command line to 'None'
[0.214s] Level 5:colcon.colcon_core.verb:set package 'ir_base' build argument 'cmake_target_skip_unavailable' from command line to 'False'
[0.214s] Level 5:colcon.colcon_core.verb:set package 'ir_base' build argument 'cmake_clean_cache' from command line to 'False'
[0.214s] Level 5:colcon.colcon_core.verb:set package 'ir_base' build argument 'cmake_clean_first' from command line to 'False'
[0.214s] Level 5:colcon.colcon_core.verb:set package 'ir_base' build argument 'cmake_force_configure' from command line to 'False'
[0.214s] Level 5:colcon.colcon_core.verb:set package 'ir_base' build argument 'ament_cmake_args' from command line to 'None'
[0.214s] Level 5:colcon.colcon_core.verb:set package 'ir_base' build argument 'catkin_cmake_args' from command line to 'None'
[0.214s] Level 5:colcon.colcon_core.verb:set package 'ir_base' build argument 'catkin_skip_building_tests' from command line to 'False'
[0.214s] DEBUG:colcon.colcon_core.verb:Building package 'ir_base' with the following arguments: {'ament_cmake_args': None, 'build_base': '/home/prakash/ws_8_assignments/build/ir_base', 'catkin_cmake_args': None, 'catkin_skip_building_tests': False, 'cmake_args': None, 'cmake_clean_cache': False, 'cmake_clean_first': False, 'cmake_force_configure': False, 'cmake_target': None, 'cmake_target_skip_unavailable': False, 'install_base': '/home/prakash/ws_8_assignments/install/ir_base', 'merge_install': False, 'path': '/home/prakash/ws_8_assignments/src/ir_2526/ir_base', 'symlink_install': False, 'test_result_base': None}
[0.214s] Level 5:colcon.colcon_core.verb:set package 'ir_desription' build argument 'cmake_args' from command line to 'None'
[0.214s] Level 5:colcon.colcon_core.verb:set package 'ir_desription' build argument 'cmake_target' from command line to 'None'
[0.214s] Level 5:colcon.colcon_core.verb:set package 'ir_desription' build argument 'cmake_target_skip_unavailable' from command line to 'False'
[0.214s] Level 5:colcon.colcon_core.verb:set package 'ir_desription' build argument 'cmake_clean_cache' from command line to 'False'
[0.215s] Level 5:colcon.colcon_core.verb:set package 'ir_desription' build argument 'cmake_clean_first' from command line to 'False'
[0.215s] Level 5:colcon.colcon_core.verb:set package 'ir_desription' build argument 'cmake_force_configure' from command line to 'False'
[0.215s] Level 5:colcon.colcon_core.verb:set package 'ir_desription' build argument 'ament_cmake_args' from command line to 'None'
[0.215s] Level 5:colcon.colcon_core.verb:set package 'ir_desription' build argument 'catkin_cmake_args' from command line to 'None'
[0.215s] Level 5:colcon.colcon_core.verb:set package 'ir_desription' build argument 'catkin_skip_building_tests' from command line to 'False'
[0.215s] DEBUG:colcon.colcon_core.verb:Building package 'ir_desription' with the following arguments: {'ament_cmake_args': None, 'build_base': '/home/prakash/ws_8_assignments/build/ir_desription', 'catkin_cmake_args': None, 'catkin_skip_building_tests': False, 'cmake_args': None, 'cmake_clean_cache': False, 'cmake_clean_first': False, 'cmake_force_configure': False, 'cmake_target': None, 'cmake_target_skip_unavailable': False, 'install_base': '/home/prakash/ws_8_assignments/install/ir_desription', 'merge_install': False, 'path': '/home/prakash/ws_8_assignments/src/ir_2526/ir_desription', 'symlink_install': False, 'test_result_base': None}
[0.215s] Level 5:colcon.colcon_core.verb:set package 'ir_launch' build argument 'cmake_args' from command line to 'None'
[0.215s] Level 5:colcon.colcon_core.verb:set package 'ir_launch' build argument 'cmake_target' from command line to 'None'
[0.215s] Level 5:colcon.colcon_core.verb:set package 'ir_launch' build argument 'cmake_target_skip_unavailable' from command line to 'False'
[0.215s] Level 5:colcon.colcon_core.verb:set package 'ir_launch' build argument 'cmake_clean_cache' from command line to 'False'
[0.215s] Level 5:colcon.colcon_core.verb:set package 'ir_launch' build argument 'cmake_clean_first' from command line to 'False'
[0.215s] Level 5:colcon.colcon_core.verb:set package 'ir_launch' build argument 'cmake_force_configure' from command line to 'False'
[0.215s] Level 5:colcon.colcon_core.verb:set package 'ir_launch' build argument 'ament_cmake_args' from command line to 'None'
[0.215s] Level 5:colcon.colcon_core.verb:set package 'ir_launch' build argument 'catkin_cmake_args' from command line to 'None'
[0.215s] Level 5:colcon.colcon_core.verb:set package 'ir_launch' build argument 'catkin_skip_building_tests' from command line to 'False'
[0.215s] DEBUG:colcon.colcon_core.verb:Building package 'ir_launch' with the following arguments: {'ament_cmake_args': None, 'build_base': '/home/prakash/ws_8_assignments/build/ir_launch', 'catkin_cmake_args': None, 'catkin_skip_building_tests': False, 'cmake_args': None, 'cmake_clean_cache': False, 'cmake_clean_first': False, 'cmake_force_configure': False, 'cmake_target': None, 'cmake_target_skip_unavailable': False, 'install_base': '/home/prakash/ws_8_assignments/install/ir_launch', 'merge_install': False, 'path': '/home/prakash/ws_8_assignments/src/ir_2526/ir_launch', 'symlink_install': False, 'test_result_base': None}
[0.215s] Level 5:colcon.colcon_core.verb:set package 'ir_movit_config' build argument 'cmake_args' from command line to 'None'
[0.215s] Level 5:colcon.colcon_core.verb:set package 'ir_movit_config' build argument 'cmake_target' from command line to 'None'
[0.215s] Level 5:colcon.colcon_core.verb:set package 'ir_movit_config' build argument 'cmake_target_skip_unavailable' from command line to 'False'
[0.215s] Level 5:colcon.colcon_core.verb:set package 'ir_movit_config' build argument 'cmake_clean_cache' from command line to 'False'
[0.215s] Level 5:colcon.colcon_core.verb:set package 'ir_movit_config' build argument 'cmake_clean_first' from command line to 'False'
[0.215s] Level 5:colcon.colcon_core.verb:set package 'ir_movit_config' build argument 'cmake_force_configure' from command line to 'False'
[0.215s] Level 5:colcon.colcon_core.verb:set package 'ir_movit_config' build argument 'ament_cmake_args' from command line to 'None'
[0.215s] Level 5:colcon.colcon_core.verb:set package 'ir_movit_config' build argument 'catkin_cmake_args' from command line to 'None'
[0.215s] Level 5:colcon.colcon_core.verb:set package 'ir_movit_config' build argument 'catkin_skip_building_tests' from command line to 'False'
[0.215s] DEBUG:colcon.colcon_core.verb:Building package 'ir_movit_config' with the following arguments: {'ament_cmake_args': None, 'build_base': '/home/prakash/ws_8_assignments/build/ir_movit_config', 'catkin_cmake_args': None, 'catkin_skip_building_tests': False, 'cmake_args': None, 'cmake_clean_cache': False, 'cmake_clean_first': False, 'cmake_force_configure': False, 'cmake_target': None, 'cmake_target_skip_unavailable': False, 'install_base': '/home/prakash/ws_8_assignments/install/ir_movit_config', 'merge_install': False, 'path': '/home/prakash/ws_8_assignments/src/ir_2526/ir_movit_config', 'symlink_install': False, 'test_result_base': None}
[0.215s] INFO:colcon.colcon_core.executor:Executing jobs using 'parallel' executor
[0.216s] DEBUG:colcon.colcon_parallel_executor.executor.parallel:run_until_complete
[0.217s] INFO:colcon.colcon_ros.task.ament_cmake.build:Building ROS package in '/home/prakash/ws_8_assignments/src/ir_2526/ir_desription' with build type 'ament_cmake'
[0.217s] INFO:colcon.colcon_cmake.task.cmake.build:Building CMake package in '/home/prakash/ws_8_assignments/src/ir_2526/ir_desription'
[0.218s] INFO:colcon.colcon_core.plugin_system:Skipping extension 'colcon_core.shell.bat': Not used on non-Windows systems
[0.219s] INFO:colcon.colcon_core.shell:Skip shell extension 'powershell' for command environment: Not usable outside of PowerShell
[0.219s] DEBUG:colcon.colcon_core.shell:Skip shell extension 'dsv' for command environment
[0.223s] INFO:colcon.colcon_ros.task.ament_cmake.build:Building ROS package in '/home/prakash/ws_8_assignments/src/ir_2526/apriltag_ros' with build type 'ament_cmake'
[0.223s] INFO:colcon.colcon_cmake.task.cmake.build:Building CMake package in '/home/prakash/ws_8_assignments/src/ir_2526/apriltag_ros'
[0.223s] INFO:colcon.colcon_core.shell:Skip shell extension 'powershell' for command environment: Not usable outside of PowerShell
[0.223s] DEBUG:colcon.colcon_core.shell:Skip shell extension 'dsv' for command environment
[0.227s] INFO:colcon.colcon_ros.task.ament_cmake.build:Building ROS package in '/home/prakash/ws_8_assignments/src/group_8_assignment_1' with build type 'ament_cmake'
[0.227s] INFO:colcon.colcon_cmake.task.cmake.build:Building CMake package in '/home/prakash/ws_8_assignments/src/group_8_assignment_1'
[0.227s] INFO:colcon.colcon_core.shell:Skip shell extension 'powershell' for command environment: Not usable outside of PowerShell
[0.227s] DEBUG:colcon.colcon_core.shell:Skip shell extension 'dsv' for command environment
[0.231s] INFO:colcon.colcon_ros.task.ament_cmake.build:Building ROS package in '/home/prakash/ws_8_assignments/src/ir_2526/ir_base' with build type 'ament_cmake'
[0.231s] INFO:colcon.colcon_cmake.task.cmake.build:Building CMake package in '/home/prakash/ws_8_assignments/src/ir_2526/ir_base'
[0.231s] INFO:colcon.colcon_core.shell:Skip shell extension 'powershell' for command environment: Not usable outside of PowerShell
[0.231s] DEBUG:colcon.colcon_core.shell:Skip shell extension 'dsv' for command environment
[0.235s] INFO:colcon.colcon_ros.task.ament_cmake.build:Building ROS package in '/home/prakash/ws_8_assignments/src/ir_2526/ir_launch' with build type 'ament_cmake'
[0.235s] INFO:colcon.colcon_cmake.task.cmake.build:Building CMake package in '/home/prakash/ws_8_assignments/src/ir_2526/ir_launch'
[0.235s] INFO:colcon.colcon_core.shell:Skip shell extension 'powershell' for command environment: Not usable outside of PowerShell
[0.235s] DEBUG:colcon.colcon_core.shell:Skip shell extension 'dsv' for command environment
[0.243s] DEBUG:colcon.colcon_core.event_handler.log_command:Invoking command in '/home/prakash/ws_8_assignments/build/ir_desription': CMAKE_PREFIX_PATH=${CMAKE_PREFIX_PATH}:/opt/ros/jazzy DEBUGINFOD_URLS=https://debuginfod.ubuntu.com /usr/bin/cmake --build /home/prakash/ws_8_assignments/build/ir_desription -- -j12 -l12
[0.245s] DEBUG:colcon.colcon_core.event_handler.log_command:Invoking command in '/home/prakash/ws_8_assignments/build/apriltag_ros': CMAKE_PREFIX_PATH=${CMAKE_PREFIX_PATH}:/opt/ros/jazzy DEBUGINFOD_URLS=https://debuginfod.ubuntu.com /usr/bin/cmake --build /home/prakash/ws_8_assignments/build/apriltag_ros -- -j12 -l12
[0.247s] DEBUG:colcon.colcon_core.event_handler.log_command:Invoking command in '/home/prakash/ws_8_assignments/build/group_8_assignment_1': CMAKE_PREFIX_PATH=${CMAKE_PREFIX_PATH}:/opt/ros/jazzy DEBUGINFOD_URLS=https://debuginfod.ubuntu.com /usr/bin/cmake --build /home/prakash/ws_8_assignments/build/group_8_assignment_1 -- -j12 -l12
[0.250s] DEBUG:colcon.colcon_core.event_handler.log_command:Invoking command in '/home/prakash/ws_8_assignments/build/ir_base': CMAKE_PREFIX_PATH=${CMAKE_PREFIX_PATH}:/opt/ros/jazzy DEBUGINFOD_URLS=https://debuginfod.ubuntu.com /usr/bin/cmake --build /home/prakash/ws_8_assignments/build/ir_base -- -j12 -l12
[0.253s] DEBUG:colcon.colcon_core.event_handler.log_command:Invoking command in '/home/prakash/ws_8_assignments/build/ir_launch': CMAKE_PREFIX_PATH=${CMAKE_PREFIX_PATH}:/opt/ros/jazzy DEBUGINFOD_URLS=https://debuginfod.ubuntu.com /usr/bin/cmake --build /home/prakash/ws_8_assignments/build/ir_launch -- -j12 -l12
[0.284s] DEBUG:colcon.colcon_core.event_handler.log_command:Invoked command in '/home/prakash/ws_8_assignments/build/ir_desription' returned '0': CMAKE_PREFIX_PATH=${CMAKE_PREFIX_PATH}:/opt/ros/jazzy DEBUGINFOD_URLS=https://debuginfod.ubuntu.com /usr/bin/cmake --build /home/prakash/ws_8_assignments/build/ir_desription -- -j12 -l12
[0.295s] DEBUG:colcon.colcon_core.event_handler.log_command:Invoking command in '/home/prakash/ws_8_assignments/build/ir_desription': CMAKE_PREFIX_PATH=${CMAKE_PREFIX_PATH}:/opt/ros/jazzy DEBUGINFOD_URLS=https://debuginfod.ubuntu.com /usr/bin/cmake --install /home/prakash/ws_8_assignments/build/ir_desription
[0.297s] DEBUG:colcon.colcon_core.event_handler.log_command:Invoked command in '/home/prakash/ws_8_assignments/build/ir_launch' returned '0': CMAKE_PREFIX_PATH=${CMAKE_PREFIX_PATH}:/opt/ros/jazzy DEBUGINFOD_URLS=https://debuginfod.ubuntu.com /usr/bin/cmake --build /home/prakash/ws_8_assignments/build/ir_launch -- -j12 -l12
[0.298s] DEBUG:colcon.colcon_core.event_handler.log_command:Invoking command in '/home/prakash/ws_8_assignments/build/ir_launch': CMAKE_PREFIX_PATH=${CMAKE_PREFIX_PATH}:/opt/ros/jazzy DEBUGINFOD_URLS=https://debuginfod.ubuntu.com /usr/bin/cmake --install /home/prakash/ws_8_assignments/build/ir_launch
[0.298s] DEBUG:colcon.colcon_core.event_handler.log_command:Invoked command in '/home/prakash/ws_8_assignments/build/ir_base' returned '0': CMAKE_PREFIX_PATH=${CMAKE_PREFIX_PATH}:/opt/ros/jazzy DEBUGINFOD_URLS=https://debuginfod.ubuntu.com /usr/bin/cmake --build /home/prakash/ws_8_assignments/build/ir_base -- -j12 -l12
[0.300s] DEBUG:colcon.colcon_core.event_handler.log_command:Invoking command in '/home/prakash/ws_8_assignments/build/ir_base': CMAKE_PREFIX_PATH=${CMAKE_PREFIX_PATH}:/opt/ros/jazzy DEBUGINFOD_URLS=https://debuginfod.ubuntu.com /usr/bin/cmake --install /home/prakash/ws_8_assignments/build/ir_base
[0.330s] Level 1:colcon.colcon_core.environment:create_environment_scripts_only(ir_launch)
[0.331s] DEBUG:colcon.colcon_core.event_handler.log_command:Invoked command in '/home/prakash/ws_8_assignments/build/ir_launch' returned '0': CMAKE_PREFIX_PATH=${CMAKE_PREFIX_PATH}:/opt/ros/jazzy DEBUGINFOD_URLS=https://debuginfod.ubuntu.com /usr/bin/cmake --install /home/prakash/ws_8_assignments/build/ir_launch
[0.333s] Level 1:colcon.colcon_core.environment:checking '/home/prakash/ws_8_assignments/install/ir_launch' for CMake module files
[0.333s] Level 1:colcon.colcon_core.environment:checking '/home/prakash/ws_8_assignments/install/ir_launch' for CMake config files
[0.333s] Level 1:colcon.colcon_core.shell:create_environment_hook('ir_launch', 'cmake_prefix_path')
[0.333s] INFO:colcon.colcon_core.shell:Creating environment hook '/home/prakash/ws_8_assignments/install/ir_launch/share/ir_launch/hook/cmake_prefix_path.ps1'
[0.334s] INFO:colcon.colcon_core.shell:Creating environment descriptor '/home/prakash/ws_8_assignments/install/ir_launch/share/ir_launch/hook/cmake_prefix_path.dsv'
[0.334s] INFO:colcon.colcon_core.shell:Creating environment hook '/home/prakash/ws_8_assignments/install/ir_launch/share/ir_launch/hook/cmake_prefix_path.sh'
[0.335s] Level 1:colcon.colcon_core.environment:checking '/home/prakash/ws_8_assignments/install/ir_launch/bin'
[0.335s] Level 1:colcon.colcon_core.environment:checking '/home/prakash/ws_8_assignments/install/ir_launch/lib/pkgconfig/ir_launch.pc'
[0.335s] Level 1:colcon.colcon_core.environment:checking '/home/prakash/ws_8_assignments/install/ir_launch/lib/python3.12/site-packages'
[0.335s] Level 1:colcon.colcon_core.environment:checking '/home/prakash/ws_8_assignments/install/ir_launch/bin'
[0.336s] INFO:colcon.colcon_core.shell:Creating package script '/home/prakash/ws_8_assignments/install/ir_launch/share/ir_launch/package.ps1'
[0.336s] INFO:colcon.colcon_core.shell:Creating package descriptor '/home/prakash/ws_8_assignments/install/ir_launch/share/ir_launch/package.dsv'
[0.337s] INFO:colcon.colcon_core.shell:Creating package script '/home/prakash/ws_8_assignments/install/ir_launch/share/ir_launch/package.sh'
[0.337s] INFO:colcon.colcon_core.shell:Creating package script '/home/prakash/ws_8_assignments/install/ir_launch/share/ir_launch/package.bash'
[0.337s] INFO:colcon.colcon_core.shell:Creating package script '/home/prakash/ws_8_assignments/install/ir_launch/share/ir_launch/package.zsh'
[0.338s] Level 1:colcon.colcon_core.environment:create_file_with_runtime_dependencies(/home/prakash/ws_8_assignments/install/ir_launch/share/colcon-core/packages/ir_launch)
[0.338s] Level 1:colcon.colcon_core.environment:create_environment_scripts_only(ir_launch)
[0.338s] Level 1:colcon.colcon_core.environment:checking '/home/prakash/ws_8_assignments/install/ir_launch' for CMake module files
[0.339s] Level 1:colcon.colcon_core.environment:checking '/home/prakash/ws_8_assignments/install/ir_launch' for CMake config files
[0.339s] Level 1:colcon.colcon_core.shell:create_environment_hook('ir_launch', 'cmake_prefix_path')
[0.339s] INFO:colcon.colcon_core.shell:Creating environment hook '/home/prakash/ws_8_assignments/install/ir_launch/share/ir_launch/hook/cmake_prefix_path.ps1'
[0.339s] INFO:colcon.colcon_core.shell:Creating environment descriptor '/home/prakash/ws_8_assignments/install/ir_launch/share/ir_launch/hook/cmake_prefix_path.dsv'
[0.339s] INFO:colcon.colcon_core.shell:Creating environment hook '/home/prakash/ws_8_assignments/install/ir_launch/share/ir_launch/hook/cmake_prefix_path.sh'
[0.340s] Level 1:colcon.colcon_core.environment:checking '/home/prakash/ws_8_assignments/install/ir_launch/bin'
[0.340s] Level 1:colcon.colcon_core.environment:checking '/home/prakash/ws_8_assignments/install/ir_launch/lib/pkgconfig/ir_launch.pc'
[0.340s] Level 1:colcon.colcon_core.environment:checking '/home/prakash/ws_8_assignments/install/ir_launch/lib/python3.12/site-packages'
[0.340s] Level 1:colcon.colcon_core.environment:checking '/home/prakash/ws_8_assignments/install/ir_launch/bin'
[0.340s] INFO:colcon.colcon_core.shell:Creating package script '/home/prakash/ws_8_assignments/install/ir_launch/share/ir_launch/package.ps1'
[0.341s] INFO:colcon.colcon_core.shell:Creating package descriptor '/home/prakash/ws_8_assignments/install/ir_launch/share/ir_launch/package.dsv'
[0.341s] INFO:colcon.colcon_core.shell:Creating package script '/home/prakash/ws_8_assignments/install/ir_launch/share/ir_launch/package.sh'
[0.342s] INFO:colcon.colcon_core.shell:Creating package script '/home/prakash/ws_8_assignments/install/ir_launch/share/ir_launch/package.bash'
[0.342s] INFO:colcon.colcon_core.shell:Creating package script '/home/prakash/ws_8_assignments/install/ir_launch/share/ir_launch/package.zsh'
[0.342s] Level 1:colcon.colcon_core.environment:create_file_with_runtime_dependencies(/home/prakash/ws_8_assignments/install/ir_launch/share/colcon-core/packages/ir_launch)
[0.342s] Level 1:colcon.colcon_core.environment:create_environment_scripts_only(ir_desription)
[0.342s] Level 1:colcon.colcon_core.environment:checking '/home/prakash/ws_8_assignments/install/ir_desription' for CMake module files
[0.343s] DEBUG:colcon.colcon_core.event_handler.log_command:Invoked command in '/home/prakash/ws_8_assignments/build/ir_desription' returned '0': CMAKE_PREFIX_PATH=${CMAKE_PREFIX_PATH}:/opt/ros/jazzy DEBUGINFOD_URLS=https://debuginfod.ubuntu.com /usr/bin/cmake --install /home/prakash/ws_8_assignments/build/ir_desription
[0.344s] Level 1:colcon.colcon_core.environment:checking '/home/prakash/ws_8_assignments/install/ir_desription' for CMake config files
[0.344s] Level 1:colcon.colcon_core.shell:create_environment_hook('ir_desription', 'cmake_prefix_path')
[0.344s] INFO:colcon.colcon_core.shell:Creating environment hook '/home/prakash/ws_8_assignments/install/ir_desription/share/ir_desription/hook/cmake_prefix_path.ps1'
[0.344s] INFO:colcon.colcon_core.shell:Creating environment descriptor '/home/prakash/ws_8_assignments/install/ir_desription/share/ir_desription/hook/cmake_prefix_path.dsv'
[0.345s] INFO:colcon.colcon_core.shell:Creating environment hook '/home/prakash/ws_8_assignments/install/ir_desription/share/ir_desription/hook/cmake_prefix_path.sh'
[0.345s] Level 1:colcon.colcon_core.environment:checking '/home/prakash/ws_8_assignments/install/ir_desription/bin'
[0.345s] Level 1:colcon.colcon_core.environment:checking '/home/prakash/ws_8_assignments/install/ir_desription/lib/pkgconfig/ir_desription.pc'
[0.345s] Level 1:colcon.colcon_core.environment:checking '/home/prakash/ws_8_assignments/install/ir_desription/lib/python3.12/site-packages'
[0.345s] Level 1:colcon.colcon_core.environment:checking '/home/prakash/ws_8_assignments/install/ir_desription/bin'
[0.346s] INFO:colcon.colcon_core.shell:Creating package script '/home/prakash/ws_8_assignments/install/ir_desription/share/ir_desription/package.ps1'
[0.346s] INFO:colcon.colcon_core.shell:Creating package descriptor '/home/prakash/ws_8_assignments/install/ir_desription/share/ir_desription/package.dsv'
[0.346s] INFO:colcon.colcon_core.shell:Creating package script '/home/prakash/ws_8_assignments/install/ir_desription/share/ir_desription/package.sh'
[0.346s] INFO:colcon.colcon_core.shell:Creating package script '/home/prakash/ws_8_assignments/install/ir_desription/share/ir_desription/package.bash'
[0.347s] INFO:colcon.colcon_core.shell:Creating package script '/home/prakash/ws_8_assignments/install/ir_desription/share/ir_desription/package.zsh'
[0.347s] Level 1:colcon.colcon_core.environment:create_file_with_runtime_dependencies(/home/prakash/ws_8_assignments/install/ir_desription/share/colcon-core/packages/ir_desription)
[0.347s] Level 1:colcon.colcon_core.environment:create_environment_scripts_only(ir_desription)
[0.347s] Level 1:colcon.colcon_core.environment:checking '/home/prakash/ws_8_assignments/install/ir_desription' for CMake module files
[0.348s] Level 1:colcon.colcon_core.environment:checking '/home/prakash/ws_8_assignments/install/ir_desription' for CMake config files
[0.348s] Level 1:colcon.colcon_core.shell:create_environment_hook('ir_desription', 'cmake_prefix_path')
[0.348s] INFO:colcon.colcon_core.shell:Creating environment hook '/home/prakash/ws_8_assignments/install/ir_desription/share/ir_desription/hook/cmake_prefix_path.ps1'
[0.348s] INFO:colcon.colcon_core.shell:Creating environment descriptor '/home/prakash/ws_8_assignments/install/ir_desription/share/ir_desription/hook/cmake_prefix_path.dsv'
[0.349s] INFO:colcon.colcon_core.shell:Creating environment hook '/home/prakash/ws_8_assignments/install/ir_desription/share/ir_desription/hook/cmake_prefix_path.sh'
[0.349s] Level 1:colcon.colcon_core.environment:checking '/home/prakash/ws_8_assignments/install/ir_desription/bin'
[0.349s] Level 1:colcon.colcon_core.environment:checking '/home/prakash/ws_8_assignments/install/ir_desription/lib/pkgconfig/ir_desription.pc'
[0.350s] Level 1:colcon.colcon_core.environment:checking '/home/prakash/ws_8_assignments/install/ir_desription/lib/python3.12/site-packages'
[0.350s] Level 1:colcon.colcon_core.environment:checking '/home/prakash/ws_8_assignments/install/ir_desription/bin'
[0.350s] INFO:colcon.colcon_core.shell:Creating package script '/home/prakash/ws_8_assignments/install/ir_desription/share/ir_desription/package.ps1'
[0.350s] INFO:colcon.colcon_core.shell:Creating package descriptor '/home/prakash/ws_8_assignments/install/ir_desription/share/ir_desription/package.dsv'
[0.351s] INFO:colcon.colcon_core.shell:Creating package script '/home/prakash/ws_8_assignments/install/ir_desription/share/ir_desription/package.sh'
[0.351s] INFO:colcon.colcon_core.shell:Creating package script '/home/prakash/ws_8_assignments/install/ir_desription/share/ir_desription/package.bash'
[0.351s] INFO:colcon.colcon_core.shell:Creating package script '/home/prakash/ws_8_assignments/install/ir_desription/share/ir_desription/package.zsh'
[0.352s] Level 1:colcon.colcon_core.environment:create_file_with_runtime_dependencies(/home/prakash/ws_8_assignments/install/ir_desription/share/colcon-core/packages/ir_desription)
[0.352s] Level 1:colcon.colcon_core.environment:create_environment_scripts_only(ir_base)
[0.352s] Level 1:colcon.colcon_core.environment:checking '/home/prakash/ws_8_assignments/install/ir_base' for CMake module files
[0.353s] DEBUG:colcon.colcon_core.event_handler.log_command:Invoked command in '/home/prakash/ws_8_assignments/build/ir_base' returned '0': CMAKE_PREFIX_PATH=${CMAKE_PREFIX_PATH}:/opt/ros/jazzy DEBUGINFOD_URLS=https://debuginfod.ubuntu.com /usr/bin/cmake --install /home/prakash/ws_8_assignments/build/ir_base
[0.353s] Level 1:colcon.colcon_core.environment:checking '/home/prakash/ws_8_assignments/install/ir_base' for CMake config files
[0.353s] Level 1:colcon.colcon_core.shell:create_environment_hook('ir_base', 'cmake_prefix_path')
[0.353s] INFO:colcon.colcon_core.shell:Creating environment hook '/home/prakash/ws_8_assignments/install/ir_base/share/ir_base/hook/cmake_prefix_path.ps1'
[0.354s] INFO:colcon.colcon_core.shell:Creating environment descriptor '/home/prakash/ws_8_assignments/install/ir_base/share/ir_base/hook/cmake_prefix_path.dsv'
[0.354s] INFO:colcon.colcon_core.shell:Creating environment hook '/home/prakash/ws_8_assignments/install/ir_base/share/ir_base/hook/cmake_prefix_path.sh'
[0.354s] Level 1:colcon.colcon_core.environment:checking '/home/prakash/ws_8_assignments/install/ir_base/bin'
[0.354s] Level 1:colcon.colcon_core.environment:checking '/home/prakash/ws_8_assignments/install/ir_base/lib/pkgconfig/ir_base.pc'
[0.355s] Level 1:colcon.colcon_core.environment:checking '/home/prakash/ws_8_assignments/install/ir_base/lib/python3.12/site-packages'
[0.355s] Level 1:colcon.colcon_core.environment:checking '/home/prakash/ws_8_assignments/install/ir_base/bin'
[0.355s] INFO:colcon.colcon_core.shell:Creating package script '/home/prakash/ws_8_assignments/install/ir_base/share/ir_base/package.ps1'
[0.356s] INFO:colcon.colcon_core.shell:Creating package descriptor '/home/prakash/ws_8_assignments/install/ir_base/share/ir_base/package.dsv'
[0.356s] INFO:colcon.colcon_core.shell:Creating package script '/home/prakash/ws_8_assignments/install/ir_base/share/ir_base/package.sh'
[0.356s] INFO:colcon.colcon_core.shell:Creating package script '/home/prakash/ws_8_assignments/install/ir_base/share/ir_base/package.bash'
[0.357s] INFO:colcon.colcon_core.shell:Creating package script '/home/prakash/ws_8_assignments/install/ir_base/share/ir_base/package.zsh'
[0.357s] Level 1:colcon.colcon_core.environment:create_file_with_runtime_dependencies(/home/prakash/ws_8_assignments/install/ir_base/share/colcon-core/packages/ir_base)
[0.357s] Level 1:colcon.colcon_core.environment:create_environment_scripts_only(ir_base)
[0.357s] Level 1:colcon.colcon_core.environment:checking '/home/prakash/ws_8_assignments/install/ir_base' for CMake module files
[0.358s] Level 1:colcon.colcon_core.environment:checking '/home/prakash/ws_8_assignments/install/ir_base' for CMake config files
[0.358s] Level 1:colcon.colcon_core.shell:create_environment_hook('ir_base', 'cmake_prefix_path')
[0.358s] INFO:colcon.colcon_core.shell:Creating environment hook '/home/prakash/ws_8_assignments/install/ir_base/share/ir_base/hook/cmake_prefix_path.ps1'
[0.358s] INFO:colcon.colcon_core.shell:Creating environment descriptor '/home/prakash/ws_8_assignments/install/ir_base/share/ir_base/hook/cmake_prefix_path.dsv'
[0.359s] INFO:colcon.colcon_core.shell:Creating environment hook '/home/prakash/ws_8_assignments/install/ir_base/share/ir_base/hook/cmake_prefix_path.sh'
[0.359s] Level 1:colcon.colcon_core.environment:checking '/home/prakash/ws_8_assignments/install/ir_base/bin'
[0.359s] Level 1:colcon.colcon_core.environment:checking '/home/prakash/ws_8_assignments/install/ir_base/lib/pkgconfig/ir_base.pc'
[0.359s] Level 1:colcon.colcon_core.environment:checking '/home/prakash/ws_8_assignments/install/ir_base/lib/python3.12/site-packages'
[0.360s] Level 1:colcon.colcon_core.environment:checking '/home/prakash/ws_8_assignments/install/ir_base/bin'
[0.360s] INFO:colcon.colcon_core.shell:Creating package script '/home/prakash/ws_8_assignments/install/ir_base/share/ir_base/package.ps1'
[0.360s] INFO:colcon.colcon_core.shell:Creating package descriptor '/home/prakash/ws_8_assignments/install/ir_base/share/ir_base/package.dsv'
[0.360s] INFO:colcon.colcon_core.shell:Creating package script '/home/prakash/ws_8_assignments/install/ir_base/share/ir_base/package.sh'
[0.361s] INFO:colcon.colcon_core.shell:Creating package script '/home/prakash/ws_8_assignments/install/ir_base/share/ir_base/package.bash'
[0.361s] INFO:colcon.colcon_core.shell:Creating package script '/home/prakash/ws_8_assignments/install/ir_base/share/ir_base/package.zsh'
[0.361s] Level 1:colcon.colcon_core.environment:create_file_with_runtime_dependencies(/home/prakash/ws_8_assignments/install/ir_base/share/colcon-core/packages/ir_base)
[0.362s] DEBUG:colcon.colcon_core.event_handler.log_command:Invoked command in '/home/prakash/ws_8_assignments/build/group_8_assignment_1' returned '0': CMAKE_PREFIX_PATH=${CMAKE_PREFIX_PATH}:/opt/ros/jazzy DEBUGINFOD_URLS=https://debuginfod.ubuntu.com /usr/bin/cmake --build /home/prakash/ws_8_assignments/build/group_8_assignment_1 -- -j12 -l12
[0.363s] DEBUG:colcon.colcon_core.event_handler.log_command:Invoking command in '/home/prakash/ws_8_assignments/build/group_8_assignment_1': CMAKE_PREFIX_PATH=${CMAKE_PREFIX_PATH}:/opt/ros/jazzy DEBUGINFOD_URLS=https://debuginfod.ubuntu.com /usr/bin/cmake --install /home/prakash/ws_8_assignments/build/group_8_assignment_1
[0.363s] INFO:colcon.colcon_ros.task.ament_cmake.build:Building ROS package in '/home/prakash/ws_8_assignments/src/ir_2526/ir_movit_config' with build type 'ament_cmake'
[0.363s] INFO:colcon.colcon_cmake.task.cmake.build:Building CMake package in '/home/prakash/ws_8_assignments/src/ir_2526/ir_movit_config'
[0.363s] INFO:colcon.colcon_core.shell:Skip shell extension 'powershell' for command environment: Not usable outside of PowerShell
[0.363s] DEBUG:colcon.colcon_core.shell:Skip shell extension 'dsv' for command environment
[0.376s] DEBUG:colcon.colcon_core.event_handler.log_command:Invoking command in '/home/prakash/ws_8_assignments/build/ir_movit_config': CMAKE_PREFIX_PATH=/home/prakash/ws_8_assignments/install/ir_desription:/home/prakash/ws_8_assignments/install/group_8_assignment_1:/home/prakash/ws_8_assignments/install/ir_movit_config:/home/prakash/ws_8_assignments/install/ir_launch:/home/prakash/ws_8_assignments/install/ir_base:/home/prakash/ws_8_assignments/install/apriltag_ros:/home/prakash/assignment_ws/install/group_8_assignment_1:/home/prakash/assignment_ws/install/table_detection_pkg:/home/prakash/ros2_ws/install/my_first_pkg:/home/prakash/ros2_ws/install/actions_pkg:/opt/ros/jazzy/opt/gz_sim_vendor:/opt/ros/jazzy/opt/gz_sensors_vendor:/opt/ros/jazzy/opt/gz_physics_vendor:/opt/ros/jazzy/opt/sdformat_vendor:/opt/ros/jazzy/opt/gz_gui_vendor:/opt/ros/jazzy/opt/gz_transport_vendor:/opt/ros/jazzy/opt/gz_rendering_vendor:/opt/ros/jazzy/opt/gz_plugin_vendor:/opt/ros/jazzy/opt/gz_fuel_tools_vendor:/opt/ros/jazzy/opt/gz_msgs_vendor:/opt/ros/jazzy/opt/gz_common_vendor:/opt/ros/jazzy/opt/gz_math_vendor:/opt/ros/jazzy/opt/gz_utils_vendor:/opt/ros/jazzy/opt/gz_tools_vendor:/opt/ros/jazzy/opt/gz_ogre_next_vendor:/opt/ros/jazzy/opt/gz_dartsim_vendor:/opt/ros/jazzy/opt/gz_cmake_vendor:/opt/ros/jazzy DEBUGINFOD_URLS=https://debuginfod.ubuntu.com /usr/bin/cmake --build /home/prakash/ws_8_assignments/build/ir_movit_config -- -j12 -l12
[0.376s] Level 1:colcon.colcon_core.environment:create_environment_scripts_only(group_8_assignment_1)
[0.376s] Level 1:colcon.colcon_core.environment:checking '/home/prakash/ws_8_assignments/install/group_8_assignment_1' for CMake module files
[0.379s] DEBUG:colcon.colcon_core.event_handler.log_command:Invoked command in '/home/prakash/ws_8_assignments/build/group_8_assignment_1' returned '0': CMAKE_PREFIX_PATH=${CMAKE_PREFIX_PATH}:/opt/ros/jazzy DEBUGINFOD_URLS=https://debuginfod.ubuntu.com /usr/bin/cmake --install /home/prakash/ws_8_assignments/build/group_8_assignment_1
[0.379s] Level 1:colcon.colcon_core.environment:checking '/home/prakash/ws_8_assignments/install/group_8_assignment_1' for CMake config files
[0.379s] Level 1:colcon.colcon_core.shell:create_environment_hook('group_8_assignment_1', 'cmake_prefix_path')
[0.380s] INFO:colcon.colcon_core.shell:Creating environment hook '/home/prakash/ws_8_assignments/install/group_8_assignment_1/share/group_8_assignment_1/hook/cmake_prefix_path.ps1'
[0.380s] INFO:colcon.colcon_core.shell:Creating environment descriptor '/home/prakash/ws_8_assignments/install/group_8_assignment_1/share/group_8_assignment_1/hook/cmake_prefix_path.dsv'
[0.380s] INFO:colcon.colcon_core.shell:Creating environment hook '/home/prakash/ws_8_assignments/install/group_8_assignment_1/share/group_8_assignment_1/hook/cmake_prefix_path.sh'
[0.381s] Level 1:colcon.colcon_core.environment:checking '/home/prakash/ws_8_assignments/install/group_8_assignment_1/lib'
[0.381s] Level 1:colcon.colcon_core.environment:checking '/home/prakash/ws_8_assignments/install/group_8_assignment_1/bin'
[0.381s] Level 1:colcon.colcon_core.environment:checking '/home/prakash/ws_8_assignments/install/group_8_assignment_1/lib/pkgconfig/group_8_assignment_1.pc'
[0.381s] Level 1:colcon.colcon_core.environment:checking '/home/prakash/ws_8_assignments/install/group_8_assignment_1/lib/python3.12/site-packages'
[0.381s] Level 1:colcon.colcon_core.environment:checking '/home/prakash/ws_8_assignments/install/group_8_assignment_1/bin'
[0.381s] INFO:colcon.colcon_core.shell:Creating package script '/home/prakash/ws_8_assignments/install/group_8_assignment_1/share/group_8_assignment_1/package.ps1'
[0.382s] INFO:colcon.colcon_core.shell:Creating package descriptor '/home/prakash/ws_8_assignments/install/group_8_assignment_1/share/group_8_assignment_1/package.dsv'
[0.382s] INFO:colcon.colcon_core.shell:Creating package script '/home/prakash/ws_8_assignments/install/group_8_assignment_1/share/group_8_assignment_1/package.sh'
[0.382s] INFO:colcon.colcon_core.shell:Creating package script '/home/prakash/ws_8_assignments/install/group_8_assignment_1/share/group_8_assignment_1/package.bash'
[0.383s] INFO:colcon.colcon_core.shell:Creating package script '/home/prakash/ws_8_assignments/install/group_8_assignment_1/share/group_8_assignment_1/package.zsh'
[0.383s] Level 1:colcon.colcon_core.environment:create_file_with_runtime_dependencies(/home/prakash/ws_8_assignments/install/group_8_assignment_1/share/colcon-core/packages/group_8_assignment_1)
[0.383s] Level 1:colcon.colcon_core.environment:create_environment_scripts_only(group_8_assignment_1)
[0.383s] Level 1:colcon.colcon_core.environment:checking '/home/prakash/ws_8_assignments/install/group_8_assignment_1' for CMake module files
[0.384s] Level 1:colcon.colcon_core.environment:checking '/home/prakash/ws_8_assignments/install/group_8_assignment_1' for CMake config files
[0.384s] Level 1:colcon.colcon_core.shell:create_environment_hook('group_8_assignment_1', 'cmake_prefix_path')
[0.384s] INFO:colcon.colcon_core.shell:Creating environment hook '/home/prakash/ws_8_assignments/install/group_8_assignment_1/share/group_8_assignment_1/hook/cmake_prefix_path.ps1'
[0.384s] INFO:colcon.colcon_core.shell:Creating environment descriptor '/home/prakash/ws_8_assignments/install/group_8_assignment_1/share/group_8_assignment_1/hook/cmake_prefix_path.dsv'
[0.385s] INFO:colcon.colcon_core.shell:Creating environment hook '/home/prakash/ws_8_assignments/install/group_8_assignment_1/share/group_8_assignment_1/hook/cmake_prefix_path.sh'
[0.385s] Level 1:colcon.colcon_core.environment:checking '/home/prakash/ws_8_assignments/install/group_8_assignment_1/lib'
[0.385s] Level 1:colcon.colcon_core.environment:checking '/home/prakash/ws_8_assignments/install/group_8_assignment_1/bin'
[0.385s] Level 1:colcon.colcon_core.environment:checking '/home/prakash/ws_8_assignments/install/group_8_assignment_1/lib/pkgconfig/group_8_assignment_1.pc'
[0.385s] Level 1:colcon.colcon_core.environment:checking '/home/prakash/ws_8_assignments/install/group_8_assignment_1/lib/python3.12/site-packages'
[0.386s] Level 1:colcon.colcon_core.environment:checking '/home/prakash/ws_8_assignments/install/group_8_assignment_1/bin'
[0.386s] INFO:colcon.colcon_core.shell:Creating package script '/home/prakash/ws_8_assignments/install/group_8_assignment_1/share/group_8_assignment_1/package.ps1'
[0.386s] INFO:colcon.colcon_core.shell:Creating package descriptor '/home/prakash/ws_8_assignments/install/group_8_assignment_1/share/group_8_assignment_1/package.dsv'
[0.386s] INFO:colcon.colcon_core.shell:Creating package script '/home/prakash/ws_8_assignments/install/group_8_assignment_1/share/group_8_assignment_1/package.sh'
[0.387s] INFO:colcon.colcon_core.shell:Creating package script '/home/prakash/ws_8_assignments/install/group_8_assignment_1/share/group_8_assignment_1/package.bash'
[0.387s] INFO:colcon.colcon_core.shell:Creating package script '/home/prakash/ws_8_assignments/install/group_8_assignment_1/share/group_8_assignment_1/package.zsh'
[0.387s] Level 1:colcon.colcon_core.environment:create_file_with_runtime_dependencies(/home/prakash/ws_8_assignments/install/group_8_assignment_1/share/colcon-core/packages/group_8_assignment_1)
[0.389s] DEBUG:colcon.colcon_core.event_handler.log_command:Invoked command in '/home/prakash/ws_8_assignments/build/apriltag_ros' returned '0': CMAKE_PREFIX_PATH=${CMAKE_PREFIX_PATH}:/opt/ros/jazzy DEBUGINFOD_URLS=https://debuginfod.ubuntu.com /usr/bin/cmake --build /home/prakash/ws_8_assignments/build/apriltag_ros -- -j12 -l12
[0.389s] DEBUG:colcon.colcon_core.event_handler.log_command:Invoking command in '/home/prakash/ws_8_assignments/build/apriltag_ros': CMAKE_PREFIX_PATH=${CMAKE_PREFIX_PATH}:/opt/ros/jazzy DEBUGINFOD_URLS=https://debuginfod.ubuntu.com /usr/bin/cmake --install /home/prakash/ws_8_assignments/build/apriltag_ros
[0.400s] Level 1:colcon.colcon_core.environment:create_environment_scripts_only(apriltag_ros)
[0.400s] Level 1:colcon.colcon_core.environment:checking '/home/prakash/ws_8_assignments/install/apriltag_ros' for CMake module files
[0.401s] DEBUG:colcon.colcon_core.event_handler.log_command:Invoked command in '/home/prakash/ws_8_assignments/build/apriltag_ros' returned '0': CMAKE_PREFIX_PATH=${CMAKE_PREFIX_PATH}:/opt/ros/jazzy DEBUGINFOD_URLS=https://debuginfod.ubuntu.com /usr/bin/cmake --install /home/prakash/ws_8_assignments/build/apriltag_ros
[0.401s] Level 1:colcon.colcon_core.environment:checking '/home/prakash/ws_8_assignments/install/apriltag_ros' for CMake config files
[0.401s] Level 1:colcon.colcon_core.shell:create_environment_hook('apriltag_ros', 'cmake_prefix_path')
[0.401s] INFO:colcon.colcon_core.shell:Creating environment hook '/home/prakash/ws_8_assignments/install/apriltag_ros/share/apriltag_ros/hook/cmake_prefix_path.ps1'
[0.402s] INFO:colcon.colcon_core.shell:Creating environment descriptor '/home/prakash/ws_8_assignments/install/apriltag_ros/share/apriltag_ros/hook/cmake_prefix_path.dsv'
[0.402s] INFO:colcon.colcon_core.shell:Creating environment hook '/home/prakash/ws_8_assignments/install/apriltag_ros/share/apriltag_ros/hook/cmake_prefix_path.sh'
[0.403s] Level 1:colcon.colcon_core.environment:checking '/home/prakash/ws_8_assignments/install/apriltag_ros/lib'
[0.403s] Level 1:colcon.colcon_core.shell:create_environment_hook('apriltag_ros', 'ld_library_path_lib')
[0.403s] INFO:colcon.colcon_core.shell:Creating environment hook '/home/prakash/ws_8_assignments/install/apriltag_ros/share/apriltag_ros/hook/ld_library_path_lib.ps1'
[0.403s] INFO:colcon.colcon_core.shell:Creating environment descriptor '/home/prakash/ws_8_assignments/install/apriltag_ros/share/apriltag_ros/hook/ld_library_path_lib.dsv'
[0.403s] INFO:colcon.colcon_core.shell:Creating environment hook '/home/prakash/ws_8_assignments/install/apriltag_ros/share/apriltag_ros/hook/ld_library_path_lib.sh'
[0.404s] Level 1:colcon.colcon_core.environment:checking '/home/prakash/ws_8_assignments/install/apriltag_ros/bin'
[0.404s] Level 1:colcon.colcon_core.environment:checking '/home/prakash/ws_8_assignments/install/apriltag_ros/lib/pkgconfig/apriltag_ros.pc'
[0.404s] Level 1:colcon.colcon_core.environment:checking '/home/prakash/ws_8_assignments/install/apriltag_ros/lib/python3.12/site-packages'
[0.404s] Level 1:colcon.colcon_core.environment:checking '/home/prakash/ws_8_assignments/install/apriltag_ros/bin'
[0.404s] INFO:colcon.colcon_core.shell:Creating package script '/home/prakash/ws_8_assignments/install/apriltag_ros/share/apriltag_ros/package.ps1'
[0.405s] INFO:colcon.colcon_core.shell:Creating package descriptor '/home/prakash/ws_8_assignments/install/apriltag_ros/share/apriltag_ros/package.dsv'
[0.405s] INFO:colcon.colcon_core.shell:Creating package script '/home/prakash/ws_8_assignments/install/apriltag_ros/share/apriltag_ros/package.sh'
[0.406s] INFO:colcon.colcon_core.shell:Creating package script '/home/prakash/ws_8_assignments/install/apriltag_ros/share/apriltag_ros/package.bash'
[0.406s] INFO:colcon.colcon_core.shell:Creating package script '/home/prakash/ws_8_assignments/install/apriltag_ros/share/apriltag_ros/package.zsh'
[0.406s] Level 1:colcon.colcon_core.environment:create_file_with_runtime_dependencies(/home/prakash/ws_8_assignments/install/apriltag_ros/share/colcon-core/packages/apriltag_ros)
[0.406s] Level 1:colcon.colcon_core.environment:create_environment_scripts_only(apriltag_ros)
[0.407s] Level 1:colcon.colcon_core.environment:checking '/home/prakash/ws_8_assignments/install/apriltag_ros' for CMake module files
[0.407s] Level 1:colcon.colcon_core.environment:checking '/home/prakash/ws_8_assignments/install/apriltag_ros' for CMake config files
[0.407s] Level 1:colcon.colcon_core.shell:create_environment_hook('apriltag_ros', 'cmake_prefix_path')
[0.407s] INFO:colcon.colcon_core.shell:Creating environment hook '/home/prakash/ws_8_assignments/install/apriltag_ros/share/apriltag_ros/hook/cmake_prefix_path.ps1'
[0.407s] INFO:colcon.colcon_core.shell:Creating environment descriptor '/home/prakash/ws_8_assignments/install/apriltag_ros/share/apriltag_ros/hook/cmake_prefix_path.dsv'
[0.408s] INFO:colcon.colcon_core.shell:Creating environment hook '/home/prakash/ws_8_assignments/install/apriltag_ros/share/apriltag_ros/hook/cmake_prefix_path.sh'
[0.408s] Level 1:colcon.colcon_core.environment:checking '/home/prakash/ws_8_assignments/install/apriltag_ros/lib'
[0.408s] Level 1:colcon.colcon_core.shell:create_environment_hook('apriltag_ros', 'ld_library_path_lib')
[0.408s] INFO:colcon.colcon_core.shell:Creating environment hook '/home/prakash/ws_8_assignments/install/apriltag_ros/share/apriltag_ros/hook/ld_library_path_lib.ps1'
[0.409s] INFO:colcon.colcon_core.shell:Creating environment descriptor '/home/prakash/ws_8_assignments/install/apriltag_ros/share/apriltag_ros/hook/ld_library_path_lib.dsv'
[0.409s] INFO:colcon.colcon_core.shell:Creating environment hook '/home/prakash/ws_8_assignments/install/apriltag_ros/share/apriltag_ros/hook/ld_library_path_lib.sh'
[0.410s] Level 1:colcon.colcon_core.environment:checking '/home/prakash/ws_8_assignments/install/apriltag_ros/bin'
[0.410s] Level 1:colcon.colcon_core.environment:checking '/home/prakash/ws_8_assignments/install/apriltag_ros/lib/pkgconfig/apriltag_ros.pc'
[0.410s] Level 1:colcon.colcon_core.environment:checking '/home/prakash/ws_8_assignments/install/apriltag_ros/lib/python3.12/site-packages'
[0.410s] Level 1:colcon.colcon_core.environment:checking '/home/prakash/ws_8_assignments/install/apriltag_ros/bin'
[0.410s] INFO:colcon.colcon_core.shell:Creating package script '/home/prakash/ws_8_assignments/install/apriltag_ros/share/apriltag_ros/package.ps1'
[0.411s] INFO:colcon.colcon_core.shell:Creating package descriptor '/home/prakash/ws_8_assignments/install/apriltag_ros/share/apriltag_ros/package.dsv'
[0.411s] INFO:colcon.colcon_core.shell:Creating package script '/home/prakash/ws_8_assignments/install/apriltag_ros/share/apriltag_ros/package.sh'
[0.411s] INFO:colcon.colcon_core.shell:Creating package script '/home/prakash/ws_8_assignments/install/apriltag_ros/share/apriltag_ros/package.bash'
[0.412s] INFO:colcon.colcon_core.shell:Creating package script '/home/prakash/ws_8_assignments/install/apriltag_ros/share/apriltag_ros/package.zsh'
[0.412s] Level 1:colcon.colcon_core.environment:create_file_with_runtime_dependencies(/home/prakash/ws_8_assignments/install/apriltag_ros/share/colcon-core/packages/apriltag_ros)
[0.447s] DEBUG:colcon.colcon_core.event_handler.log_command:Invoked command in '/home/prakash/ws_8_assignments/build/ir_movit_config' returned '0': CMAKE_PREFIX_PATH=/home/prakash/ws_8_assignments/install/ir_desription:/home/prakash/ws_8_assignments/install/group_8_assignment_1:/home/prakash/ws_8_assignments/install/ir_movit_config:/home/prakash/ws_8_assignments/install/ir_launch:/home/prakash/ws_8_assignments/install/ir_base:/home/prakash/ws_8_assignments/install/apriltag_ros:/home/prakash/assignment_ws/install/group_8_assignment_1:/home/prakash/assignment_ws/install/table_detection_pkg:/home/prakash/ros2_ws/install/my_first_pkg:/home/prakash/ros2_ws/install/actions_pkg:/opt/ros/jazzy/opt/gz_sim_vendor:/opt/ros/jazzy/opt/gz_sensors_vendor:/opt/ros/jazzy/opt/gz_physics_vendor:/opt/ros/jazzy/opt/sdformat_vendor:/opt/ros/jazzy/opt/gz_gui_vendor:/opt/ros/jazzy/opt/gz_transport_vendor:/opt/ros/jazzy/opt/gz_rendering_vendor:/opt/ros/jazzy/opt/gz_plugin_vendor:/opt/ros/jazzy/opt/gz_fuel_tools_vendor:/opt/ros/jazzy/opt/gz_msgs_vendor:/opt/ros/jazzy/opt/gz_common_vendor:/opt/ros/jazzy/opt/gz_math_vendor:/opt/ros/jazzy/opt/gz_utils_vendor:/opt/ros/jazzy/opt/gz_tools_vendor:/opt/ros/jazzy/opt/gz_ogre_next_vendor:/opt/ros/jazzy/opt/gz_dartsim_vendor:/opt/ros/jazzy/opt/gz_cmake_vendor:/opt/ros/jazzy DEBUGINFOD_URLS=https://debuginfod.ubuntu.com /usr/bin/cmake --build /home/prakash/ws_8_assignments/build/ir_movit_config -- -j12 -l12
[0.448s] DEBUG:colcon.colcon_core.event_handler.log_command:Invoking command in '/home/prakash/ws_8_assignments/build/ir_movit_config': CMAKE_PREFIX_PATH=/home/prakash/ws_8_assignments/install/ir_desription:/home/prakash/ws_8_assignments/install/group_8_assignment_1:/home/prakash/ws_8_assignments/install/ir_movit_config:/home/prakash/ws_8_assignments/install/ir_launch:/home/prakash/ws_8_assignments/install/ir_base:/home/prakash/ws_8_assignments/install/apriltag_ros:/home/prakash/assignment_ws/install/group_8_assignment_1:/home/prakash/assignment_ws/install/table_detection_pkg:/home/prakash/ros2_ws/install/my_first_pkg:/home/prakash/ros2_ws/install/actions_pkg:/opt/ros/jazzy/opt/gz_sim_vendor:/opt/ros/jazzy/opt/gz_sensors_vendor:/opt/ros/jazzy/opt/gz_physics_vendor:/opt/ros/jazzy/opt/sdformat_vendor:/opt/ros/jazzy/opt/gz_gui_vendor:/opt/ros/jazzy/opt/gz_transport_vendor:/opt/ros/jazzy/opt/gz_rendering_vendor:/opt/ros/jazzy/opt/gz_plugin_vendor:/opt/ros/jazzy/opt/gz_fuel_tools_vendor:/opt/ros/jazzy/opt/gz_msgs_vendor:/opt/ros/jazzy/opt/gz_common_vendor:/opt/ros/jazzy/opt/gz_math_vendor:/opt/ros/jazzy/opt/gz_utils_vendor:/opt/ros/jazzy/opt/gz_tools_vendor:/opt/ros/jazzy/opt/gz_ogre_next_vendor:/opt/ros/jazzy/opt/gz_dartsim_vendor:/opt/ros/jazzy/opt/gz_cmake_vendor:/opt/ros/jazzy DEBUGINFOD_URLS=https://debuginfod.ubuntu.com /usr/bin/cmake --install /home/prakash/ws_8_assignments/build/ir_movit_config
[0.461s] Level 1:colcon.colcon_core.environment:create_environment_scripts_only(ir_movit_config)
[0.461s] Level 1:colcon.colcon_core.environment:checking '/home/prakash/ws_8_assignments/install/ir_movit_config' for CMake module files
[0.461s] DEBUG:colcon.colcon_core.event_handler.log_command:Invoked command in '/home/prakash/ws_8_assignments/build/ir_movit_config' returned '0': CMAKE_PREFIX_PATH=/home/prakash/ws_8_assignments/install/ir_desription:/home/prakash/ws_8_assignments/install/group_8_assignment_1:/home/prakash/ws_8_assignments/install/ir_movit_config:/home/prakash/ws_8_assignments/install/ir_launch:/home/prakash/ws_8_assignments/install/ir_base:/home/prakash/ws_8_assignments/install/apriltag_ros:/home/prakash/assignment_ws/install/group_8_assignment_1:/home/prakash/assignment_ws/install/table_detection_pkg:/home/prakash/ros2_ws/install/my_first_pkg:/home/prakash/ros2_ws/install/actions_pkg:/opt/ros/jazzy/opt/gz_sim_vendor:/opt/ros/jazzy/opt/gz_sensors_vendor:/opt/ros/jazzy/opt/gz_physics_vendor:/opt/ros/jazzy/opt/sdformat_vendor:/opt/ros/jazzy/opt/gz_gui_vendor:/opt/ros/jazzy/opt/gz_transport_vendor:/opt/ros/jazzy/opt/gz_rendering_vendor:/opt/ros/jazzy/opt/gz_plugin_vendor:/opt/ros/jazzy/opt/gz_fuel_tools_vendor:/opt/ros/jazzy/opt/gz_msgs_vendor:/opt/ros/jazzy/opt/gz_common_vendor:/opt/ros/jazzy/opt/gz_math_vendor:/opt/ros/jazzy/opt/gz_utils_vendor:/opt/ros/jazzy/opt/gz_tools_vendor:/opt/ros/jazzy/opt/gz_ogre_next_vendor:/opt/ros/jazzy/opt/gz_dartsim_vendor:/opt/ros/jazzy/opt/gz_cmake_vendor:/opt/ros/jazzy DEBUGINFOD_URLS=https://debuginfod.ubuntu.com /usr/bin/cmake --install /home/prakash/ws_8_assignments/build/ir_movit_config
[0.462s] Level 1:colcon.colcon_core.environment:checking '/home/prakash/ws_8_assignments/install/ir_movit_config' for CMake config files
[0.462s] Level 1:colcon.colcon_core.shell:create_environment_hook('ir_movit_config', 'cmake_prefix_path')
[0.462s] INFO:colcon.colcon_core.shell:Creating environment hook '/home/prakash/ws_8_assignments/install/ir_movit_config/share/ir_movit_config/hook/cmake_prefix_path.ps1'
[0.462s] INFO:colcon.colcon_core.shell:Creating environment descriptor '/home/prakash/ws_8_assignments/install/ir_movit_config/share/ir_movit_config/hook/cmake_prefix_path.dsv'
[0.463s] INFO:colcon.colcon_core.shell:Creating environment hook '/home/prakash/ws_8_assignments/install/ir_movit_config/share/ir_movit_config/hook/cmake_prefix_path.sh'
[0.463s] Level 1:colcon.colcon_core.environment:checking '/home/prakash/ws_8_assignments/install/ir_movit_config/lib'
[0.463s] Level 1:colcon.colcon_core.environment:checking '/home/prakash/ws_8_assignments/install/ir_movit_config/bin'
[0.463s] Level 1:colcon.colcon_core.environment:checking '/home/prakash/ws_8_assignments/install/ir_movit_config/lib/pkgconfig/ir_movit_config.pc'
[0.463s] Level 1:colcon.colcon_core.environment:checking '/home/prakash/ws_8_assignments/install/ir_movit_config/lib/python3.12/site-packages'
[0.464s] Level 1:colcon.colcon_core.environment:checking '/home/prakash/ws_8_assignments/install/ir_movit_config/bin'
[0.464s] INFO:colcon.colcon_core.shell:Creating package script '/home/prakash/ws_8_assignments/install/ir_movit_config/share/ir_movit_config/package.ps1'
[0.464s] INFO:colcon.colcon_core.shell:Creating package descriptor '/home/prakash/ws_8_assignments/install/ir_movit_config/share/ir_movit_config/package.dsv'
[0.464s] INFO:colcon.colcon_core.shell:Creating package script '/home/prakash/ws_8_assignments/install/ir_movit_config/share/ir_movit_config/package.sh'
[0.465s] INFO:colcon.colcon_core.shell:Creating package script '/home/prakash/ws_8_assignments/install/ir_movit_config/share/ir_movit_config/package.bash'
[0.465s] INFO:colcon.colcon_core.shell:Creating package script '/home/prakash/ws_8_assignments/install/ir_movit_config/share/ir_movit_config/package.zsh'
[0.465s] Level 1:colcon.colcon_core.environment:create_file_with_runtime_dependencies(/home/prakash/ws_8_assignments/install/ir_movit_config/share/colcon-core/packages/ir_movit_config)
[0.466s] Level 1:colcon.colcon_core.environment:create_environment_scripts_only(ir_movit_config)
[0.466s] Level 1:colcon.colcon_core.environment:checking '/home/prakash/ws_8_assignments/install/ir_movit_config' for CMake module files
[0.466s] Level 1:colcon.colcon_core.environment:checking '/home/prakash/ws_8_assignments/install/ir_movit_config' for CMake config files
[0.466s] Level 1:colcon.colcon_core.shell:create_environment_hook('ir_movit_config', 'cmake_prefix_path')
[0.466s] INFO:colcon.colcon_core.shell:Creating environment hook '/home/prakash/ws_8_assignments/install/ir_movit_config/share/ir_movit_config/hook/cmake_prefix_path.ps1'
[0.467s] INFO:colcon.colcon_core.shell:Creating environment descriptor '/home/prakash/ws_8_assignments/install/ir_movit_config/share/ir_movit_config/hook/cmake_prefix_path.dsv'
[0.467s] INFO:colcon.colcon_core.shell:Creating environment hook '/home/prakash/ws_8_assignments/install/ir_movit_config/share/ir_movit_config/hook/cmake_prefix_path.sh'
[0.467s] Level 1:colcon.colcon_core.environment:checking '/home/prakash/ws_8_assignments/install/ir_movit_config/lib'
[0.467s] Level 1:colcon.colcon_core.environment:checking '/home/prakash/ws_8_assignments/install/ir_movit_config/bin'
[0.468s] Level 1:colcon.colcon_core.environment:checking '/home/prakash/ws_8_assignments/install/ir_movit_config/lib/pkgconfig/ir_movit_config.pc'
[0.468s] Level 1:colcon.colcon_core.environment:checking '/home/prakash/ws_8_assignments/install/ir_movit_config/lib/python3.12/site-packages'
[0.468s] Level 1:colcon.colcon_core.environment:checking '/home/prakash/ws_8_assignments/install/ir_movit_config/bin'
[0.468s] INFO:colcon.colcon_core.shell:Creating package script '/home/prakash/ws_8_assignments/install/ir_movit_config/share/ir_movit_config/package.ps1'
[0.468s] INFO:colcon.colcon_core.shell:Creating package descriptor '/home/prakash/ws_8_assignments/install/ir_movit_config/share/ir_movit_config/package.dsv'
[0.469s] INFO:colcon.colcon_core.shell:Creating package script '/home/prakash/ws_8_assignments/install/ir_movit_config/share/ir_movit_config/package.sh'
[0.469s] INFO:colcon.colcon_core.shell:Creating package script '/home/prakash/ws_8_assignments/install/ir_movit_config/share/ir_movit_config/package.bash'
[0.469s] INFO:colcon.colcon_core.shell:Creating package script '/home/prakash/ws_8_assignments/install/ir_movit_config/share/ir_movit_config/package.zsh'
[0.470s] Level 1:colcon.colcon_core.environment:create_file_with_runtime_dependencies(/home/prakash/ws_8_assignments/install/ir_movit_config/share/colcon-core/packages/ir_movit_config)
[0.470s] DEBUG:colcon.colcon_parallel_executor.executor.parallel:closing loop
[0.470s] DEBUG:colcon.colcon_parallel_executor.executor.parallel:loop closed
[0.470s] DEBUG:colcon.colcon_parallel_executor.executor.parallel:run_until_complete finished with '0'
[0.470s] DEBUG:colcon.colcon_core.event_reactor:joining thread
[0.485s] INFO:colcon.colcon_core.plugin_system:Skipping extension 'colcon_notification.desktop_notification.terminal_notifier': Not used on non-Darwin systems
[0.485s] INFO:colcon.colcon_core.plugin_system:Skipping extension 'colcon_notification.desktop_notification.win32': Not used on non-Windows systems
[0.485s] INFO:colcon.colcon_notification.desktop_notification:Sending desktop notification using 'notify2'
[0.497s] DEBUG:colcon.colcon_core.event_reactor:joined thread
[0.497s] INFO:colcon.colcon_core.shell:Creating prefix script '/home/prakash/ws_8_assignments/install/local_setup.ps1'
[0.498s] INFO:colcon.colcon_core.shell:Creating prefix util module '/home/prakash/ws_8_assignments/install/_local_setup_util_ps1.py'
[0.499s] INFO:colcon.colcon_core.shell:Creating prefix chain script '/home/prakash/ws_8_assignments/install/setup.ps1'
[0.500s] INFO:colcon.colcon_core.shell:Creating prefix script '/home/prakash/ws_8_assignments/install/local_setup.sh'
[0.501s] INFO:colcon.colcon_core.shell:Creating prefix util module '/home/prakash/ws_8_assignments/install/_local_setup_util_sh.py'
[0.501s] INFO:colcon.colcon_core.shell:Creating prefix chain script '/home/prakash/ws_8_assignments/install/setup.sh'
[0.502s] INFO:colcon.colcon_core.shell:Creating prefix script '/home/prakash/ws_8_assignments/install/local_setup.bash'
[0.502s] INFO:colcon.colcon_core.shell:Creating prefix chain script '/home/prakash/ws_8_assignments/install/setup.bash'
[0.503s] INFO:colcon.colcon_core.shell:Creating prefix script '/home/prakash/ws_8_assignments/install/local_setup.zsh'
[0.504s] INFO:colcon.colcon_core.shell:Creating prefix chain script '/home/prakash/ws_8_assignments/install/setup.zsh'
