-- Install configuration: ""
-- Up-to-date: /home/prakash/ws_8_assignments/install/ir_launch/share/ament_index/resource_index/package_run_dependencies/ir_launch
-- Up-to-date: /home/prakash/ws_8_assignments/install/ir_launch/share/ament_index/resource_index/parent_prefix_path/ir_launch
-- Up-to-date: /home/prakash/ws_8_assignments/install/ir_launch/share/ir_launch/environment/ament_prefix_path.sh
-- Up-to-date: /home/prakash/ws_8_assignments/install/ir_launch/share/ir_launch/environment/ament_prefix_path.dsv
-- Up-to-date: /home/prakash/ws_8_assignments/install/ir_launch/share/ir_launch/environment/path.sh
-- Up-to-date: /home/prakash/ws_8_assignments/install/ir_launch/share/ir_launch/environment/path.dsv
-- Up-to-date: /home/prakash/ws_8_assignments/install/ir_launch/share/ir_launch/local_setup.bash
-- Up-to-date: /home/prakash/ws_8_assignments/install/ir_launch/share/ir_launch/local_setup.sh
-- Up-to-date: /home/prakash/ws_8_assignments/install/ir_launch/share/ir_launch/local_setup.zsh
-- Up-to-date: /home/prakash/ws_8_assignments/install/ir_launch/share/ir_launch/local_setup.dsv
-- Installing: /home/prakash/ws_8_assignments/install/ir_launch/share/ir_launch/package.dsv
-- Up-to-date: /home/prakash/ws_8_assignments/install/ir_launch/share/ament_index/resource_index/packages/ir_launch
-- Up-to-date: /home/prakash/ws_8_assignments/install/ir_launch/share/ir_launch/cmake/ir_launchConfig.cmake
-- Up-to-date: /home/prakash/ws_8_assignments/install/ir_launch/share/ir_launch/cmake/ir_launchConfig-version.cmake
-- Up-to-date: /home/prakash/ws_8_assignments/install/ir_launch/share/ir_launch/package.xml
-- Up-to-date: /home/prakash/ws_8_assignments/install/ir_launch/share/ir_launch/launch
-- Installing: /home/prakash/ws_8_assignments/install/ir_launch/share/ir_launch/launch/__pycache__
-- Installing: /home/prakash/ws_8_assignments/install/ir_launch/share/ir_launch/launch/__pycache__/assignment_1.launch.cpython-312.pyc
-- Up-to-date: /home/prakash/ws_8_assignments/install/ir_launch/share/ir_launch/launch/spawn_tb3_launch.py
-- Up-to-date: /home/prakash/ws_8_assignments/install/ir_launch/share/ir_launch/launch/assignment_1.launch.py
-- Up-to-date: /home/prakash/ws_8_assignments/install/ir_launch/share/ir_launch/launch/assignment_2.launch.py
-- Up-to-date: /home/prakash/ws_8_assignments/install/ir_launch/share/ir_launch/launch/exercise_4.launch.py
