[0.023s] Invoking command in '/home/prakash/ws_8_assignments/build/apriltag_ros': CMAKE_PREFIX_PATH=${CMAKE_PREFIX_PATH}:/opt/ros/jazzy DEBUGINFOD_URLS=https://debuginfod.ubuntu.com /usr/bin/cmake --build /home/prakash/ws_8_assignments/build/apriltag_ros -- -j12 -l12
[0.078s] [ 20%] Built target tags
[0.082s] [ 40%] Built target conversion
[0.094s] [ 60%] Built target apriltag_node
[0.110s] [ 80%] Built target pose_estimation
[0.141s] [100%] Built target AprilTagNode
[0.166s] Invoked command in '/home/prakash/ws_8_assignments/build/apriltag_ros' returned '0': CMAKE_PREFIX_PATH=${CMAKE_PREFIX_PATH}:/opt/ros/jazzy DEBUGINFOD_URLS=https://debuginfod.ubuntu.com /usr/bin/cmake --build /home/prakash/ws_8_assignments/build/apriltag_ros -- -j12 -l12
[0.166s] Invoking command in '/home/prakash/ws_8_assignments/build/apriltag_ros': CMAKE_PREFIX_PATH=${CMAKE_PREFIX_PATH}:/opt/ros/jazzy DEBUGINFOD_URLS=https://debuginfod.ubuntu.com /usr/bin/cmake --install /home/prakash/ws_8_assignments/build/apriltag_ros
[0.175s] -- Install configuration: ""
[0.175s] -- Up-to-date: /home/prakash/ws_8_assignments/install/apriltag_ros/lib/apriltag_ros/apriltag_node
[0.175s] -- Up-to-date: /home/prakash/ws_8_assignments/install/apriltag_ros/share/apriltag_ros/environment/library_path.sh
[0.175s] -- Up-to-date: /home/prakash/ws_8_assignments/install/apriltag_ros/share/apriltag_ros/environment/library_path.dsv
[0.175s] -- Up-to-date: /home/prakash/ws_8_assignments/install/apriltag_ros/lib/libAprilTagNode.so
[0.175s] -- Up-to-date: /home/prakash/ws_8_assignments/install/apriltag_ros/share/apriltag_ros/cfg
[0.175s] -- Up-to-date: /home/prakash/ws_8_assignments/install/apriltag_ros/share/apriltag_ros/cfg/qos_overrides.yaml
[0.175s] -- Up-to-date: /home/prakash/ws_8_assignments/install/apriltag_ros/share/apriltag_ros/cfg/tags_36h11.yaml
[0.176s] -- Up-to-date: /home/prakash/ws_8_assignments/install/apriltag_ros/share/apriltag_ros/launch
[0.176s] -- Up-to-date: /home/prakash/ws_8_assignments/install/apriltag_ros/share/apriltag_ros/launch/camera_36h11.launch.yml
[0.176s] -- Up-to-date: /home/prakash/ws_8_assignments/install/apriltag_ros/share/ament_index/resource_index/package_run_dependencies/apriltag_ros
[0.176s] -- Up-to-date: /home/prakash/ws_8_assignments/install/apriltag_ros/share/ament_index/resource_index/parent_prefix_path/apriltag_ros
[0.176s] -- Up-to-date: /home/prakash/ws_8_assignments/install/apriltag_ros/share/apriltag_ros/environment/ament_prefix_path.sh
[0.176s] -- Up-to-date: /home/prakash/ws_8_assignments/install/apriltag_ros/share/apriltag_ros/environment/ament_prefix_path.dsv
[0.176s] -- Up-to-date: /home/prakash/ws_8_assignments/install/apriltag_ros/share/apriltag_ros/environment/path.sh
[0.176s] -- Up-to-date: /home/prakash/ws_8_assignments/install/apriltag_ros/share/apriltag_ros/environment/path.dsv
[0.176s] -- Up-to-date: /home/prakash/ws_8_assignments/install/apriltag_ros/share/apriltag_ros/local_setup.bash
[0.176s] -- Up-to-date: /home/prakash/ws_8_assignments/install/apriltag_ros/share/apriltag_ros/local_setup.sh
[0.176s] -- Up-to-date: /home/prakash/ws_8_assignments/install/apriltag_ros/share/apriltag_ros/local_setup.zsh
[0.176s] -- Up-to-date: /home/prakash/ws_8_assignments/install/apriltag_ros/share/apriltag_ros/local_setup.dsv
[0.176s] -- Installing: /home/prakash/ws_8_assignments/install/apriltag_ros/share/apriltag_ros/package.dsv
[0.177s] -- Up-to-date: /home/prakash/ws_8_assignments/install/apriltag_ros/share/ament_index/resource_index/packages/apriltag_ros
[0.177s] -- Up-to-date: /home/prakash/ws_8_assignments/install/apriltag_ros/share/ament_index/resource_index/rclcpp_components/apriltag_ros
[0.177s] -- Up-to-date: /home/prakash/ws_8_assignments/install/apriltag_ros/share/apriltag_ros/cmake/apriltag_rosConfig.cmake
[0.177s] -- Up-to-date: /home/prakash/ws_8_assignments/install/apriltag_ros/share/apriltag_ros/cmake/apriltag_rosConfig-version.cmake
[0.177s] -- Up-to-date: /home/prakash/ws_8_assignments/install/apriltag_ros/share/apriltag_ros/package.xml
[0.178s] Invoked command in '/home/prakash/ws_8_assignments/build/apriltag_ros' returned '0': CMAKE_PREFIX_PATH=${CMAKE_PREFIX_PATH}:/opt/ros/jazzy DEBUGINFOD_URLS=https://debuginfod.ubuntu.com /usr/bin/cmake --install /home/prakash/ws_8_assignments/build/apriltag_ros
