-- The C compiler identification is GNU 13.3.0
-- The CXX compiler identification is GNU 13.3.0
-- Detecting C compiler ABI info
-- Detecting C compiler ABI info - done
-- Check for working C compiler: /usr/bin/cc - skipped
-- Detecting C compile features
-- Detecting C compile features - done
-- Detecting CXX compiler ABI info
-- Detecting CXX compiler ABI info - done
-- Check for working CXX compiler: /usr/bin/c++ - skipped
-- Detecting CXX compile features
-- Detecting CXX compile features - done
-- Found ament_cmake: 2.5.4 (/opt/ros/jazzy/share/ament_cmake/cmake)
-- Found Python3: /usr/bin/python3 (found version "3.12.3") found components: Interpreter 
-- Found rclcpp: 28.1.12 (/opt/ros/jazzy/share/rclcpp/cmake)
-- Found rosidl_generator_c: 4.6.6 (/opt/ros/jazzy/share/rosidl_generator_c/cmake)
-- Found rosidl_generator_cpp: 4.6.6 (/opt/ros/jazzy/share/rosidl_generator_cpp/cmake)
-- Using all available rosidl_typesupport_c: rosidl_typesupport_fastrtps_c;rosidl_typesupport_introspection_c
-- Using all available rosidl_typesupport_cpp: rosidl_typesupport_fastrtps_cpp;rosidl_typesupport_introspection_cpp
-- Found rmw_implementation_cmake: 7.3.2 (/opt/ros/jazzy/share/rmw_implementation_cmake/cmake)
-- Found rmw_fastrtps_cpp: 8.4.3 (/opt/ros/jazzy/share/rmw_fastrtps_cpp/cmake)
-- Found OpenSSL: /usr/lib/x86_64-linux-gnu/libcrypto.so (found version "3.0.13")  
-- Found FastRTPS: /opt/ros/jazzy/include (Required is at least version "2.13") 
-- Using RMW implementation 'rmw_fastrtps_cpp' as default
-- Found sensor_msgs: 5.3.6 (/opt/ros/jazzy/share/sensor_msgs/cmake)
-- Found nav2_msgs: 1.3.10 (/opt/ros/jazzy/share/nav2_msgs/cmake)
-- Found tf2: 0.36.14 (/opt/ros/jazzy/share/tf2/cmake)
-- Found tf2_ros: 0.36.14 (/opt/ros/jazzy/share/tf2_ros/cmake)
-- Found tf2_geometry_msgs: 0.36.14 (/opt/ros/jazzy/share/tf2_geometry_msgs/cmake)
-- Found eigen3_cmake_module: 0.3.0 (/opt/ros/jazzy/share/eigen3_cmake_module/cmake)
-- Found Eigen3: TRUE (found version "3.4.0") 
-- Ensuring Eigen3 include directory is part of orocos-kdl CMake target
-- Found apriltag_msgs: 2.0.1 (/opt/ros/jazzy/share/apriltag_msgs/cmake)
-- Configuring done (1.5s)
-- Generating done (0.0s)
-- Build files have been written to: /home/prakash/ws_8_assignments/build/group_8_assignment_1
[ 50%] [32mBuilding CXX object CMakeFiles/tag_goal_node.dir/src/tag_goal_node.cpp.o[0m
[ 50%] [32mBuilding CXX object CMakeFiles/table_detection_node.dir/src/table_detection_node.cpp.o[0m
[ 75%] [32m[1mLinking CXX executable table_detection_node[0m
[100%] [32m[1mLinking CXX executable tag_goal_node[0m
[100%] Built target table_detection_node
[100%] Built target tag_goal_node
-- Install configuration: ""
-- Installing: /home/prakash/ws_8_assignments/install/group_8_assignment_1/lib/group_8_assignment_1/tag_goal_node
-- Set non-toolchain portion of runtime path of "/home/prakash/ws_8_assignments/install/group_8_assignment_1/lib/group_8_assignment_1/tag_goal_node" to ""
-- Installing: /home/prakash/ws_8_assignments/install/group_8_assignment_1/lib/group_8_assignment_1/table_detection_node
-- Set non-toolchain portion of runtime path of "/home/prakash/ws_8_assignments/install/group_8_assignment_1/lib/group_8_assignment_1/table_detection_node" to ""
-- Installing: /home/prakash/ws_8_assignments/install/group_8_assignment_1/share/group_8_assignment_1/launch
-- Installing: /home/prakash/ws_8_assignments/install/group_8_assignment_1/share/group_8_assignment_1/launch/assignment_1_full.launch.py
-- Installing: /home/prakash/ws_8_assignments/install/group_8_assignment_1/share/ament_index/resource_index/package_run_dependencies/group_8_assignment_1
-- Installing: /home/prakash/ws_8_assignments/install/group_8_assignment_1/share/ament_index/resource_index/parent_prefix_path/group_8_assignment_1
-- Installing: /home/prakash/ws_8_assignments/install/group_8_assignment_1/share/group_8_assignment_1/environment/ament_prefix_path.sh
-- Installing: /home/prakash/ws_8_assignments/install/group_8_assignment_1/share/group_8_assignment_1/environment/ament_prefix_path.dsv
-- Installing: /home/prakash/ws_8_assignments/install/group_8_assignment_1/share/group_8_assignment_1/environment/path.sh
-- Installing: /home/prakash/ws_8_assignments/install/group_8_assignment_1/share/group_8_assignment_1/environment/path.dsv
-- Installing: /home/prakash/ws_8_assignments/install/group_8_assignment_1/share/group_8_assignment_1/local_setup.bash
-- Installing: /home/prakash/ws_8_assignments/install/group_8_assignment_1/share/group_8_assignment_1/local_setup.sh
-- Installing: /home/prakash/ws_8_assignments/install/group_8_assignment_1/share/group_8_assignment_1/local_setup.zsh
-- Installing: /home/prakash/ws_8_assignments/install/group_8_assignment_1/share/group_8_assignment_1/local_setup.dsv
-- Installing: /home/prakash/ws_8_assignments/install/group_8_assignment_1/share/group_8_assignment_1/package.dsv
-- Installing: /home/prakash/ws_8_assignments/install/group_8_assignment_1/share/ament_index/resource_index/packages/group_8_assignment_1
-- Installing: /home/prakash/ws_8_assignments/install/group_8_assignment_1/share/group_8_assignment_1/cmake/group_8_assignment_1Config.cmake
-- Installing: /home/prakash/ws_8_assignments/install/group_8_assignment_1/share/group_8_assignment_1/cmake/group_8_assignment_1Config-version.cmake
-- Installing: /home/prakash/ws_8_assignments/install/group_8_assignment_1/share/group_8_assignment_1/package.xml
