[0.018s] Invoking command in '/home/prakash/ws_8_assignments/build/group_8_assignment_1': CMAKE_PREFIX_PATH=${CMAKE_PREFIX_PATH}:/opt/ros/jazzy DEBUGINFOD_URLS=https://debuginfod.ubuntu.com /usr/bin/cmake /home/prakash/ws_8_assignments/src/group_8_assignment_1 -DCMAKE_INSTALL_PREFIX=/home/prakash/ws_8_assignments/install/group_8_assignment_1
[0.077s] -- The C compiler identification is GNU 13.3.0
[0.129s] -- The CXX compiler identification is GNU 13.3.0
[0.144s] -- Detecting C compiler ABI info
[0.237s] -- Detecting C compiler ABI info - done
[0.244s] -- Check for working C compiler: /usr/bin/cc - skipped
[0.245s] -- Detecting C compile features
[0.245s] -- Detecting C compile features - done
[0.254s] -- Detecting CXX compiler ABI info
[0.352s] -- Detecting CXX compiler ABI info - done
[0.359s] -- Check for working CXX compiler: /usr/bin/c++ - skipped
[0.360s] -- Detecting CXX compile features
[0.360s] -- Detecting CXX compile features - done
[0.365s] -- Found ament_cmake: 2.5.4 (/opt/ros/jazzy/share/ament_cmake/cmake)
[0.516s] -- Found Python3: /usr/bin/python3 (found version "3.12.3") found components: Interpreter 
[0.652s] -- Found rclcpp: 28.1.12 (/opt/ros/jazzy/share/rclcpp/cmake)
[0.711s] -- Found rosidl_generator_c: 4.6.6 (/opt/ros/jazzy/share/rosidl_generator_c/cmake)
[0.730s] -- Found rosidl_generator_cpp: 4.6.6 (/opt/ros/jazzy/share/rosidl_generator_cpp/cmake)
[0.753s] -- Using all available rosidl_typesupport_c: rosidl_typesupport_fastrtps_c;rosidl_typesupport_introspection_c
[0.778s] -- Using all available rosidl_typesupport_cpp: rosidl_typesupport_fastrtps_cpp;rosidl_typesupport_introspection_cpp
[0.877s] -- Found rmw_implementation_cmake: 7.3.2 (/opt/ros/jazzy/share/rmw_implementation_cmake/cmake)
[0.882s] -- Found rmw_fastrtps_cpp: 8.4.3 (/opt/ros/jazzy/share/rmw_fastrtps_cpp/cmake)
[0.980s] -- Found OpenSSL: /usr/lib/x86_64-linux-gnu/libcrypto.so (found version "3.0.13")  
[1.002s] -- Found FastRTPS: /opt/ros/jazzy/include (Required is at least version "2.13") 
[1.025s] -- Using RMW implementation 'rmw_fastrtps_cpp' as default
[1.108s] -- Found sensor_msgs: 5.3.6 (/opt/ros/jazzy/share/sensor_msgs/cmake)
[1.176s] -- Found nav2_msgs: 1.3.10 (/opt/ros/jazzy/share/nav2_msgs/cmake)
[1.324s] -- Found tf2: 0.36.14 (/opt/ros/jazzy/share/tf2/cmake)
[1.331s] -- Found tf2_ros: 0.36.14 (/opt/ros/jazzy/share/tf2_ros/cmake)
[1.437s] -- Found tf2_geometry_msgs: 0.36.14 (/opt/ros/jazzy/share/tf2_geometry_msgs/cmake)
[1.461s] -- Found eigen3_cmake_module: 0.3.0 (/opt/ros/jazzy/share/eigen3_cmake_module/cmake)
[1.462s] -- Found Eigen3: TRUE (found version "3.4.0") 
[1.462s] -- Ensuring Eigen3 include directory is part of orocos-kdl CMake target
[1.467s] -- Found apriltag_msgs: 2.0.1 (/opt/ros/jazzy/share/apriltag_msgs/cmake)
[1.558s] -- Configuring done (1.5s)
[1.577s] -- Generating done (0.0s)
[1.582s] -- Build files have been written to: /home/prakash/ws_8_assignments/build/group_8_assignment_1
[1.592s] Invoked command in '/home/prakash/ws_8_assignments/build/group_8_assignment_1' returned '0': CMAKE_PREFIX_PATH=${CMAKE_PREFIX_PATH}:/opt/ros/jazzy DEBUGINFOD_URLS=https://debuginfod.ubuntu.com /usr/bin/cmake /home/prakash/ws_8_assignments/src/group_8_assignment_1 -DCMAKE_INSTALL_PREFIX=/home/prakash/ws_8_assignments/install/group_8_assignment_1
[1.593s] Invoking command in '/home/prakash/ws_8_assignments/build/group_8_assignment_1': CMAKE_PREFIX_PATH=${CMAKE_PREFIX_PATH}:/opt/ros/jazzy DEBUGINFOD_URLS=https://debuginfod.ubuntu.com /usr/bin/cmake --build /home/prakash/ws_8_assignments/build/group_8_assignment_1 -- -j12 -l12
[1.648s] [ 50%] [32mBuilding CXX object CMakeFiles/tag_goal_node.dir/src/tag_goal_node.cpp.o[0m
[1.648s] [ 50%] [32mBuilding CXX object CMakeFiles/table_detection_node.dir/src/table_detection_node.cpp.o[0m
[9.206s] [ 75%] [32m[1mLinking CXX executable table_detection_node[0m
[9.522s] [100%] [32m[1mLinking CXX executable tag_goal_node[0m
[9.541s] [100%] Built target table_detection_node
[9.875s] [100%] Built target tag_goal_node
[9.886s] Invoked command in '/home/prakash/ws_8_assignments/build/group_8_assignment_1' returned '0': CMAKE_PREFIX_PATH=${CMAKE_PREFIX_PATH}:/opt/ros/jazzy DEBUGINFOD_URLS=https://debuginfod.ubuntu.com /usr/bin/cmake --build /home/prakash/ws_8_assignments/build/group_8_assignment_1 -- -j12 -l12
[9.887s] Invoking command in '/home/prakash/ws_8_assignments/build/group_8_assignment_1': CMAKE_PREFIX_PATH=${CMAKE_PREFIX_PATH}:/opt/ros/jazzy DEBUGINFOD_URLS=https://debuginfod.ubuntu.com /usr/bin/cmake --install /home/prakash/ws_8_assignments/build/group_8_assignment_1
[9.896s] -- Install configuration: ""
[9.896s] -- Installing: /home/prakash/ws_8_assignments/install/group_8_assignment_1/lib/group_8_assignment_1/tag_goal_node
[9.902s] -- Set non-toolchain portion of runtime path of "/home/prakash/ws_8_assignments/install/group_8_assignment_1/lib/group_8_assignment_1/tag_goal_node" to ""
[9.902s] -- Installing: /home/prakash/ws_8_assignments/install/group_8_assignment_1/lib/group_8_assignment_1/table_detection_node
[9.907s] -- Set non-toolchain portion of runtime path of "/home/prakash/ws_8_assignments/install/group_8_assignment_1/lib/group_8_assignment_1/table_detection_node" to ""
[9.907s] -- Installing: /home/prakash/ws_8_assignments/install/group_8_assignment_1/share/group_8_assignment_1/launch
[9.907s] -- Installing: /home/prakash/ws_8_assignments/install/group_8_assignment_1/share/group_8_assignment_1/launch/assignment_1_full.launch.py
[9.908s] -- Installing: /home/prakash/ws_8_assignments/install/group_8_assignment_1/share/ament_index/resource_index/package_run_dependencies/group_8_assignment_1
[9.908s] -- Installing: /home/prakash/ws_8_assignments/install/group_8_assignment_1/share/ament_index/resource_index/parent_prefix_path/group_8_assignment_1
[9.908s] -- Installing: /home/prakash/ws_8_assignments/install/group_8_assignment_1/share/group_8_assignment_1/environment/ament_prefix_path.sh
[9.908s] -- Installing: /home/prakash/ws_8_assignments/install/group_8_assignment_1/share/group_8_assignment_1/environment/ament_prefix_path.dsv
[9.908s] -- Installing: /home/prakash/ws_8_assignments/install/group_8_assignment_1/share/group_8_assignment_1/environment/path.sh
[9.908s] -- Installing: /home/prakash/ws_8_assignments/install/group_8_assignment_1/share/group_8_assignment_1/environment/path.dsv
[9.908s] -- Installing: /home/prakash/ws_8_assignments/install/group_8_assignment_1/share/group_8_assignment_1/local_setup.bash
[9.909s] -- Installing: /home/prakash/ws_8_assignments/install/group_8_assignment_1/share/group_8_assignment_1/local_setup.sh
[9.909s] -- Installing: /home/prakash/ws_8_assignments/install/group_8_assignment_1/share/group_8_assignment_1/local_setup.zsh
[9.909s] -- Installing: /home/prakash/ws_8_assignments/install/group_8_assignment_1/share/group_8_assignment_1/local_setup.dsv
[9.909s] -- Installing: /home/prakash/ws_8_assignments/install/group_8_assignment_1/share/group_8_assignment_1/package.dsv
[9.909s] -- Installing: /home/prakash/ws_8_assignments/install/group_8_assignment_1/share/ament_index/resource_index/packages/group_8_assignment_1
[9.910s] -- Installing: /home/prakash/ws_8_assignments/install/group_8_assignment_1/share/group_8_assignment_1/cmake/group_8_assignment_1Config.cmake
[9.910s] -- Installing: /home/prakash/ws_8_assignments/install/group_8_assignment_1/share/group_8_assignment_1/cmake/group_8_assignment_1Config-version.cmake
[9.910s] -- Installing: /home/prakash/ws_8_assignments/install/group_8_assignment_1/share/group_8_assignment_1/package.xml
[9.912s] Invoked command in '/home/prakash/ws_8_assignments/build/group_8_assignment_1' returned '0': CMAKE_PREFIX_PATH=${CMAKE_PREFIX_PATH}:/opt/ros/jazzy DEBUGINFOD_URLS=https://debuginfod.ubuntu.com /usr/bin/cmake --install /home/prakash/ws_8_assignments/build/group_8_assignment_1
