[0.086s] DEBUG:colcon:Command line arguments: ['/usr/bin/colcon', 'build']
[0.086s] DEBUG:colcon:Parsed command line arguments: Namespace(log_base=None, log_level=None, verb_name='build', build_base='build', install_base='install', merge_install=False, symlink_install=False, test_result_base=None, continue_on_error=False, executor='parallel', parallel_workers=12, event_handlers=None, ignore_user_meta=False, metas=['./colcon.meta'], base_paths=['.'], packages_ignore=None, packages_ignore_regex=None, paths=None, packages_up_to=None, packages_up_to_regex=None, packages_above=None, packages_above_and_dependencies=None, packages_above_depth=None, packages_select_by_dep=None, packages_skip_by_dep=None, packages_skip_up_to=None, packages_select_build_failed=False, packages_skip_build_finished=False, packages_select_test_failures=False, packages_skip_test_passed=False, packages_select=None, packages_skip=None, packages_select_regex=None, packages_skip_regex=None, packages_start=None, packages_end=None, allow_overriding=[], cmake_args=None, cmake_target=None, cmake_target_skip_unavailable=False, cmake_clean_cache=False, cmake_clean_first=False, cmake_force_configure=False, ament_cmake_args=None, catkin_cmake_args=None, catkin_skip_building_tests=False, verb_parser=<colcon_defaults.argument_parser.defaults.DefaultArgumentsDecorator object at 0x776ad257b9b0>, verb_extension=<colcon_core.verb.build.BuildVerb object at 0x776ad2ff07d0>, main=<bound method BuildVerb.main of <colcon_core.verb.build.BuildVerb object at 0x776ad2ff07d0>>)
[0.119s] Level 1:colcon.colcon_core.package_discovery:discover_packages(colcon_meta) check parameters
[0.119s] Level 1:colcon.colcon_core.package_discovery:discover_packages(recursive) check parameters
[0.119s] Level 1:colcon.colcon_core.package_discovery:discover_packages(ignore) check parameters
[0.119s] Level 1:colcon.colcon_core.package_discovery:discover_packages(path) check parameters
[0.119s] Level 1:colcon.colcon_core.package_discovery:discover_packages(colcon_meta) discover
[0.119s] Level 1:colcon.colcon_core.package_discovery:discover_packages(recursive) discover
[0.119s] INFO:colcon.colcon_core.package_discovery:Crawling recursively for packages in '/home/prakash/ws_8_assignments'
[0.119s] Level 1:colcon.colcon_core.package_identification:_identify(.) by extensions ['ignore', 'ignore_ament_install']
[0.119s] Level 1:colcon.colcon_core.package_identification:_identify(.) by extension 'ignore'
[0.119s] Level 1:colcon.colcon_core.package_identification:_identify(.) by extension 'ignore_ament_install'
[0.119s] Level 1:colcon.colcon_core.package_identification:_identify(.) by extensions ['colcon_pkg']
[0.119s] Level 1:colcon.colcon_core.package_identification:_identify(.) by extension 'colcon_pkg'
[0.119s] Level 1:colcon.colcon_core.package_identification:_identify(.) by extensions ['colcon_meta']
[0.120s] Level 1:colcon.colcon_core.package_identification:_identify(.) by extension 'colcon_meta'
[0.120s] Level 1:colcon.colcon_core.package_identification:_identify(.) by extensions ['ros']
[0.120s] Level 1:colcon.colcon_core.package_identification:_identify(.) by extension 'ros'
[0.139s] Level 1:colcon.colcon_core.package_identification:_identify(.) by extensions ['cmake', 'python']
[0.139s] Level 1:colcon.colcon_core.package_identification:_identify(.) by extension 'cmake'
[0.139s] Level 1:colcon.colcon_core.package_identification:_identify(.) by extension 'python'
[0.139s] Level 1:colcon.colcon_core.package_identification:_identify(.) by extensions ['python_setup_py']
[0.139s] Level 1:colcon.colcon_core.package_identification:_identify(.) by extension 'python_setup_py'
[0.139s] Level 1:colcon.colcon_core.package_identification:_identify(build) by extensions ['ignore', 'ignore_ament_install']
[0.139s] Level 1:colcon.colcon_core.package_identification:_identify(build) by extension 'ignore'
[0.139s] Level 1:colcon.colcon_core.package_identification:_identify(build) ignored
[0.139s] Level 1:colcon.colcon_core.package_identification:_identify(install) by extensions ['ignore', 'ignore_ament_install']
[0.139s] Level 1:colcon.colcon_core.package_identification:_identify(install) by extension 'ignore'
[0.139s] Level 1:colcon.colcon_core.package_identification:_identify(install) ignored
[0.139s] Level 1:colcon.colcon_core.package_identification:_identify(log) by extensions ['ignore', 'ignore_ament_install']
[0.139s] Level 1:colcon.colcon_core.package_identification:_identify(log) by extension 'ignore'
[0.139s] Level 1:colcon.colcon_core.package_identification:_identify(log) ignored
[0.139s] Level 1:colcon.colcon_core.package_identification:_identify(src) by extensions ['ignore', 'ignore_ament_install']
[0.140s] Level 1:colcon.colcon_core.package_identification:_identify(src) by extension 'ignore'
[0.140s] Level 1:colcon.colcon_core.package_identification:_identify(src) by extension 'ignore_ament_install'
[0.140s] Level 1:colcon.colcon_core.package_identification:_identify(src) by extensions ['colcon_pkg']
[0.140s] Level 1:colcon.colcon_core.package_identification:_identify(src) by extension 'colcon_pkg'
[0.140s] Level 1:colcon.colcon_core.package_identification:_identify(src) by extensions ['colcon_meta']
[0.140s] Level 1:colcon.colcon_core.package_identification:_identify(src) by extension 'colcon_meta'
[0.140s] Level 1:colcon.colcon_core.package_identification:_identify(src) by extensions ['ros']
[0.140s] Level 1:colcon.colcon_core.package_identification:_identify(src) by extension 'ros'
[0.140s] Level 1:colcon.colcon_core.package_identification:_identify(src) by extensions ['cmake', 'python']
[0.140s] Level 1:colcon.colcon_core.package_identification:_identify(src) by extension 'cmake'
[0.140s] Level 1:colcon.colcon_core.package_identification:_identify(src) by extension 'python'
[0.140s] Level 1:colcon.colcon_core.package_identification:_identify(src) by extensions ['python_setup_py']
[0.140s] Level 1:colcon.colcon_core.package_identification:_identify(src) by extension 'python_setup_py'
[0.140s] Level 1:colcon.colcon_core.package_identification:_identify(src/group_8_assignment_1) by extensions ['ignore', 'ignore_ament_install']
[0.140s] Level 1:colcon.colcon_core.package_identification:_identify(src/group_8_assignment_1) by extension 'ignore'
[0.140s] Level 1:colcon.colcon_core.package_identification:_identify(src/group_8_assignment_1) by extension 'ignore_ament_install'
[0.140s] Level 1:colcon.colcon_core.package_identification:_identify(src/group_8_assignment_1) by extensions ['colcon_pkg']
[0.140s] Level 1:colcon.colcon_core.package_identification:_identify(src/group_8_assignment_1) by extension 'colcon_pkg'
[0.140s] Level 1:colcon.colcon_core.package_identification:_identify(src/group_8_assignment_1) by extensions ['colcon_meta']
[0.140s] Level 1:colcon.colcon_core.package_identification:_identify(src/group_8_assignment_1) by extension 'colcon_meta'
[0.140s] Level 1:colcon.colcon_core.package_identification:_identify(src/group_8_assignment_1) by extensions ['ros']
[0.140s] Level 1:colcon.colcon_core.package_identification:_identify(src/group_8_assignment_1) by extension 'ros'
[0.143s] DEBUG:colcon.colcon_core.package_identification:Package 'src/group_8_assignment_1' with type 'ros.ament_cmake' and name 'group_8_assignment_1'
[0.143s] Level 1:colcon.colcon_core.package_identification:_identify(src/ir_2526) by extensions ['ignore', 'ignore_ament_install']
[0.143s] Level 1:colcon.colcon_core.package_identification:_identify(src/ir_2526) by extension 'ignore'
[0.143s] Level 1:colcon.colcon_core.package_identification:_identify(src/ir_2526) by extension 'ignore_ament_install'
[0.143s] Level 1:colcon.colcon_core.package_identification:_identify(src/ir_2526) by extensions ['colcon_pkg']
[0.143s] Level 1:colcon.colcon_core.package_identification:_identify(src/ir_2526) by extension 'colcon_pkg'
[0.143s] Level 1:colcon.colcon_core.package_identification:_identify(src/ir_2526) by extensions ['colcon_meta']
[0.143s] Level 1:colcon.colcon_core.package_identification:_identify(src/ir_2526) by extension 'colcon_meta'
[0.143s] Level 1:colcon.colcon_core.package_identification:_identify(src/ir_2526) by extensions ['ros']
[0.143s] Level 1:colcon.colcon_core.package_identification:_identify(src/ir_2526) by extension 'ros'
[0.144s] Level 1:colcon.colcon_core.package_identification:_identify(src/ir_2526) by extensions ['cmake', 'python']
[0.144s] Level 1:colcon.colcon_core.package_identification:_identify(src/ir_2526) by extension 'cmake'
[0.144s] Level 1:colcon.colcon_core.package_identification:_identify(src/ir_2526) by extension 'python'
[0.144s] Level 1:colcon.colcon_core.package_identification:_identify(src/ir_2526) by extensions ['python_setup_py']
[0.144s] Level 1:colcon.colcon_core.package_identification:_identify(src/ir_2526) by extension 'python_setup_py'
[0.144s] Level 1:colcon.colcon_core.package_identification:_identify(src/ir_2526/apriltag_ros) by extensions ['ignore', 'ignore_ament_install']
[0.144s] Level 1:colcon.colcon_core.package_identification:_identify(src/ir_2526/apriltag_ros) by extension 'ignore'
[0.144s] Level 1:colcon.colcon_core.package_identification:_identify(src/ir_2526/apriltag_ros) by extension 'ignore_ament_install'
[0.144s] Level 1:colcon.colcon_core.package_identification:_identify(src/ir_2526/apriltag_ros) by extensions ['colcon_pkg']
[0.144s] Level 1:colcon.colcon_core.package_identification:_identify(src/ir_2526/apriltag_ros) by extension 'colcon_pkg'
[0.144s] Level 1:colcon.colcon_core.package_identification:_identify(src/ir_2526/apriltag_ros) by extensions ['colcon_meta']
[0.144s] Level 1:colcon.colcon_core.package_identification:_identify(src/ir_2526/apriltag_ros) by extension 'colcon_meta'
[0.144s] Level 1:colcon.colcon_core.package_identification:_identify(src/ir_2526/apriltag_ros) by extensions ['ros']
[0.144s] Level 1:colcon.colcon_core.package_identification:_identify(src/ir_2526/apriltag_ros) by extension 'ros'
[0.146s] DEBUG:colcon.colcon_core.package_identification:Package 'src/ir_2526/apriltag_ros' with type 'ros.ament_cmake' and name 'apriltag_ros'
[0.147s] Level 1:colcon.colcon_core.package_identification:_identify(src/ir_2526/ir_base) by extensions ['ignore', 'ignore_ament_install']
[0.147s] Level 1:colcon.colcon_core.package_identification:_identify(src/ir_2526/ir_base) by extension 'ignore'
[0.147s] Level 1:colcon.colcon_core.package_identification:_identify(src/ir_2526/ir_base) by extension 'ignore_ament_install'
[0.147s] Level 1:colcon.colcon_core.package_identification:_identify(src/ir_2526/ir_base) by extensions ['colcon_pkg']
[0.147s] Level 1:colcon.colcon_core.package_identification:_identify(src/ir_2526/ir_base) by extension 'colcon_pkg'
[0.147s] Level 1:colcon.colcon_core.package_identification:_identify(src/ir_2526/ir_base) by extensions ['colcon_meta']
[0.147s] Level 1:colcon.colcon_core.package_identification:_identify(src/ir_2526/ir_base) by extension 'colcon_meta'
[0.147s] Level 1:colcon.colcon_core.package_identification:_identify(src/ir_2526/ir_base) by extensions ['ros']
[0.147s] Level 1:colcon.colcon_core.package_identification:_identify(src/ir_2526/ir_base) by extension 'ros'
[0.147s] DEBUG:colcon.colcon_core.package_identification:Package 'src/ir_2526/ir_base' with type 'ros.ament_cmake' and name 'ir_base'
[0.147s] Level 1:colcon.colcon_core.package_identification:_identify(src/ir_2526/ir_desription) by extensions ['ignore', 'ignore_ament_install']
[0.147s] Level 1:colcon.colcon_core.package_identification:_identify(src/ir_2526/ir_desription) by extension 'ignore'
[0.147s] Level 1:colcon.colcon_core.package_identification:_identify(src/ir_2526/ir_desription) by extension 'ignore_ament_install'
[0.147s] Level 1:colcon.colcon_core.package_identification:_identify(src/ir_2526/ir_desription) by extensions ['colcon_pkg']
[0.147s] Level 1:colcon.colcon_core.package_identification:_identify(src/ir_2526/ir_desription) by extension 'colcon_pkg'
[0.147s] Level 1:colcon.colcon_core.package_identification:_identify(src/ir_2526/ir_desription) by extensions ['colcon_meta']
[0.148s] Level 1:colcon.colcon_core.package_identification:_identify(src/ir_2526/ir_desription) by extension 'colcon_meta'
[0.148s] Level 1:colcon.colcon_core.package_identification:_identify(src/ir_2526/ir_desription) by extensions ['ros']
[0.148s] Level 1:colcon.colcon_core.package_identification:_identify(src/ir_2526/ir_desription) by extension 'ros'
[0.148s] DEBUG:colcon.colcon_core.package_identification:Package 'src/ir_2526/ir_desription' with type 'ros.ament_cmake' and name 'ir_desription'
[0.148s] Level 1:colcon.colcon_core.package_identification:_identify(src/ir_2526/ir_launch) by extensions ['ignore', 'ignore_ament_install']
[0.148s] Level 1:colcon.colcon_core.package_identification:_identify(src/ir_2526/ir_launch) by extension 'ignore'
[0.148s] Level 1:colcon.colcon_core.package_identification:_identify(src/ir_2526/ir_launch) by extension 'ignore_ament_install'
[0.148s] Level 1:colcon.colcon_core.package_identification:_identify(src/ir_2526/ir_launch) by extensions ['colcon_pkg']
[0.148s] Level 1:colcon.colcon_core.package_identification:_identify(src/ir_2526/ir_launch) by extension 'colcon_pkg'
[0.148s] Level 1:colcon.colcon_core.package_identification:_identify(src/ir_2526/ir_launch) by extensions ['colcon_meta']
[0.148s] Level 1:colcon.colcon_core.package_identification:_identify(src/ir_2526/ir_launch) by extension 'colcon_meta'
[0.148s] Level 1:colcon.colcon_core.package_identification:_identify(src/ir_2526/ir_launch) by extensions ['ros']
[0.148s] Level 1:colcon.colcon_core.package_identification:_identify(src/ir_2526/ir_launch) by extension 'ros'
[0.149s] DEBUG:colcon.colcon_core.package_identification:Package 'src/ir_2526/ir_launch' with type 'ros.ament_cmake' and name 'ir_launch'
[0.149s] Level 1:colcon.colcon_core.package_identification:_identify(src/ir_2526/ir_movit_config) by extensions ['ignore', 'ignore_ament_install']
[0.149s] Level 1:colcon.colcon_core.package_identification:_identify(src/ir_2526/ir_movit_config) by extension 'ignore'
[0.149s] Level 1:colcon.colcon_core.package_identification:_identify(src/ir_2526/ir_movit_config) by extension 'ignore_ament_install'
[0.149s] Level 1:colcon.colcon_core.package_identification:_identify(src/ir_2526/ir_movit_config) by extensions ['colcon_pkg']
[0.149s] Level 1:colcon.colcon_core.package_identification:_identify(src/ir_2526/ir_movit_config) by extension 'colcon_pkg'
[0.149s] Level 1:colcon.colcon_core.package_identification:_identify(src/ir_2526/ir_movit_config) by extensions ['colcon_meta']
[0.149s] Level 1:colcon.colcon_core.package_identification:_identify(src/ir_2526/ir_movit_config) by extension 'colcon_meta'
[0.149s] Level 1:colcon.colcon_core.package_identification:_identify(src/ir_2526/ir_movit_config) by extensions ['ros']
[0.149s] Level 1:colcon.colcon_core.package_identification:_identify(src/ir_2526/ir_movit_config) by extension 'ros'
[0.150s] DEBUG:colcon.colcon_core.package_identification:Package 'src/ir_2526/ir_movit_config' with type 'ros.ament_cmake' and name 'ir_movit_config'
[0.150s] Level 1:colcon.colcon_core.package_discovery:discover_packages(recursive) using defaults
[0.150s] Level 1:colcon.colcon_core.package_discovery:discover_packages(ignore) discover
[0.150s] Level 1:colcon.colcon_core.package_discovery:discover_packages(ignore) using defaults
[0.150s] Level 1:colcon.colcon_core.package_discovery:discover_packages(path) discover
[0.150s] Level 1:colcon.colcon_core.package_discovery:discover_packages(path) using defaults
[0.164s] Level 1:colcon.colcon_core.package_discovery:discover_packages(prefix_path) check parameters
[0.164s] Level 1:colcon.colcon_core.package_discovery:discover_packages(prefix_path) discover
[0.165s] WARNING:colcon.colcon_ros.prefix_path.ament:The path '/home/prakash/ws_8_assignments/install/ir_movit_config' in the environment variable AMENT_PREFIX_PATH doesn't exist
[0.165s] WARNING:colcon.colcon_ros.prefix_path.ament:The path '/home/prakash/ws_8_assignments/install/ir_launch' in the environment variable AMENT_PREFIX_PATH doesn't exist
[0.165s] WARNING:colcon.colcon_ros.prefix_path.ament:The path '/home/prakash/ws_8_assignments/install/ir_desription' in the environment variable AMENT_PREFIX_PATH doesn't exist
[0.165s] WARNING:colcon.colcon_ros.prefix_path.ament:The path '/home/prakash/ws_8_assignments/install/ir_base' in the environment variable AMENT_PREFIX_PATH doesn't exist
[0.165s] WARNING:colcon.colcon_ros.prefix_path.ament:The path '/home/prakash/ws_8_assignments/install/apriltag_ros' in the environment variable AMENT_PREFIX_PATH doesn't exist
[0.165s] WARNING:colcon.colcon_ros.prefix_path.ament:The path '/home/prakash/assignment_ws/install/table_detection_pkg' in the environment variable AMENT_PREFIX_PATH doesn't exist
[0.165s] WARNING:colcon.colcon_ros.prefix_path.catkin:The path '/home/prakash/ws_8_assignments/install/ir_movit_config' in the environment variable CMAKE_PREFIX_PATH doesn't exist
[0.165s] WARNING:colcon.colcon_ros.prefix_path.catkin:The path '/home/prakash/ws_8_assignments/install/ir_launch' in the environment variable CMAKE_PREFIX_PATH doesn't exist
[0.165s] WARNING:colcon.colcon_ros.prefix_path.catkin:The path '/home/prakash/ws_8_assignments/install/ir_desription' in the environment variable CMAKE_PREFIX_PATH doesn't exist
[0.165s] WARNING:colcon.colcon_ros.prefix_path.catkin:The path '/home/prakash/ws_8_assignments/install/ir_base' in the environment variable CMAKE_PREFIX_PATH doesn't exist
[0.165s] WARNING:colcon.colcon_ros.prefix_path.catkin:The path '/home/prakash/ws_8_assignments/install/apriltag_ros' in the environment variable CMAKE_PREFIX_PATH doesn't exist
[0.165s] WARNING:colcon.colcon_ros.prefix_path.catkin:The path '/home/prakash/assignment_ws/install/table_detection_pkg' in the environment variable CMAKE_PREFIX_PATH doesn't exist
[0.166s] DEBUG:colcon.colcon_installed_package_information.package_discovery:Found 0 installed packages in /home/prakash/ws_8_assignments/install
[0.166s] DEBUG:colcon.colcon_installed_package_information.package_discovery:Found 1 installed packages in /home/prakash/assignment_ws/install
[0.167s] DEBUG:colcon.colcon_installed_package_information.package_discovery:Found 2 installed packages in /home/prakash/ros2_ws/install
[0.168s] DEBUG:colcon.colcon_installed_package_information.package_discovery:Found 410 installed packages in /opt/ros/jazzy
[0.170s] Level 1:colcon.colcon_core.package_discovery:discover_packages(prefix_path) using defaults
[0.213s] Level 5:colcon.colcon_core.verb:set package 'apriltag_ros' build argument 'cmake_args' from command line to 'None'
[0.213s] Level 5:colcon.colcon_core.verb:set package 'apriltag_ros' build argument 'cmake_target' from command line to 'None'
[0.213s] Level 5:colcon.colcon_core.verb:set package 'apriltag_ros' build argument 'cmake_target_skip_unavailable' from command line to 'False'
[0.213s] Level 5:colcon.colcon_core.verb:set package 'apriltag_ros' build argument 'cmake_clean_cache' from command line to 'False'
[0.214s] Level 5:colcon.colcon_core.verb:set package 'apriltag_ros' build argument 'cmake_clean_first' from command line to 'False'
[0.214s] Level 5:colcon.colcon_core.verb:set package 'apriltag_ros' build argument 'cmake_force_configure' from command line to 'False'
[0.214s] Level 5:colcon.colcon_core.verb:set package 'apriltag_ros' build argument 'ament_cmake_args' from command line to 'None'
[0.214s] Level 5:colcon.colcon_core.verb:set package 'apriltag_ros' build argument 'catkin_cmake_args' from command line to 'None'
[0.214s] Level 5:colcon.colcon_core.verb:set package 'apriltag_ros' build argument 'catkin_skip_building_tests' from command line to 'False'
[0.214s] DEBUG:colcon.colcon_core.verb:Building package 'apriltag_ros' with the following arguments: {'ament_cmake_args': None, 'build_base': '/home/prakash/ws_8_assignments/build/apriltag_ros', 'catkin_cmake_args': None, 'catkin_skip_building_tests': False, 'cmake_args': None, 'cmake_clean_cache': False, 'cmake_clean_first': False, 'cmake_force_configure': False, 'cmake_target': None, 'cmake_target_skip_unavailable': False, 'install_base': '/home/prakash/ws_8_assignments/install/apriltag_ros', 'merge_install': False, 'path': '/home/prakash/ws_8_assignments/src/ir_2526/apriltag_ros', 'symlink_install': False, 'test_result_base': None}
[0.214s] Level 5:colcon.colcon_core.verb:set package 'group_8_assignment_1' build argument 'cmake_args' from command line to 'None'
[0.214s] Level 5:colcon.colcon_core.verb:set package 'group_8_assignment_1' build argument 'cmake_target' from command line to 'None'
[0.214s] Level 5:colcon.colcon_core.verb:set package 'group_8_assignment_1' build argument 'cmake_target_skip_unavailable' from command line to 'False'
[0.214s] Level 5:colcon.colcon_core.verb:set package 'group_8_assignment_1' build argument 'cmake_clean_cache' from command line to 'False'
[0.214s] Level 5:colcon.colcon_core.verb:set package 'group_8_assignment_1' build argument 'cmake_clean_first' from command line to 'False'
[0.214s] Level 5:colcon.colcon_core.verb:set package 'group_8_assignment_1' build argument 'cmake_force_configure' from command line to 'False'
[0.214s] Level 5:colcon.colcon_core.verb:set package 'group_8_assignment_1' build argument 'ament_cmake_args' from command line to 'None'
[0.214s] Level 5:colcon.colcon_core.verb:set package 'group_8_assignment_1' build argument 'catkin_cmake_args' from command line to 'None'
[0.214s] Level 5:colcon.colcon_core.verb:set package 'group_8_assignment_1' build argument 'catkin_skip_building_tests' from command line to 'False'
[0.214s] DEBUG:colcon.colcon_core.verb:Building package 'group_8_assignment_1' with the following arguments: {'ament_cmake_args': None, 'build_base': '/home/prakash/ws_8_assignments/build/group_8_assignment_1', 'catkin_cmake_args': None, 'catkin_skip_building_tests': False, 'cmake_args': None, 'cmake_clean_cache': False, 'cmake_clean_first': False, 'cmake_force_configure': False, 'cmake_target': None, 'cmake_target_skip_unavailable': False, 'install_base': '/home/prakash/ws_8_assignments/install/group_8_assignment_1', 'merge_install': False, 'path': '/home/prakash/ws_8_assignments/src/group_8_assignment_1', 'symlink_install': False, 'test_result_base': None}
[0.214s] Level 5:colcon.colcon_core.verb:set package 'ir_base' build argument 'cmake_args' from command line to 'None'
[0.214s] Level 5:colcon.colcon_core.verb:set package 'ir_base' build argument 'cmake_target' from command line to 'None'
[0.214s] Level 5:colcon.colcon_core.verb:set package 'ir_base' build argument 'cmake_target_skip_unavailable' from command line to 'False'
[0.214s] Level 5:colcon.colcon_core.verb:set package 'ir_base' build argument 'cmake_clean_cache' from command line to 'False'
[0.214s] Level 5:colcon.colcon_core.verb:set package 'ir_base' build argument 'cmake_clean_first' from command line to 'False'
[0.214s] Level 5:colcon.colcon_core.verb:set package 'ir_base' build argument 'cmake_force_configure' from command line to 'False'
[0.214s] Level 5:colcon.colcon_core.verb:set package 'ir_base' build argument 'ament_cmake_args' from command line to 'None'
[0.214s] Level 5:colcon.colcon_core.verb:set package 'ir_base' build argument 'catkin_cmake_args' from command line to 'None'
[0.214s] Level 5:colcon.colcon_core.verb:set package 'ir_base' build argument 'catkin_skip_building_tests' from command line to 'False'
[0.214s] DEBUG:colcon.colcon_core.verb:Building package 'ir_base' with the following arguments: {'ament_cmake_args': None, 'build_base': '/home/prakash/ws_8_assignments/build/ir_base', 'catkin_cmake_args': None, 'catkin_skip_building_tests': False, 'cmake_args': None, 'cmake_clean_cache': False, 'cmake_clean_first': False, 'cmake_force_configure': False, 'cmake_target': None, 'cmake_target_skip_unavailable': False, 'install_base': '/home/prakash/ws_8_assignments/install/ir_base', 'merge_install': False, 'path': '/home/prakash/ws_8_assignments/src/ir_2526/ir_base', 'symlink_install': False, 'test_result_base': None}
[0.215s] Level 5:colcon.colcon_core.verb:set package 'ir_desription' build argument 'cmake_args' from command line to 'None'
[0.215s] Level 5:colcon.colcon_core.verb:set package 'ir_desription' build argument 'cmake_target' from command line to 'None'
[0.215s] Level 5:colcon.colcon_core.verb:set package 'ir_desription' build argument 'cmake_target_skip_unavailable' from command line to 'False'
[0.215s] Level 5:colcon.colcon_core.verb:set package 'ir_desription' build argument 'cmake_clean_cache' from command line to 'False'
[0.215s] Level 5:colcon.colcon_core.verb:set package 'ir_desription' build argument 'cmake_clean_first' from command line to 'False'
[0.215s] Level 5:colcon.colcon_core.verb:set package 'ir_desription' build argument 'cmake_force_configure' from command line to 'False'
[0.215s] Level 5:colcon.colcon_core.verb:set package 'ir_desription' build argument 'ament_cmake_args' from command line to 'None'
[0.215s] Level 5:colcon.colcon_core.verb:set package 'ir_desription' build argument 'catkin_cmake_args' from command line to 'None'
[0.215s] Level 5:colcon.colcon_core.verb:set package 'ir_desription' build argument 'catkin_skip_building_tests' from command line to 'False'
[0.215s] DEBUG:colcon.colcon_core.verb:Building package 'ir_desription' with the following arguments: {'ament_cmake_args': None, 'build_base': '/home/prakash/ws_8_assignments/build/ir_desription', 'catkin_cmake_args': None, 'catkin_skip_building_tests': False, 'cmake_args': None, 'cmake_clean_cache': False, 'cmake_clean_first': False, 'cmake_force_configure': False, 'cmake_target': None, 'cmake_target_skip_unavailable': False, 'install_base': '/home/prakash/ws_8_assignments/install/ir_desription', 'merge_install': False, 'path': '/home/prakash/ws_8_assignments/src/ir_2526/ir_desription', 'symlink_install': False, 'test_result_base': None}
[0.215s] Level 5:colcon.colcon_core.verb:set package 'ir_launch' build argument 'cmake_args' from command line to 'None'
[0.215s] Level 5:colcon.colcon_core.verb:set package 'ir_launch' build argument 'cmake_target' from command line to 'None'
[0.215s] Level 5:colcon.colcon_core.verb:set package 'ir_launch' build argument 'cmake_target_skip_unavailable' from command line to 'False'
[0.215s] Level 5:colcon.colcon_core.verb:set package 'ir_launch' build argument 'cmake_clean_cache' from command line to 'False'
[0.215s] Level 5:colcon.colcon_core.verb:set package 'ir_launch' build argument 'cmake_clean_first' from command line to 'False'
[0.215s] Level 5:colcon.colcon_core.verb:set package 'ir_launch' build argument 'cmake_force_configure' from command line to 'False'
[0.215s] Level 5:colcon.colcon_core.verb:set package 'ir_launch' build argument 'ament_cmake_args' from command line to 'None'
[0.215s] Level 5:colcon.colcon_core.verb:set package 'ir_launch' build argument 'catkin_cmake_args' from command line to 'None'
[0.215s] Level 5:colcon.colcon_core.verb:set package 'ir_launch' build argument 'catkin_skip_building_tests' from command line to 'False'
[0.215s] DEBUG:colcon.colcon_core.verb:Building package 'ir_launch' with the following arguments: {'ament_cmake_args': None, 'build_base': '/home/prakash/ws_8_assignments/build/ir_launch', 'catkin_cmake_args': None, 'catkin_skip_building_tests': False, 'cmake_args': None, 'cmake_clean_cache': False, 'cmake_clean_first': False, 'cmake_force_configure': False, 'cmake_target': None, 'cmake_target_skip_unavailable': False, 'install_base': '/home/prakash/ws_8_assignments/install/ir_launch', 'merge_install': False, 'path': '/home/prakash/ws_8_assignments/src/ir_2526/ir_launch', 'symlink_install': False, 'test_result_base': None}
[0.215s] Level 5:colcon.colcon_core.verb:set package 'ir_movit_config' build argument 'cmake_args' from command line to 'None'
[0.215s] Level 5:colcon.colcon_core.verb:set package 'ir_movit_config' build argument 'cmake_target' from command line to 'None'
[0.215s] Level 5:colcon.colcon_core.verb:set package 'ir_movit_config' build argument 'cmake_target_skip_unavailable' from command line to 'False'
[0.215s] Level 5:colcon.colcon_core.verb:set package 'ir_movit_config' build argument 'cmake_clean_cache' from command line to 'False'
[0.215s] Level 5:colcon.colcon_core.verb:set package 'ir_movit_config' build argument 'cmake_clean_first' from command line to 'False'
[0.215s] Level 5:colcon.colcon_core.verb:set package 'ir_movit_config' build argument 'cmake_force_configure' from command line to 'False'
[0.216s] Level 5:colcon.colcon_core.verb:set package 'ir_movit_config' build argument 'ament_cmake_args' from command line to 'None'
[0.216s] Level 5:colcon.colcon_core.verb:set package 'ir_movit_config' build argument 'catkin_cmake_args' from command line to 'None'
[0.216s] Level 5:colcon.colcon_core.verb:set package 'ir_movit_config' build argument 'catkin_skip_building_tests' from command line to 'False'
[0.216s] DEBUG:colcon.colcon_core.verb:Building package 'ir_movit_config' with the following arguments: {'ament_cmake_args': None, 'build_base': '/home/prakash/ws_8_assignments/build/ir_movit_config', 'catkin_cmake_args': None, 'catkin_skip_building_tests': False, 'cmake_args': None, 'cmake_clean_cache': False, 'cmake_clean_first': False, 'cmake_force_configure': False, 'cmake_target': None, 'cmake_target_skip_unavailable': False, 'install_base': '/home/prakash/ws_8_assignments/install/ir_movit_config', 'merge_install': False, 'path': '/home/prakash/ws_8_assignments/src/ir_2526/ir_movit_config', 'symlink_install': False, 'test_result_base': None}
[0.216s] INFO:colcon.colcon_core.executor:Executing jobs using 'parallel' executor
[0.216s] DEBUG:colcon.colcon_parallel_executor.executor.parallel:run_until_complete
[0.217s] INFO:colcon.colcon_ros.task.ament_cmake.build:Building ROS package in '/home/prakash/ws_8_assignments/src/ir_2526/ir_desription' with build type 'ament_cmake'
[0.217s] INFO:colcon.colcon_cmake.task.cmake.build:Building CMake package in '/home/prakash/ws_8_assignments/src/ir_2526/ir_desription'
[0.219s] INFO:colcon.colcon_core.plugin_system:Skipping extension 'colcon_core.shell.bat': Not used on non-Windows systems
[0.219s] INFO:colcon.colcon_core.shell:Skip shell extension 'powershell' for command environment: Not usable outside of PowerShell
[0.219s] DEBUG:colcon.colcon_core.shell:Skip shell extension 'dsv' for command environment
[0.223s] INFO:colcon.colcon_ros.task.ament_cmake.build:Building ROS package in '/home/prakash/ws_8_assignments/src/ir_2526/apriltag_ros' with build type 'ament_cmake'
[0.223s] INFO:colcon.colcon_cmake.task.cmake.build:Building CMake package in '/home/prakash/ws_8_assignments/src/ir_2526/apriltag_ros'
[0.223s] INFO:colcon.colcon_core.shell:Skip shell extension 'powershell' for command environment: Not usable outside of PowerShell
[0.223s] DEBUG:colcon.colcon_core.shell:Skip shell extension 'dsv' for command environment
[0.226s] INFO:colcon.colcon_ros.task.ament_cmake.build:Building ROS package in '/home/prakash/ws_8_assignments/src/group_8_assignment_1' with build type 'ament_cmake'
[0.226s] INFO:colcon.colcon_cmake.task.cmake.build:Building CMake package in '/home/prakash/ws_8_assignments/src/group_8_assignment_1'
[0.227s] INFO:colcon.colcon_core.shell:Skip shell extension 'powershell' for command environment: Not usable outside of PowerShell
[0.227s] DEBUG:colcon.colcon_core.shell:Skip shell extension 'dsv' for command environment
[0.230s] INFO:colcon.colcon_ros.task.ament_cmake.build:Building ROS package in '/home/prakash/ws_8_assignments/src/ir_2526/ir_base' with build type 'ament_cmake'
[0.231s] INFO:colcon.colcon_cmake.task.cmake.build:Building CMake package in '/home/prakash/ws_8_assignments/src/ir_2526/ir_base'
[0.231s] INFO:colcon.colcon_core.shell:Skip shell extension 'powershell' for command environment: Not usable outside of PowerShell
[0.231s] DEBUG:colcon.colcon_core.shell:Skip shell extension 'dsv' for command environment
[0.234s] INFO:colcon.colcon_ros.task.ament_cmake.build:Building ROS package in '/home/prakash/ws_8_assignments/src/ir_2526/ir_launch' with build type 'ament_cmake'
[0.234s] INFO:colcon.colcon_cmake.task.cmake.build:Building CMake package in '/home/prakash/ws_8_assignments/src/ir_2526/ir_launch'
[0.234s] INFO:colcon.colcon_core.shell:Skip shell extension 'powershell' for command environment: Not usable outside of PowerShell
[0.234s] DEBUG:colcon.colcon_core.shell:Skip shell extension 'dsv' for command environment
[0.241s] DEBUG:colcon.colcon_core.event_handler.log_command:Invoking command in '/home/prakash/ws_8_assignments/build/ir_desription': CMAKE_PREFIX_PATH=${CMAKE_PREFIX_PATH}:/opt/ros/jazzy DEBUGINFOD_URLS=https://debuginfod.ubuntu.com /usr/bin/cmake /home/prakash/ws_8_assignments/src/ir_2526/ir_desription -DCMAKE_INSTALL_PREFIX=/home/prakash/ws_8_assignments/install/ir_desription
[0.243s] DEBUG:colcon.colcon_core.event_handler.log_command:Invoking command in '/home/prakash/ws_8_assignments/build/apriltag_ros': CMAKE_PREFIX_PATH=${CMAKE_PREFIX_PATH}:/opt/ros/jazzy DEBUGINFOD_URLS=https://debuginfod.ubuntu.com /usr/bin/cmake /home/prakash/ws_8_assignments/src/ir_2526/apriltag_ros -DCMAKE_INSTALL_PREFIX=/home/prakash/ws_8_assignments/install/apriltag_ros
[0.244s] DEBUG:colcon.colcon_core.event_handler.log_command:Invoking command in '/home/prakash/ws_8_assignments/build/group_8_assignment_1': CMAKE_PREFIX_PATH=${CMAKE_PREFIX_PATH}:/opt/ros/jazzy DEBUGINFOD_URLS=https://debuginfod.ubuntu.com /usr/bin/cmake /home/prakash/ws_8_assignments/src/group_8_assignment_1 -DCMAKE_INSTALL_PREFIX=/home/prakash/ws_8_assignments/install/group_8_assignment_1
[0.246s] DEBUG:colcon.colcon_core.event_handler.log_command:Invoking command in '/home/prakash/ws_8_assignments/build/ir_base': CMAKE_PREFIX_PATH=${CMAKE_PREFIX_PATH}:/opt/ros/jazzy DEBUGINFOD_URLS=https://debuginfod.ubuntu.com /usr/bin/cmake /home/prakash/ws_8_assignments/src/ir_2526/ir_base -DCMAKE_INSTALL_PREFIX=/home/prakash/ws_8_assignments/install/ir_base
[0.250s] DEBUG:colcon.colcon_core.event_handler.log_command:Invoking command in '/home/prakash/ws_8_assignments/build/ir_launch': CMAKE_PREFIX_PATH=${CMAKE_PREFIX_PATH}:/opt/ros/jazzy DEBUGINFOD_URLS=https://debuginfod.ubuntu.com /usr/bin/cmake /home/prakash/ws_8_assignments/src/ir_2526/ir_launch -DCMAKE_INSTALL_PREFIX=/home/prakash/ws_8_assignments/install/ir_launch
[0.997s] DEBUG:colcon.colcon_core.event_handler.log_command:Invoked command in '/home/prakash/ws_8_assignments/build/ir_launch' returned '0': CMAKE_PREFIX_PATH=${CMAKE_PREFIX_PATH}:/opt/ros/jazzy DEBUGINFOD_URLS=https://debuginfod.ubuntu.com /usr/bin/cmake /home/prakash/ws_8_assignments/src/ir_2526/ir_launch -DCMAKE_INSTALL_PREFIX=/home/prakash/ws_8_assignments/install/ir_launch
[0.998s] DEBUG:colcon.colcon_core.event_handler.log_command:Invoking command in '/home/prakash/ws_8_assignments/build/ir_launch': CMAKE_PREFIX_PATH=${CMAKE_PREFIX_PATH}:/opt/ros/jazzy DEBUGINFOD_URLS=https://debuginfod.ubuntu.com /usr/bin/cmake --build /home/prakash/ws_8_assignments/build/ir_launch -- -j12 -l12
[1.011s] DEBUG:colcon.colcon_core.event_handler.log_command:Invoked command in '/home/prakash/ws_8_assignments/build/ir_desription' returned '0': CMAKE_PREFIX_PATH=${CMAKE_PREFIX_PATH}:/opt/ros/jazzy DEBUGINFOD_URLS=https://debuginfod.ubuntu.com /usr/bin/cmake /home/prakash/ws_8_assignments/src/ir_2526/ir_desription -DCMAKE_INSTALL_PREFIX=/home/prakash/ws_8_assignments/install/ir_desription
[1.012s] DEBUG:colcon.colcon_core.event_handler.log_command:Invoking command in '/home/prakash/ws_8_assignments/build/ir_desription': CMAKE_PREFIX_PATH=${CMAKE_PREFIX_PATH}:/opt/ros/jazzy DEBUGINFOD_URLS=https://debuginfod.ubuntu.com /usr/bin/cmake --build /home/prakash/ws_8_assignments/build/ir_desription -- -j12 -l12
[1.026s] DEBUG:colcon.colcon_core.event_handler.log_command:Invoked command in '/home/prakash/ws_8_assignments/build/ir_base' returned '0': CMAKE_PREFIX_PATH=${CMAKE_PREFIX_PATH}:/opt/ros/jazzy DEBUGINFOD_URLS=https://debuginfod.ubuntu.com /usr/bin/cmake /home/prakash/ws_8_assignments/src/ir_2526/ir_base -DCMAKE_INSTALL_PREFIX=/home/prakash/ws_8_assignments/install/ir_base
[1.027s] DEBUG:colcon.colcon_core.event_handler.log_command:Invoking command in '/home/prakash/ws_8_assignments/build/ir_base': CMAKE_PREFIX_PATH=${CMAKE_PREFIX_PATH}:/opt/ros/jazzy DEBUGINFOD_URLS=https://debuginfod.ubuntu.com /usr/bin/cmake --build /home/prakash/ws_8_assignments/build/ir_base -- -j12 -l12
[1.041s] DEBUG:colcon.colcon_core.event_handler.log_command:Invoked command in '/home/prakash/ws_8_assignments/build/ir_launch' returned '0': CMAKE_PREFIX_PATH=${CMAKE_PREFIX_PATH}:/opt/ros/jazzy DEBUGINFOD_URLS=https://debuginfod.ubuntu.com /usr/bin/cmake --build /home/prakash/ws_8_assignments/build/ir_launch -- -j12 -l12
[1.051s] DEBUG:colcon.colcon_core.event_handler.log_command:Invoking command in '/home/prakash/ws_8_assignments/build/ir_launch': CMAKE_PREFIX_PATH=${CMAKE_PREFIX_PATH}:/opt/ros/jazzy DEBUGINFOD_URLS=https://debuginfod.ubuntu.com /usr/bin/cmake --install /home/prakash/ws_8_assignments/build/ir_launch
[1.052s] DEBUG:colcon.colcon_core.event_handler.log_command:Invoked command in '/home/prakash/ws_8_assignments/build/ir_desription' returned '0': CMAKE_PREFIX_PATH=${CMAKE_PREFIX_PATH}:/opt/ros/jazzy DEBUGINFOD_URLS=https://debuginfod.ubuntu.com /usr/bin/cmake --build /home/prakash/ws_8_assignments/build/ir_desription -- -j12 -l12
[1.053s] DEBUG:colcon.colcon_core.event_handler.log_command:Invoking command in '/home/prakash/ws_8_assignments/build/ir_desription': CMAKE_PREFIX_PATH=${CMAKE_PREFIX_PATH}:/opt/ros/jazzy DEBUGINFOD_URLS=https://debuginfod.ubuntu.com /usr/bin/cmake --install /home/prakash/ws_8_assignments/build/ir_desription
[1.064s] Level 1:colcon.colcon_core.environment:create_environment_scripts_only(ir_launch)
[1.065s] DEBUG:colcon.colcon_core.event_handler.log_command:Invoked command in '/home/prakash/ws_8_assignments/build/ir_launch' returned '0': CMAKE_PREFIX_PATH=${CMAKE_PREFIX_PATH}:/opt/ros/jazzy DEBUGINFOD_URLS=https://debuginfod.ubuntu.com /usr/bin/cmake --install /home/prakash/ws_8_assignments/build/ir_launch
[1.068s] Level 1:colcon.colcon_core.environment:checking '/home/prakash/ws_8_assignments/install/ir_launch' for CMake module files
[1.068s] Level 1:colcon.colcon_core.environment:checking '/home/prakash/ws_8_assignments/install/ir_launch' for CMake config files
[1.068s] Level 1:colcon.colcon_core.shell:create_environment_hook('ir_launch', 'cmake_prefix_path')
[1.068s] INFO:colcon.colcon_core.shell:Creating environment hook '/home/prakash/ws_8_assignments/install/ir_launch/share/ir_launch/hook/cmake_prefix_path.ps1'
[1.069s] INFO:colcon.colcon_core.shell:Creating environment descriptor '/home/prakash/ws_8_assignments/install/ir_launch/share/ir_launch/hook/cmake_prefix_path.dsv'
[1.069s] INFO:colcon.colcon_core.shell:Creating environment hook '/home/prakash/ws_8_assignments/install/ir_launch/share/ir_launch/hook/cmake_prefix_path.sh'
[1.070s] Level 1:colcon.colcon_core.environment:checking '/home/prakash/ws_8_assignments/install/ir_launch/bin'
[1.070s] Level 1:colcon.colcon_core.environment:checking '/home/prakash/ws_8_assignments/install/ir_launch/lib/pkgconfig/ir_launch.pc'
[1.070s] Level 1:colcon.colcon_core.environment:checking '/home/prakash/ws_8_assignments/install/ir_launch/lib/python3.12/site-packages'
[1.071s] Level 1:colcon.colcon_core.environment:checking '/home/prakash/ws_8_assignments/install/ir_launch/bin'
[1.071s] INFO:colcon.colcon_core.shell:Creating package script '/home/prakash/ws_8_assignments/install/ir_launch/share/ir_launch/package.ps1'
[1.072s] INFO:colcon.colcon_core.shell:Creating package descriptor '/home/prakash/ws_8_assignments/install/ir_launch/share/ir_launch/package.dsv'
[1.072s] INFO:colcon.colcon_core.shell:Creating package script '/home/prakash/ws_8_assignments/install/ir_launch/share/ir_launch/package.sh'
[1.073s] INFO:colcon.colcon_core.shell:Creating package script '/home/prakash/ws_8_assignments/install/ir_launch/share/ir_launch/package.bash'
[1.074s] INFO:colcon.colcon_core.shell:Creating package script '/home/prakash/ws_8_assignments/install/ir_launch/share/ir_launch/package.zsh'
[1.074s] Level 1:colcon.colcon_core.environment:create_file_with_runtime_dependencies(/home/prakash/ws_8_assignments/install/ir_launch/share/colcon-core/packages/ir_launch)
[1.075s] Level 1:colcon.colcon_core.environment:create_environment_scripts_only(ir_launch)
[1.075s] Level 1:colcon.colcon_core.environment:checking '/home/prakash/ws_8_assignments/install/ir_launch' for CMake module files
[1.075s] Level 1:colcon.colcon_core.environment:checking '/home/prakash/ws_8_assignments/install/ir_launch' for CMake config files
[1.075s] Level 1:colcon.colcon_core.shell:create_environment_hook('ir_launch', 'cmake_prefix_path')
[1.075s] INFO:colcon.colcon_core.shell:Creating environment hook '/home/prakash/ws_8_assignments/install/ir_launch/share/ir_launch/hook/cmake_prefix_path.ps1'
[1.076s] INFO:colcon.colcon_core.shell:Creating environment descriptor '/home/prakash/ws_8_assignments/install/ir_launch/share/ir_launch/hook/cmake_prefix_path.dsv'
[1.076s] INFO:colcon.colcon_core.shell:Creating environment hook '/home/prakash/ws_8_assignments/install/ir_launch/share/ir_launch/hook/cmake_prefix_path.sh'
[1.076s] Level 1:colcon.colcon_core.environment:checking '/home/prakash/ws_8_assignments/install/ir_launch/bin'
[1.076s] Level 1:colcon.colcon_core.environment:checking '/home/prakash/ws_8_assignments/install/ir_launch/lib/pkgconfig/ir_launch.pc'
[1.077s] Level 1:colcon.colcon_core.environment:checking '/home/prakash/ws_8_assignments/install/ir_launch/lib/python3.12/site-packages'
[1.077s] Level 1:colcon.colcon_core.environment:checking '/home/prakash/ws_8_assignments/install/ir_launch/bin'
[1.077s] INFO:colcon.colcon_core.shell:Creating package script '/home/prakash/ws_8_assignments/install/ir_launch/share/ir_launch/package.ps1'
[1.078s] INFO:colcon.colcon_core.shell:Creating package descriptor '/home/prakash/ws_8_assignments/install/ir_launch/share/ir_launch/package.dsv'
[1.078s] INFO:colcon.colcon_core.shell:Creating package script '/home/prakash/ws_8_assignments/install/ir_launch/share/ir_launch/package.sh'
[1.078s] INFO:colcon.colcon_core.shell:Creating package script '/home/prakash/ws_8_assignments/install/ir_launch/share/ir_launch/package.bash'
[1.079s] INFO:colcon.colcon_core.shell:Creating package script '/home/prakash/ws_8_assignments/install/ir_launch/share/ir_launch/package.zsh'
[1.079s] Level 1:colcon.colcon_core.environment:create_file_with_runtime_dependencies(/home/prakash/ws_8_assignments/install/ir_launch/share/colcon-core/packages/ir_launch)
[1.080s] DEBUG:colcon.colcon_core.event_handler.log_command:Invoked command in '/home/prakash/ws_8_assignments/build/ir_base' returned '0': CMAKE_PREFIX_PATH=${CMAKE_PREFIX_PATH}:/opt/ros/jazzy DEBUGINFOD_URLS=https://debuginfod.ubuntu.com /usr/bin/cmake --build /home/prakash/ws_8_assignments/build/ir_base -- -j12 -l12
[1.081s] DEBUG:colcon.colcon_core.event_handler.log_command:Invoking command in '/home/prakash/ws_8_assignments/build/ir_base': CMAKE_PREFIX_PATH=${CMAKE_PREFIX_PATH}:/opt/ros/jazzy DEBUGINFOD_URLS=https://debuginfod.ubuntu.com /usr/bin/cmake --install /home/prakash/ws_8_assignments/build/ir_base
[1.089s] Level 1:colcon.colcon_core.environment:create_environment_scripts_only(ir_desription)
[1.089s] Level 1:colcon.colcon_core.environment:checking '/home/prakash/ws_8_assignments/install/ir_desription' for CMake module files
[1.090s] DEBUG:colcon.colcon_core.event_handler.log_command:Invoked command in '/home/prakash/ws_8_assignments/build/ir_desription' returned '0': CMAKE_PREFIX_PATH=${CMAKE_PREFIX_PATH}:/opt/ros/jazzy DEBUGINFOD_URLS=https://debuginfod.ubuntu.com /usr/bin/cmake --install /home/prakash/ws_8_assignments/build/ir_desription
[1.092s] Level 1:colcon.colcon_core.environment:checking '/home/prakash/ws_8_assignments/install/ir_desription' for CMake config files
[1.093s] Level 1:colcon.colcon_core.shell:create_environment_hook('ir_desription', 'cmake_prefix_path')
[1.094s] INFO:colcon.colcon_core.shell:Creating environment hook '/home/prakash/ws_8_assignments/install/ir_desription/share/ir_desription/hook/cmake_prefix_path.ps1'
[1.094s] INFO:colcon.colcon_core.shell:Creating environment descriptor '/home/prakash/ws_8_assignments/install/ir_desription/share/ir_desription/hook/cmake_prefix_path.dsv'
[1.095s] INFO:colcon.colcon_core.shell:Creating environment hook '/home/prakash/ws_8_assignments/install/ir_desription/share/ir_desription/hook/cmake_prefix_path.sh'
[1.096s] Level 1:colcon.colcon_core.environment:checking '/home/prakash/ws_8_assignments/install/ir_desription/bin'
[1.096s] Level 1:colcon.colcon_core.environment:checking '/home/prakash/ws_8_assignments/install/ir_desription/lib/pkgconfig/ir_desription.pc'
[1.096s] Level 1:colcon.colcon_core.environment:checking '/home/prakash/ws_8_assignments/install/ir_desription/lib/python3.12/site-packages'
[1.096s] Level 1:colcon.colcon_core.environment:checking '/home/prakash/ws_8_assignments/install/ir_desription/bin'
[1.096s] INFO:colcon.colcon_core.shell:Creating package script '/home/prakash/ws_8_assignments/install/ir_desription/share/ir_desription/package.ps1'
[1.097s] INFO:colcon.colcon_core.shell:Creating package descriptor '/home/prakash/ws_8_assignments/install/ir_desription/share/ir_desription/package.dsv'
[1.098s] INFO:colcon.colcon_core.shell:Creating package script '/home/prakash/ws_8_assignments/install/ir_desription/share/ir_desription/package.sh'
[1.099s] INFO:colcon.colcon_core.shell:Creating package script '/home/prakash/ws_8_assignments/install/ir_desription/share/ir_desription/package.bash'
[1.100s] INFO:colcon.colcon_core.shell:Creating package script '/home/prakash/ws_8_assignments/install/ir_desription/share/ir_desription/package.zsh'
[1.101s] Level 1:colcon.colcon_core.environment:create_file_with_runtime_dependencies(/home/prakash/ws_8_assignments/install/ir_desription/share/colcon-core/packages/ir_desription)
[1.102s] Level 1:colcon.colcon_core.environment:create_environment_scripts_only(ir_desription)
[1.102s] Level 1:colcon.colcon_core.environment:checking '/home/prakash/ws_8_assignments/install/ir_desription' for CMake module files
[1.105s] Level 1:colcon.colcon_core.environment:checking '/home/prakash/ws_8_assignments/install/ir_desription' for CMake config files
[1.106s] Level 1:colcon.colcon_core.shell:create_environment_hook('ir_desription', 'cmake_prefix_path')
[1.106s] INFO:colcon.colcon_core.shell:Creating environment hook '/home/prakash/ws_8_assignments/install/ir_desription/share/ir_desription/hook/cmake_prefix_path.ps1'
[1.106s] INFO:colcon.colcon_core.shell:Creating environment descriptor '/home/prakash/ws_8_assignments/install/ir_desription/share/ir_desription/hook/cmake_prefix_path.dsv'
[1.107s] INFO:colcon.colcon_core.shell:Creating environment hook '/home/prakash/ws_8_assignments/install/ir_desription/share/ir_desription/hook/cmake_prefix_path.sh'
[1.108s] Level 1:colcon.colcon_core.environment:checking '/home/prakash/ws_8_assignments/install/ir_desription/bin'
[1.108s] Level 1:colcon.colcon_core.environment:checking '/home/prakash/ws_8_assignments/install/ir_desription/lib/pkgconfig/ir_desription.pc'
[1.109s] Level 1:colcon.colcon_core.environment:checking '/home/prakash/ws_8_assignments/install/ir_desription/lib/python3.12/site-packages'
[1.109s] Level 1:colcon.colcon_core.environment:checking '/home/prakash/ws_8_assignments/install/ir_desription/bin'
[1.109s] INFO:colcon.colcon_core.shell:Creating package script '/home/prakash/ws_8_assignments/install/ir_desription/share/ir_desription/package.ps1'
[1.111s] INFO:colcon.colcon_core.shell:Creating package descriptor '/home/prakash/ws_8_assignments/install/ir_desription/share/ir_desription/package.dsv'
[1.112s] INFO:colcon.colcon_core.shell:Creating package script '/home/prakash/ws_8_assignments/install/ir_desription/share/ir_desription/package.sh'
[1.114s] INFO:colcon.colcon_core.shell:Creating package script '/home/prakash/ws_8_assignments/install/ir_desription/share/ir_desription/package.bash'
[1.115s] INFO:colcon.colcon_core.shell:Creating package script '/home/prakash/ws_8_assignments/install/ir_desription/share/ir_desription/package.zsh'
[1.116s] Level 1:colcon.colcon_core.environment:create_file_with_runtime_dependencies(/home/prakash/ws_8_assignments/install/ir_desription/share/colcon-core/packages/ir_desription)
[1.116s] INFO:colcon.colcon_ros.task.ament_cmake.build:Building ROS package in '/home/prakash/ws_8_assignments/src/ir_2526/ir_movit_config' with build type 'ament_cmake'
[1.116s] INFO:colcon.colcon_cmake.task.cmake.build:Building CMake package in '/home/prakash/ws_8_assignments/src/ir_2526/ir_movit_config'
[1.116s] INFO:colcon.colcon_core.shell:Skip shell extension 'powershell' for command environment: Not usable outside of PowerShell
[1.116s] DEBUG:colcon.colcon_core.shell:Skip shell extension 'dsv' for command environment
[1.130s] Level 1:colcon.colcon_core.environment:create_environment_scripts_only(ir_base)
[1.130s] Level 1:colcon.colcon_core.environment:checking '/home/prakash/ws_8_assignments/install/ir_base' for CMake module files
[1.131s] DEBUG:colcon.colcon_core.event_handler.log_command:Invoked command in '/home/prakash/ws_8_assignments/build/ir_base' returned '0': CMAKE_PREFIX_PATH=${CMAKE_PREFIX_PATH}:/opt/ros/jazzy DEBUGINFOD_URLS=https://debuginfod.ubuntu.com /usr/bin/cmake --install /home/prakash/ws_8_assignments/build/ir_base
[1.131s] Level 1:colcon.colcon_core.environment:checking '/home/prakash/ws_8_assignments/install/ir_base' for CMake config files
[1.131s] Level 1:colcon.colcon_core.shell:create_environment_hook('ir_base', 'cmake_prefix_path')
[1.131s] INFO:colcon.colcon_core.shell:Creating environment hook '/home/prakash/ws_8_assignments/install/ir_base/share/ir_base/hook/cmake_prefix_path.ps1'
[1.132s] INFO:colcon.colcon_core.shell:Creating environment descriptor '/home/prakash/ws_8_assignments/install/ir_base/share/ir_base/hook/cmake_prefix_path.dsv'
[1.132s] INFO:colcon.colcon_core.shell:Creating environment hook '/home/prakash/ws_8_assignments/install/ir_base/share/ir_base/hook/cmake_prefix_path.sh'
[1.132s] Level 1:colcon.colcon_core.environment:checking '/home/prakash/ws_8_assignments/install/ir_base/bin'
[1.132s] Level 1:colcon.colcon_core.environment:checking '/home/prakash/ws_8_assignments/install/ir_base/lib/pkgconfig/ir_base.pc'
[1.133s] Level 1:colcon.colcon_core.environment:checking '/home/prakash/ws_8_assignments/install/ir_base/lib/python3.12/site-packages'
[1.133s] Level 1:colcon.colcon_core.environment:checking '/home/prakash/ws_8_assignments/install/ir_base/bin'
[1.133s] INFO:colcon.colcon_core.shell:Creating package script '/home/prakash/ws_8_assignments/install/ir_base/share/ir_base/package.ps1'
[1.133s] INFO:colcon.colcon_core.shell:Creating package descriptor '/home/prakash/ws_8_assignments/install/ir_base/share/ir_base/package.dsv'
[1.134s] INFO:colcon.colcon_core.shell:Creating package script '/home/prakash/ws_8_assignments/install/ir_base/share/ir_base/package.sh'
[1.134s] INFO:colcon.colcon_core.shell:Creating package script '/home/prakash/ws_8_assignments/install/ir_base/share/ir_base/package.bash'
[1.134s] INFO:colcon.colcon_core.shell:Creating package script '/home/prakash/ws_8_assignments/install/ir_base/share/ir_base/package.zsh'
[1.134s] Level 1:colcon.colcon_core.environment:create_file_with_runtime_dependencies(/home/prakash/ws_8_assignments/install/ir_base/share/colcon-core/packages/ir_base)
[1.135s] Level 1:colcon.colcon_core.environment:create_environment_scripts_only(ir_base)
[1.135s] Level 1:colcon.colcon_core.environment:checking '/home/prakash/ws_8_assignments/install/ir_base' for CMake module files
[1.135s] Level 1:colcon.colcon_core.environment:checking '/home/prakash/ws_8_assignments/install/ir_base' for CMake config files
[1.136s] Level 1:colcon.colcon_core.shell:create_environment_hook('ir_base', 'cmake_prefix_path')
[1.136s] INFO:colcon.colcon_core.shell:Creating environment hook '/home/prakash/ws_8_assignments/install/ir_base/share/ir_base/hook/cmake_prefix_path.ps1'
[1.136s] INFO:colcon.colcon_core.shell:Creating environment descriptor '/home/prakash/ws_8_assignments/install/ir_base/share/ir_base/hook/cmake_prefix_path.dsv'
[1.136s] INFO:colcon.colcon_core.shell:Creating environment hook '/home/prakash/ws_8_assignments/install/ir_base/share/ir_base/hook/cmake_prefix_path.sh'
[1.137s] Level 1:colcon.colcon_core.environment:checking '/home/prakash/ws_8_assignments/install/ir_base/bin'
[1.137s] Level 1:colcon.colcon_core.environment:checking '/home/prakash/ws_8_assignments/install/ir_base/lib/pkgconfig/ir_base.pc'
[1.137s] Level 1:colcon.colcon_core.environment:checking '/home/prakash/ws_8_assignments/install/ir_base/lib/python3.12/site-packages'
[1.137s] Level 1:colcon.colcon_core.environment:checking '/home/prakash/ws_8_assignments/install/ir_base/bin'
[1.137s] INFO:colcon.colcon_core.shell:Creating package script '/home/prakash/ws_8_assignments/install/ir_base/share/ir_base/package.ps1'
[1.138s] INFO:colcon.colcon_core.shell:Creating package descriptor '/home/prakash/ws_8_assignments/install/ir_base/share/ir_base/package.dsv'
[1.138s] INFO:colcon.colcon_core.shell:Creating package script '/home/prakash/ws_8_assignments/install/ir_base/share/ir_base/package.sh'
[1.138s] INFO:colcon.colcon_core.shell:Creating package script '/home/prakash/ws_8_assignments/install/ir_base/share/ir_base/package.bash'
[1.139s] INFO:colcon.colcon_core.shell:Creating package script '/home/prakash/ws_8_assignments/install/ir_base/share/ir_base/package.zsh'
[1.139s] Level 1:colcon.colcon_core.environment:create_file_with_runtime_dependencies(/home/prakash/ws_8_assignments/install/ir_base/share/colcon-core/packages/ir_base)
[1.142s] DEBUG:colcon.colcon_core.event_handler.log_command:Invoking command in '/home/prakash/ws_8_assignments/build/ir_movit_config': CMAKE_PREFIX_PATH=/home/prakash/ws_8_assignments/install/ir_desription:/home/prakash/ws_8_assignments/install/ir_movit_config:/home/prakash/ws_8_assignments/install/ir_launch:/home/prakash/ws_8_assignments/install/ir_base:/home/prakash/ws_8_assignments/install/apriltag_ros:/home/prakash/assignment_ws/install/group_8_assignment_1:/home/prakash/assignment_ws/install/table_detection_pkg:/home/prakash/ros2_ws/install/my_first_pkg:/home/prakash/ros2_ws/install/actions_pkg:/opt/ros/jazzy/opt/gz_sim_vendor:/opt/ros/jazzy/opt/gz_sensors_vendor:/opt/ros/jazzy/opt/gz_physics_vendor:/opt/ros/jazzy/opt/sdformat_vendor:/opt/ros/jazzy/opt/gz_gui_vendor:/opt/ros/jazzy/opt/gz_transport_vendor:/opt/ros/jazzy/opt/gz_rendering_vendor:/opt/ros/jazzy/opt/gz_plugin_vendor:/opt/ros/jazzy/opt/gz_fuel_tools_vendor:/opt/ros/jazzy/opt/gz_msgs_vendor:/opt/ros/jazzy/opt/gz_common_vendor:/opt/ros/jazzy/opt/gz_math_vendor:/opt/ros/jazzy/opt/gz_utils_vendor:/opt/ros/jazzy/opt/gz_tools_vendor:/opt/ros/jazzy/opt/gz_ogre_next_vendor:/opt/ros/jazzy/opt/gz_dartsim_vendor:/opt/ros/jazzy/opt/gz_cmake_vendor:/opt/ros/jazzy DEBUGINFOD_URLS=https://debuginfod.ubuntu.com /usr/bin/cmake /home/prakash/ws_8_assignments/src/ir_2526/ir_movit_config -DCMAKE_INSTALL_PREFIX=/home/prakash/ws_8_assignments/install/ir_movit_config
[1.819s] DEBUG:colcon.colcon_core.event_handler.log_command:Invoked command in '/home/prakash/ws_8_assignments/build/group_8_assignment_1' returned '0': CMAKE_PREFIX_PATH=${CMAKE_PREFIX_PATH}:/opt/ros/jazzy DEBUGINFOD_URLS=https://debuginfod.ubuntu.com /usr/bin/cmake /home/prakash/ws_8_assignments/src/group_8_assignment_1 -DCMAKE_INSTALL_PREFIX=/home/prakash/ws_8_assignments/install/group_8_assignment_1
[1.820s] DEBUG:colcon.colcon_core.event_handler.log_command:Invoking command in '/home/prakash/ws_8_assignments/build/group_8_assignment_1': CMAKE_PREFIX_PATH=${CMAKE_PREFIX_PATH}:/opt/ros/jazzy DEBUGINFOD_URLS=https://debuginfod.ubuntu.com /usr/bin/cmake --build /home/prakash/ws_8_assignments/build/group_8_assignment_1 -- -j12 -l12
[1.863s] DEBUG:colcon.colcon_core.event_handler.log_command:Invoked command in '/home/prakash/ws_8_assignments/build/apriltag_ros' returned '0': CMAKE_PREFIX_PATH=${CMAKE_PREFIX_PATH}:/opt/ros/jazzy DEBUGINFOD_URLS=https://debuginfod.ubuntu.com /usr/bin/cmake /home/prakash/ws_8_assignments/src/ir_2526/apriltag_ros -DCMAKE_INSTALL_PREFIX=/home/prakash/ws_8_assignments/install/apriltag_ros
[1.864s] DEBUG:colcon.colcon_core.event_handler.log_command:Invoking command in '/home/prakash/ws_8_assignments/build/apriltag_ros': CMAKE_PREFIX_PATH=${CMAKE_PREFIX_PATH}:/opt/ros/jazzy DEBUGINFOD_URLS=https://debuginfod.ubuntu.com /usr/bin/cmake --build /home/prakash/ws_8_assignments/build/apriltag_ros -- -j12 -l12
[2.346s] DEBUG:colcon.colcon_core.event_handler.log_command:Invoked command in '/home/prakash/ws_8_assignments/build/ir_movit_config' returned '0': CMAKE_PREFIX_PATH=/home/prakash/ws_8_assignments/install/ir_desription:/home/prakash/ws_8_assignments/install/ir_movit_config:/home/prakash/ws_8_assignments/install/ir_launch:/home/prakash/ws_8_assignments/install/ir_base:/home/prakash/ws_8_assignments/install/apriltag_ros:/home/prakash/assignment_ws/install/group_8_assignment_1:/home/prakash/assignment_ws/install/table_detection_pkg:/home/prakash/ros2_ws/install/my_first_pkg:/home/prakash/ros2_ws/install/actions_pkg:/opt/ros/jazzy/opt/gz_sim_vendor:/opt/ros/jazzy/opt/gz_sensors_vendor:/opt/ros/jazzy/opt/gz_physics_vendor:/opt/ros/jazzy/opt/sdformat_vendor:/opt/ros/jazzy/opt/gz_gui_vendor:/opt/ros/jazzy/opt/gz_transport_vendor:/opt/ros/jazzy/opt/gz_rendering_vendor:/opt/ros/jazzy/opt/gz_plugin_vendor:/opt/ros/jazzy/opt/gz_fuel_tools_vendor:/opt/ros/jazzy/opt/gz_msgs_vendor:/opt/ros/jazzy/opt/gz_common_vendor:/opt/ros/jazzy/opt/gz_math_vendor:/opt/ros/jazzy/opt/gz_utils_vendor:/opt/ros/jazzy/opt/gz_tools_vendor:/opt/ros/jazzy/opt/gz_ogre_next_vendor:/opt/ros/jazzy/opt/gz_dartsim_vendor:/opt/ros/jazzy/opt/gz_cmake_vendor:/opt/ros/jazzy DEBUGINFOD_URLS=https://debuginfod.ubuntu.com /usr/bin/cmake /home/prakash/ws_8_assignments/src/ir_2526/ir_movit_config -DCMAKE_INSTALL_PREFIX=/home/prakash/ws_8_assignments/install/ir_movit_config
[2.347s] DEBUG:colcon.colcon_core.event_handler.log_command:Invoking command in '/home/prakash/ws_8_assignments/build/ir_movit_config': CMAKE_PREFIX_PATH=/home/prakash/ws_8_assignments/install/ir_desription:/home/prakash/ws_8_assignments/install/ir_movit_config:/home/prakash/ws_8_assignments/install/ir_launch:/home/prakash/ws_8_assignments/install/ir_base:/home/prakash/ws_8_assignments/install/apriltag_ros:/home/prakash/assignment_ws/install/group_8_assignment_1:/home/prakash/assignment_ws/install/table_detection_pkg:/home/prakash/ros2_ws/install/my_first_pkg:/home/prakash/ros2_ws/install/actions_pkg:/opt/ros/jazzy/opt/gz_sim_vendor:/opt/ros/jazzy/opt/gz_sensors_vendor:/opt/ros/jazzy/opt/gz_physics_vendor:/opt/ros/jazzy/opt/sdformat_vendor:/opt/ros/jazzy/opt/gz_gui_vendor:/opt/ros/jazzy/opt/gz_transport_vendor:/opt/ros/jazzy/opt/gz_rendering_vendor:/opt/ros/jazzy/opt/gz_plugin_vendor:/opt/ros/jazzy/opt/gz_fuel_tools_vendor:/opt/ros/jazzy/opt/gz_msgs_vendor:/opt/ros/jazzy/opt/gz_common_vendor:/opt/ros/jazzy/opt/gz_math_vendor:/opt/ros/jazzy/opt/gz_utils_vendor:/opt/ros/jazzy/opt/gz_tools_vendor:/opt/ros/jazzy/opt/gz_ogre_next_vendor:/opt/ros/jazzy/opt/gz_dartsim_vendor:/opt/ros/jazzy/opt/gz_cmake_vendor:/opt/ros/jazzy DEBUGINFOD_URLS=https://debuginfod.ubuntu.com /usr/bin/cmake --build /home/prakash/ws_8_assignments/build/ir_movit_config -- -j12 -l12
[6.232s] DEBUG:colcon.colcon_core.event_handler.log_command:Invoked command in '/home/prakash/ws_8_assignments/build/ir_movit_config' returned '0': CMAKE_PREFIX_PATH=/home/prakash/ws_8_assignments/install/ir_desription:/home/prakash/ws_8_assignments/install/ir_movit_config:/home/prakash/ws_8_assignments/install/ir_launch:/home/prakash/ws_8_assignments/install/ir_base:/home/prakash/ws_8_assignments/install/apriltag_ros:/home/prakash/assignment_ws/install/group_8_assignment_1:/home/prakash/assignment_ws/install/table_detection_pkg:/home/prakash/ros2_ws/install/my_first_pkg:/home/prakash/ros2_ws/install/actions_pkg:/opt/ros/jazzy/opt/gz_sim_vendor:/opt/ros/jazzy/opt/gz_sensors_vendor:/opt/ros/jazzy/opt/gz_physics_vendor:/opt/ros/jazzy/opt/sdformat_vendor:/opt/ros/jazzy/opt/gz_gui_vendor:/opt/ros/jazzy/opt/gz_transport_vendor:/opt/ros/jazzy/opt/gz_rendering_vendor:/opt/ros/jazzy/opt/gz_plugin_vendor:/opt/ros/jazzy/opt/gz_fuel_tools_vendor:/opt/ros/jazzy/opt/gz_msgs_vendor:/opt/ros/jazzy/opt/gz_common_vendor:/opt/ros/jazzy/opt/gz_math_vendor:/opt/ros/jazzy/opt/gz_utils_vendor:/opt/ros/jazzy/opt/gz_tools_vendor:/opt/ros/jazzy/opt/gz_ogre_next_vendor:/opt/ros/jazzy/opt/gz_dartsim_vendor:/opt/ros/jazzy/opt/gz_cmake_vendor:/opt/ros/jazzy DEBUGINFOD_URLS=https://debuginfod.ubuntu.com /usr/bin/cmake --build /home/prakash/ws_8_assignments/build/ir_movit_config -- -j12 -l12
[6.233s] DEBUG:colcon.colcon_core.event_handler.log_command:Invoking command in '/home/prakash/ws_8_assignments/build/ir_movit_config': CMAKE_PREFIX_PATH=/home/prakash/ws_8_assignments/install/ir_desription:/home/prakash/ws_8_assignments/install/ir_movit_config:/home/prakash/ws_8_assignments/install/ir_launch:/home/prakash/ws_8_assignments/install/ir_base:/home/prakash/ws_8_assignments/install/apriltag_ros:/home/prakash/assignment_ws/install/group_8_assignment_1:/home/prakash/assignment_ws/install/table_detection_pkg:/home/prakash/ros2_ws/install/my_first_pkg:/home/prakash/ros2_ws/install/actions_pkg:/opt/ros/jazzy/opt/gz_sim_vendor:/opt/ros/jazzy/opt/gz_sensors_vendor:/opt/ros/jazzy/opt/gz_physics_vendor:/opt/ros/jazzy/opt/sdformat_vendor:/opt/ros/jazzy/opt/gz_gui_vendor:/opt/ros/jazzy/opt/gz_transport_vendor:/opt/ros/jazzy/opt/gz_rendering_vendor:/opt/ros/jazzy/opt/gz_plugin_vendor:/opt/ros/jazzy/opt/gz_fuel_tools_vendor:/opt/ros/jazzy/opt/gz_msgs_vendor:/opt/ros/jazzy/opt/gz_common_vendor:/opt/ros/jazzy/opt/gz_math_vendor:/opt/ros/jazzy/opt/gz_utils_vendor:/opt/ros/jazzy/opt/gz_tools_vendor:/opt/ros/jazzy/opt/gz_ogre_next_vendor:/opt/ros/jazzy/opt/gz_dartsim_vendor:/opt/ros/jazzy/opt/gz_cmake_vendor:/opt/ros/jazzy DEBUGINFOD_URLS=https://debuginfod.ubuntu.com /usr/bin/cmake --install /home/prakash/ws_8_assignments/build/ir_movit_config
[6.255s] Level 1:colcon.colcon_core.environment:create_environment_scripts_only(ir_movit_config)
[6.255s] DEBUG:colcon.colcon_core.event_handler.log_command:Invoked command in '/home/prakash/ws_8_assignments/build/ir_movit_config' returned '0': CMAKE_PREFIX_PATH=/home/prakash/ws_8_assignments/install/ir_desription:/home/prakash/ws_8_assignments/install/ir_movit_config:/home/prakash/ws_8_assignments/install/ir_launch:/home/prakash/ws_8_assignments/install/ir_base:/home/prakash/ws_8_assignments/install/apriltag_ros:/home/prakash/assignment_ws/install/group_8_assignment_1:/home/prakash/assignment_ws/install/table_detection_pkg:/home/prakash/ros2_ws/install/my_first_pkg:/home/prakash/ros2_ws/install/actions_pkg:/opt/ros/jazzy/opt/gz_sim_vendor:/opt/ros/jazzy/opt/gz_sensors_vendor:/opt/ros/jazzy/opt/gz_physics_vendor:/opt/ros/jazzy/opt/sdformat_vendor:/opt/ros/jazzy/opt/gz_gui_vendor:/opt/ros/jazzy/opt/gz_transport_vendor:/opt/ros/jazzy/opt/gz_rendering_vendor:/opt/ros/jazzy/opt/gz_plugin_vendor:/opt/ros/jazzy/opt/gz_fuel_tools_vendor:/opt/ros/jazzy/opt/gz_msgs_vendor:/opt/ros/jazzy/opt/gz_common_vendor:/opt/ros/jazzy/opt/gz_math_vendor:/opt/ros/jazzy/opt/gz_utils_vendor:/opt/ros/jazzy/opt/gz_tools_vendor:/opt/ros/jazzy/opt/gz_ogre_next_vendor:/opt/ros/jazzy/opt/gz_dartsim_vendor:/opt/ros/jazzy/opt/gz_cmake_vendor:/opt/ros/jazzy DEBUGINFOD_URLS=https://debuginfod.ubuntu.com /usr/bin/cmake --install /home/prakash/ws_8_assignments/build/ir_movit_config
[6.255s] Level 1:colcon.colcon_core.environment:checking '/home/prakash/ws_8_assignments/install/ir_movit_config' for CMake module files
[6.256s] Level 1:colcon.colcon_core.environment:checking '/home/prakash/ws_8_assignments/install/ir_movit_config' for CMake config files
[6.256s] Level 1:colcon.colcon_core.shell:create_environment_hook('ir_movit_config', 'cmake_prefix_path')
[6.256s] INFO:colcon.colcon_core.shell:Creating environment hook '/home/prakash/ws_8_assignments/install/ir_movit_config/share/ir_movit_config/hook/cmake_prefix_path.ps1'
[6.256s] INFO:colcon.colcon_core.shell:Creating environment descriptor '/home/prakash/ws_8_assignments/install/ir_movit_config/share/ir_movit_config/hook/cmake_prefix_path.dsv'
[6.257s] INFO:colcon.colcon_core.shell:Creating environment hook '/home/prakash/ws_8_assignments/install/ir_movit_config/share/ir_movit_config/hook/cmake_prefix_path.sh'
[6.257s] Level 1:colcon.colcon_core.environment:checking '/home/prakash/ws_8_assignments/install/ir_movit_config/lib'
[6.257s] Level 1:colcon.colcon_core.environment:checking '/home/prakash/ws_8_assignments/install/ir_movit_config/bin'
[6.257s] Level 1:colcon.colcon_core.environment:checking '/home/prakash/ws_8_assignments/install/ir_movit_config/lib/pkgconfig/ir_movit_config.pc'
[6.257s] Level 1:colcon.colcon_core.environment:checking '/home/prakash/ws_8_assignments/install/ir_movit_config/lib/python3.12/site-packages'
[6.258s] Level 1:colcon.colcon_core.environment:checking '/home/prakash/ws_8_assignments/install/ir_movit_config/bin'
[6.258s] INFO:colcon.colcon_core.shell:Creating package script '/home/prakash/ws_8_assignments/install/ir_movit_config/share/ir_movit_config/package.ps1'
[6.258s] INFO:colcon.colcon_core.shell:Creating package descriptor '/home/prakash/ws_8_assignments/install/ir_movit_config/share/ir_movit_config/package.dsv'
[6.259s] INFO:colcon.colcon_core.shell:Creating package script '/home/prakash/ws_8_assignments/install/ir_movit_config/share/ir_movit_config/package.sh'
[6.259s] INFO:colcon.colcon_core.shell:Creating package script '/home/prakash/ws_8_assignments/install/ir_movit_config/share/ir_movit_config/package.bash'
[6.259s] INFO:colcon.colcon_core.shell:Creating package script '/home/prakash/ws_8_assignments/install/ir_movit_config/share/ir_movit_config/package.zsh'
[6.259s] Level 1:colcon.colcon_core.environment:create_file_with_runtime_dependencies(/home/prakash/ws_8_assignments/install/ir_movit_config/share/colcon-core/packages/ir_movit_config)
[6.260s] Level 1:colcon.colcon_core.environment:create_environment_scripts_only(ir_movit_config)
[6.260s] Level 1:colcon.colcon_core.environment:checking '/home/prakash/ws_8_assignments/install/ir_movit_config' for CMake module files
[6.260s] Level 1:colcon.colcon_core.environment:checking '/home/prakash/ws_8_assignments/install/ir_movit_config' for CMake config files
[6.260s] Level 1:colcon.colcon_core.shell:create_environment_hook('ir_movit_config', 'cmake_prefix_path')
[6.261s] INFO:colcon.colcon_core.shell:Creating environment hook '/home/prakash/ws_8_assignments/install/ir_movit_config/share/ir_movit_config/hook/cmake_prefix_path.ps1'
[6.261s] INFO:colcon.colcon_core.shell:Creating environment descriptor '/home/prakash/ws_8_assignments/install/ir_movit_config/share/ir_movit_config/hook/cmake_prefix_path.dsv'
[6.261s] INFO:colcon.colcon_core.shell:Creating environment hook '/home/prakash/ws_8_assignments/install/ir_movit_config/share/ir_movit_config/hook/cmake_prefix_path.sh'
[6.262s] Level 1:colcon.colcon_core.environment:checking '/home/prakash/ws_8_assignments/install/ir_movit_config/lib'
[6.262s] Level 1:colcon.colcon_core.environment:checking '/home/prakash/ws_8_assignments/install/ir_movit_config/bin'
[6.262s] Level 1:colcon.colcon_core.environment:checking '/home/prakash/ws_8_assignments/install/ir_movit_config/lib/pkgconfig/ir_movit_config.pc'
[6.262s] Level 1:colcon.colcon_core.environment:checking '/home/prakash/ws_8_assignments/install/ir_movit_config/lib/python3.12/site-packages'
[6.262s] Level 1:colcon.colcon_core.environment:checking '/home/prakash/ws_8_assignments/install/ir_movit_config/bin'
[6.263s] INFO:colcon.colcon_core.shell:Creating package script '/home/prakash/ws_8_assignments/install/ir_movit_config/share/ir_movit_config/package.ps1'
[6.263s] INFO:colcon.colcon_core.shell:Creating package descriptor '/home/prakash/ws_8_assignments/install/ir_movit_config/share/ir_movit_config/package.dsv'
[6.263s] INFO:colcon.colcon_core.shell:Creating package script '/home/prakash/ws_8_assignments/install/ir_movit_config/share/ir_movit_config/package.sh'
[6.264s] INFO:colcon.colcon_core.shell:Creating package script '/home/prakash/ws_8_assignments/install/ir_movit_config/share/ir_movit_config/package.bash'
[6.264s] INFO:colcon.colcon_core.shell:Creating package script '/home/prakash/ws_8_assignments/install/ir_movit_config/share/ir_movit_config/package.zsh'
[6.264s] Level 1:colcon.colcon_core.environment:create_file_with_runtime_dependencies(/home/prakash/ws_8_assignments/install/ir_movit_config/share/colcon-core/packages/ir_movit_config)
[10.113s] DEBUG:colcon.colcon_core.event_handler.log_command:Invoked command in '/home/prakash/ws_8_assignments/build/group_8_assignment_1' returned '0': CMAKE_PREFIX_PATH=${CMAKE_PREFIX_PATH}:/opt/ros/jazzy DEBUGINFOD_URLS=https://debuginfod.ubuntu.com /usr/bin/cmake --build /home/prakash/ws_8_assignments/build/group_8_assignment_1 -- -j12 -l12
[10.114s] DEBUG:colcon.colcon_core.event_handler.log_command:Invoking command in '/home/prakash/ws_8_assignments/build/group_8_assignment_1': CMAKE_PREFIX_PATH=${CMAKE_PREFIX_PATH}:/opt/ros/jazzy DEBUGINFOD_URLS=https://debuginfod.ubuntu.com /usr/bin/cmake --install /home/prakash/ws_8_assignments/build/group_8_assignment_1
[10.139s] Level 1:colcon.colcon_core.environment:create_environment_scripts_only(group_8_assignment_1)
[10.139s] DEBUG:colcon.colcon_core.event_handler.log_command:Invoked command in '/home/prakash/ws_8_assignments/build/group_8_assignment_1' returned '0': CMAKE_PREFIX_PATH=${CMAKE_PREFIX_PATH}:/opt/ros/jazzy DEBUGINFOD_URLS=https://debuginfod.ubuntu.com /usr/bin/cmake --install /home/prakash/ws_8_assignments/build/group_8_assignment_1
[10.139s] Level 1:colcon.colcon_core.environment:checking '/home/prakash/ws_8_assignments/install/group_8_assignment_1' for CMake module files
[10.140s] Level 1:colcon.colcon_core.environment:checking '/home/prakash/ws_8_assignments/install/group_8_assignment_1' for CMake config files
[10.140s] Level 1:colcon.colcon_core.shell:create_environment_hook('group_8_assignment_1', 'cmake_prefix_path')
[10.140s] INFO:colcon.colcon_core.shell:Creating environment hook '/home/prakash/ws_8_assignments/install/group_8_assignment_1/share/group_8_assignment_1/hook/cmake_prefix_path.ps1'
[10.140s] INFO:colcon.colcon_core.shell:Creating environment descriptor '/home/prakash/ws_8_assignments/install/group_8_assignment_1/share/group_8_assignment_1/hook/cmake_prefix_path.dsv'
[10.140s] INFO:colcon.colcon_core.shell:Creating environment hook '/home/prakash/ws_8_assignments/install/group_8_assignment_1/share/group_8_assignment_1/hook/cmake_prefix_path.sh'
[10.141s] Level 1:colcon.colcon_core.environment:checking '/home/prakash/ws_8_assignments/install/group_8_assignment_1/lib'
[10.141s] Level 1:colcon.colcon_core.environment:checking '/home/prakash/ws_8_assignments/install/group_8_assignment_1/bin'
[10.141s] Level 1:colcon.colcon_core.environment:checking '/home/prakash/ws_8_assignments/install/group_8_assignment_1/lib/pkgconfig/group_8_assignment_1.pc'
[10.141s] Level 1:colcon.colcon_core.environment:checking '/home/prakash/ws_8_assignments/install/group_8_assignment_1/lib/python3.12/site-packages'
[10.141s] Level 1:colcon.colcon_core.environment:checking '/home/prakash/ws_8_assignments/install/group_8_assignment_1/bin'
[10.142s] INFO:colcon.colcon_core.shell:Creating package script '/home/prakash/ws_8_assignments/install/group_8_assignment_1/share/group_8_assignment_1/package.ps1'
[10.142s] INFO:colcon.colcon_core.shell:Creating package descriptor '/home/prakash/ws_8_assignments/install/group_8_assignment_1/share/group_8_assignment_1/package.dsv'
[10.142s] INFO:colcon.colcon_core.shell:Creating package script '/home/prakash/ws_8_assignments/install/group_8_assignment_1/share/group_8_assignment_1/package.sh'
[10.143s] INFO:colcon.colcon_core.shell:Creating package script '/home/prakash/ws_8_assignments/install/group_8_assignment_1/share/group_8_assignment_1/package.bash'
[10.143s] INFO:colcon.colcon_core.shell:Creating package script '/home/prakash/ws_8_assignments/install/group_8_assignment_1/share/group_8_assignment_1/package.zsh'
[10.143s] Level 1:colcon.colcon_core.environment:create_file_with_runtime_dependencies(/home/prakash/ws_8_assignments/install/group_8_assignment_1/share/colcon-core/packages/group_8_assignment_1)
[10.144s] Level 1:colcon.colcon_core.environment:create_environment_scripts_only(group_8_assignment_1)
[10.144s] Level 1:colcon.colcon_core.environment:checking '/home/prakash/ws_8_assignments/install/group_8_assignment_1' for CMake module files
[10.144s] Level 1:colcon.colcon_core.environment:checking '/home/prakash/ws_8_assignments/install/group_8_assignment_1' for CMake config files
[10.145s] Level 1:colcon.colcon_core.shell:create_environment_hook('group_8_assignment_1', 'cmake_prefix_path')
[10.145s] INFO:colcon.colcon_core.shell:Creating environment hook '/home/prakash/ws_8_assignments/install/group_8_assignment_1/share/group_8_assignment_1/hook/cmake_prefix_path.ps1'
[10.145s] INFO:colcon.colcon_core.shell:Creating environment descriptor '/home/prakash/ws_8_assignments/install/group_8_assignment_1/share/group_8_assignment_1/hook/cmake_prefix_path.dsv'
[10.145s] INFO:colcon.colcon_core.shell:Creating environment hook '/home/prakash/ws_8_assignments/install/group_8_assignment_1/share/group_8_assignment_1/hook/cmake_prefix_path.sh'
[10.146s] Level 1:colcon.colcon_core.environment:checking '/home/prakash/ws_8_assignments/install/group_8_assignment_1/lib'
[10.146s] Level 1:colcon.colcon_core.environment:checking '/home/prakash/ws_8_assignments/install/group_8_assignment_1/bin'
[10.146s] Level 1:colcon.colcon_core.environment:checking '/home/prakash/ws_8_assignments/install/group_8_assignment_1/lib/pkgconfig/group_8_assignment_1.pc'
[10.146s] Level 1:colcon.colcon_core.environment:checking '/home/prakash/ws_8_assignments/install/group_8_assignment_1/lib/python3.12/site-packages'
[10.146s] Level 1:colcon.colcon_core.environment:checking '/home/prakash/ws_8_assignments/install/group_8_assignment_1/bin'
[10.146s] INFO:colcon.colcon_core.shell:Creating package script '/home/prakash/ws_8_assignments/install/group_8_assignment_1/share/group_8_assignment_1/package.ps1'
[10.147s] INFO:colcon.colcon_core.shell:Creating package descriptor '/home/prakash/ws_8_assignments/install/group_8_assignment_1/share/group_8_assignment_1/package.dsv'
[10.147s] INFO:colcon.colcon_core.shell:Creating package script '/home/prakash/ws_8_assignments/install/group_8_assignment_1/share/group_8_assignment_1/package.sh'
[10.147s] INFO:colcon.colcon_core.shell:Creating package script '/home/prakash/ws_8_assignments/install/group_8_assignment_1/share/group_8_assignment_1/package.bash'
[10.148s] INFO:colcon.colcon_core.shell:Creating package script '/home/prakash/ws_8_assignments/install/group_8_assignment_1/share/group_8_assignment_1/package.zsh'
[10.148s] Level 1:colcon.colcon_core.environment:create_file_with_runtime_dependencies(/home/prakash/ws_8_assignments/install/group_8_assignment_1/share/colcon-core/packages/group_8_assignment_1)
[11.410s] DEBUG:colcon.colcon_core.event_handler.log_command:Invoked command in '/home/prakash/ws_8_assignments/build/apriltag_ros' returned '0': CMAKE_PREFIX_PATH=${CMAKE_PREFIX_PATH}:/opt/ros/jazzy DEBUGINFOD_URLS=https://debuginfod.ubuntu.com /usr/bin/cmake --build /home/prakash/ws_8_assignments/build/apriltag_ros -- -j12 -l12
[11.411s] DEBUG:colcon.colcon_core.event_handler.log_command:Invoking command in '/home/prakash/ws_8_assignments/build/apriltag_ros': CMAKE_PREFIX_PATH=${CMAKE_PREFIX_PATH}:/opt/ros/jazzy DEBUGINFOD_URLS=https://debuginfod.ubuntu.com /usr/bin/cmake --install /home/prakash/ws_8_assignments/build/apriltag_ros
[11.428s] Level 1:colcon.colcon_core.environment:create_environment_scripts_only(apriltag_ros)
[11.429s] DEBUG:colcon.colcon_core.event_handler.log_command:Invoked command in '/home/prakash/ws_8_assignments/build/apriltag_ros' returned '0': CMAKE_PREFIX_PATH=${CMAKE_PREFIX_PATH}:/opt/ros/jazzy DEBUGINFOD_URLS=https://debuginfod.ubuntu.com /usr/bin/cmake --install /home/prakash/ws_8_assignments/build/apriltag_ros
[11.429s] Level 1:colcon.colcon_core.environment:checking '/home/prakash/ws_8_assignments/install/apriltag_ros' for CMake module files
[11.429s] Level 1:colcon.colcon_core.environment:checking '/home/prakash/ws_8_assignments/install/apriltag_ros' for CMake config files
[11.429s] Level 1:colcon.colcon_core.shell:create_environment_hook('apriltag_ros', 'cmake_prefix_path')
[11.430s] INFO:colcon.colcon_core.shell:Creating environment hook '/home/prakash/ws_8_assignments/install/apriltag_ros/share/apriltag_ros/hook/cmake_prefix_path.ps1'
[11.430s] INFO:colcon.colcon_core.shell:Creating environment descriptor '/home/prakash/ws_8_assignments/install/apriltag_ros/share/apriltag_ros/hook/cmake_prefix_path.dsv'
[11.430s] INFO:colcon.colcon_core.shell:Creating environment hook '/home/prakash/ws_8_assignments/install/apriltag_ros/share/apriltag_ros/hook/cmake_prefix_path.sh'
[11.431s] Level 1:colcon.colcon_core.environment:checking '/home/prakash/ws_8_assignments/install/apriltag_ros/lib'
[11.431s] Level 1:colcon.colcon_core.shell:create_environment_hook('apriltag_ros', 'ld_library_path_lib')
[11.431s] INFO:colcon.colcon_core.shell:Creating environment hook '/home/prakash/ws_8_assignments/install/apriltag_ros/share/apriltag_ros/hook/ld_library_path_lib.ps1'
[11.431s] INFO:colcon.colcon_core.shell:Creating environment descriptor '/home/prakash/ws_8_assignments/install/apriltag_ros/share/apriltag_ros/hook/ld_library_path_lib.dsv'
[11.431s] INFO:colcon.colcon_core.shell:Creating environment hook '/home/prakash/ws_8_assignments/install/apriltag_ros/share/apriltag_ros/hook/ld_library_path_lib.sh'
[11.432s] Level 1:colcon.colcon_core.environment:checking '/home/prakash/ws_8_assignments/install/apriltag_ros/bin'
[11.432s] Level 1:colcon.colcon_core.environment:checking '/home/prakash/ws_8_assignments/install/apriltag_ros/lib/pkgconfig/apriltag_ros.pc'
[11.432s] Level 1:colcon.colcon_core.environment:checking '/home/prakash/ws_8_assignments/install/apriltag_ros/lib/python3.12/site-packages'
[11.432s] Level 1:colcon.colcon_core.environment:checking '/home/prakash/ws_8_assignments/install/apriltag_ros/bin'
[11.432s] INFO:colcon.colcon_core.shell:Creating package script '/home/prakash/ws_8_assignments/install/apriltag_ros/share/apriltag_ros/package.ps1'
[11.433s] INFO:colcon.colcon_core.shell:Creating package descriptor '/home/prakash/ws_8_assignments/install/apriltag_ros/share/apriltag_ros/package.dsv'
[11.433s] INFO:colcon.colcon_core.shell:Creating package script '/home/prakash/ws_8_assignments/install/apriltag_ros/share/apriltag_ros/package.sh'
[11.433s] INFO:colcon.colcon_core.shell:Creating package script '/home/prakash/ws_8_assignments/install/apriltag_ros/share/apriltag_ros/package.bash'
[11.434s] INFO:colcon.colcon_core.shell:Creating package script '/home/prakash/ws_8_assignments/install/apriltag_ros/share/apriltag_ros/package.zsh'
[11.434s] Level 1:colcon.colcon_core.environment:create_file_with_runtime_dependencies(/home/prakash/ws_8_assignments/install/apriltag_ros/share/colcon-core/packages/apriltag_ros)
[11.434s] Level 1:colcon.colcon_core.environment:create_environment_scripts_only(apriltag_ros)
[11.434s] Level 1:colcon.colcon_core.environment:checking '/home/prakash/ws_8_assignments/install/apriltag_ros' for CMake module files
[11.435s] Level 1:colcon.colcon_core.environment:checking '/home/prakash/ws_8_assignments/install/apriltag_ros' for CMake config files
[11.435s] Level 1:colcon.colcon_core.shell:create_environment_hook('apriltag_ros', 'cmake_prefix_path')
[11.435s] INFO:colcon.colcon_core.shell:Creating environment hook '/home/prakash/ws_8_assignments/install/apriltag_ros/share/apriltag_ros/hook/cmake_prefix_path.ps1'
[11.435s] INFO:colcon.colcon_core.shell:Creating environment descriptor '/home/prakash/ws_8_assignments/install/apriltag_ros/share/apriltag_ros/hook/cmake_prefix_path.dsv'
[11.435s] INFO:colcon.colcon_core.shell:Creating environment hook '/home/prakash/ws_8_assignments/install/apriltag_ros/share/apriltag_ros/hook/cmake_prefix_path.sh'
[11.436s] Level 1:colcon.colcon_core.environment:checking '/home/prakash/ws_8_assignments/install/apriltag_ros/lib'
[11.436s] Level 1:colcon.colcon_core.shell:create_environment_hook('apriltag_ros', 'ld_library_path_lib')
[11.436s] INFO:colcon.colcon_core.shell:Creating environment hook '/home/prakash/ws_8_assignments/install/apriltag_ros/share/apriltag_ros/hook/ld_library_path_lib.ps1'
[11.437s] INFO:colcon.colcon_core.shell:Creating environment descriptor '/home/prakash/ws_8_assignments/install/apriltag_ros/share/apriltag_ros/hook/ld_library_path_lib.dsv'
[11.437s] INFO:colcon.colcon_core.shell:Creating environment hook '/home/prakash/ws_8_assignments/install/apriltag_ros/share/apriltag_ros/hook/ld_library_path_lib.sh'
[11.437s] Level 1:colcon.colcon_core.environment:checking '/home/prakash/ws_8_assignments/install/apriltag_ros/bin'
[11.437s] Level 1:colcon.colcon_core.environment:checking '/home/prakash/ws_8_assignments/install/apriltag_ros/lib/pkgconfig/apriltag_ros.pc'
[11.437s] Level 1:colcon.colcon_core.environment:checking '/home/prakash/ws_8_assignments/install/apriltag_ros/lib/python3.12/site-packages'
[11.438s] Level 1:colcon.colcon_core.environment:checking '/home/prakash/ws_8_assignments/install/apriltag_ros/bin'
[11.438s] INFO:colcon.colcon_core.shell:Creating package script '/home/prakash/ws_8_assignments/install/apriltag_ros/share/apriltag_ros/package.ps1'
[11.438s] INFO:colcon.colcon_core.shell:Creating package descriptor '/home/prakash/ws_8_assignments/install/apriltag_ros/share/apriltag_ros/package.dsv'
[11.439s] INFO:colcon.colcon_core.shell:Creating package script '/home/prakash/ws_8_assignments/install/apriltag_ros/share/apriltag_ros/package.sh'
[11.439s] INFO:colcon.colcon_core.shell:Creating package script '/home/prakash/ws_8_assignments/install/apriltag_ros/share/apriltag_ros/package.bash'
[11.439s] INFO:colcon.colcon_core.shell:Creating package script '/home/prakash/ws_8_assignments/install/apriltag_ros/share/apriltag_ros/package.zsh'
[11.439s] Level 1:colcon.colcon_core.environment:create_file_with_runtime_dependencies(/home/prakash/ws_8_assignments/install/apriltag_ros/share/colcon-core/packages/apriltag_ros)
[11.440s] DEBUG:colcon.colcon_parallel_executor.executor.parallel:closing loop
[11.440s] DEBUG:colcon.colcon_parallel_executor.executor.parallel:loop closed
[11.440s] DEBUG:colcon.colcon_parallel_executor.executor.parallel:run_until_complete finished with '0'
[11.440s] DEBUG:colcon.colcon_core.event_reactor:joining thread
[11.446s] INFO:colcon.colcon_core.plugin_system:Skipping extension 'colcon_notification.desktop_notification.terminal_notifier': Not used on non-Darwin systems
[11.446s] INFO:colcon.colcon_core.plugin_system:Skipping extension 'colcon_notification.desktop_notification.win32': Not used on non-Windows systems
[11.446s] INFO:colcon.colcon_notification.desktop_notification:Sending desktop notification using 'notify2'
[11.459s] DEBUG:colcon.colcon_core.event_reactor:joined thread
[11.459s] INFO:colcon.colcon_core.shell:Creating prefix script '/home/prakash/ws_8_assignments/install/local_setup.ps1'
[11.460s] INFO:colcon.colcon_core.shell:Creating prefix util module '/home/prakash/ws_8_assignments/install/_local_setup_util_ps1.py'
[11.460s] INFO:colcon.colcon_core.shell:Creating prefix chain script '/home/prakash/ws_8_assignments/install/setup.ps1'
[11.461s] INFO:colcon.colcon_core.shell:Creating prefix script '/home/prakash/ws_8_assignments/install/local_setup.sh'
[11.462s] INFO:colcon.colcon_core.shell:Creating prefix util module '/home/prakash/ws_8_assignments/install/_local_setup_util_sh.py'
[11.462s] INFO:colcon.colcon_core.shell:Creating prefix chain script '/home/prakash/ws_8_assignments/install/setup.sh'
[11.463s] INFO:colcon.colcon_core.shell:Creating prefix script '/home/prakash/ws_8_assignments/install/local_setup.bash'
[11.463s] INFO:colcon.colcon_core.shell:Creating prefix chain script '/home/prakash/ws_8_assignments/install/setup.bash'
[11.464s] INFO:colcon.colcon_core.shell:Creating prefix script '/home/prakash/ws_8_assignments/install/local_setup.zsh'
[11.465s] INFO:colcon.colcon_core.shell:Creating prefix chain script '/home/prakash/ws_8_assignments/install/setup.zsh'
