-- Install configuration: ""
-- Up-to-date: /home/prakash/ws_8_assignments/install/ir_base/share/ament_index/resource_index/package_run_dependencies/ir_base
-- Up-to-date: /home/prakash/ws_8_assignments/install/ir_base/share/ament_index/resource_index/parent_prefix_path/ir_base
-- Up-to-date: /home/prakash/ws_8_assignments/install/ir_base/share/ir_base/environment/ament_prefix_path.sh
-- Up-to-date: /home/prakash/ws_8_assignments/install/ir_base/share/ir_base/environment/ament_prefix_path.dsv
-- Up-to-date: /home/prakash/ws_8_assignments/install/ir_base/share/ir_base/environment/path.sh
-- Up-to-date: /home/prakash/ws_8_assignments/install/ir_base/share/ir_base/environment/path.dsv
-- Up-to-date: /home/prakash/ws_8_assignments/install/ir_base/share/ir_base/local_setup.bash
-- Up-to-date: /home/prakash/ws_8_assignments/install/ir_base/share/ir_base/local_setup.sh
-- Up-to-date: /home/prakash/ws_8_assignments/install/ir_base/share/ir_base/local_setup.zsh
-- Up-to-date: /home/prakash/ws_8_assignments/install/ir_base/share/ir_base/local_setup.dsv
-- Up-to-date: /home/prakash/ws_8_assignments/install/ir_base/share/ir_base/package.dsv
-- Up-to-date: /home/prakash/ws_8_assignments/install/ir_base/share/ament_index/resource_index/packages/ir_base
-- Up-to-date: /home/prakash/ws_8_assignments/install/ir_base/share/ir_base/cmake/ir_baseConfig.cmake
-- Up-to-date: /home/prakash/ws_8_assignments/install/ir_base/share/ir_base/cmake/ir_baseConfig-version.cmake
-- Up-to-date: /home/prakash/ws_8_assignments/install/ir_base/share/ir_base/package.xml
-- Up-to-date: /home/prakash/ws_8_assignments/install/ir_base/share/ir_base/launch
-- Up-to-date: /home/prakash/ws_8_assignments/install/ir_base/share/ir_base/launch/ir_arena_turtle.launch.py
-- Up-to-date: /home/prakash/ws_8_assignments/install/ir_base/share/ir_base/launch/ir_arena.launch.py
-- Up-to-date: /home/prakash/ws_8_assignments/install/ir_base/share/ir_base/worlds
-- Up-to-date: /home/prakash/ws_8_assignments/install/ir_base/share/ir_base/worlds/iaslab_empty.sdf.xacro
-- Up-to-date: /home/prakash/ws_8_assignments/install/ir_base/share/ir_base/worlds/empy.sdf
-- Up-to-date: /home/prakash/ws_8_assignments/install/ir_base/share/ir_base/worlds/iaslab_camera_tables.sdf
-- Up-to-date: /home/prakash/ws_8_assignments/install/ir_base/share/ir_base/worlds/iaslab_empty_ur.sdf.xacro
-- Up-to-date: /home/prakash/ws_8_assignments/install/ir_base/share/ir_base/worlds/iaslab_ur.sdf.xacro
-- Up-to-date: /home/prakash/ws_8_assignments/install/ir_base/share/ir_base/worlds/iaslab_nav.sdf
-- Up-to-date: /home/prakash/ws_8_assignments/install/ir_base/share/ir_base/worlds/apples_world.sdf.xacro
-- Up-to-date: /home/prakash/ws_8_assignments/install/ir_base/share/ir_base/worlds/iaslab_ur.sdf
-- Up-to-date: /home/prakash/ws_8_assignments/install/ir_base/share/ir_base/worlds/iaslab.sdf.xacro
-- Up-to-date: /home/prakash/ws_8_assignments/install/ir_base/share/ir_base/worlds/iaslab_empty.sdf
-- Up-to-date: /home/prakash/ws_8_assignments/install/ir_base/share/ir_base/params
-- Up-to-date: /home/prakash/ws_8_assignments/install/ir_base/share/ir_base/params/nav2_params.yaml
-- Up-to-date: /home/prakash/ws_8_assignments/install/ir_base/share/ir_base/params/ur_bridge.yaml
-- Up-to-date: /home/prakash/ws_8_assignments/install/ir_base/share/ir_base/params/turtlebot3_waffle_bridge.yaml
-- Up-to-date: /home/prakash/ws_8_assignments/install/ir_base/share/ir_base/maps
-- Up-to-date: /home/prakash/ws_8_assignments/install/ir_base/share/ir_base/maps/lab_map.pgm
-- Up-to-date: /home/prakash/ws_8_assignments/install/ir_base/share/ir_base/maps/lab_map.yaml
-- Up-to-date: /home/prakash/ws_8_assignments/install/ir_base/share/ir_base/models
-- Up-to-date: /home/prakash/ws_8_assignments/install/ir_base/share/ir_base/models/install
-- Up-to-date: /home/prakash/ws_8_assignments/install/ir_base/share/ir_base/models/install/setup.sh
-- Up-to-date: /home/prakash/ws_8_assignments/install/ir_base/share/ir_base/models/install/local_setup.zsh
-- Up-to-date: /home/prakash/ws_8_assignments/install/ir_base/share/ir_base/models/install/setup.ps1
-- Up-to-date: /home/prakash/ws_8_assignments/install/ir_base/share/ir_base/models/install/.colcon_install_layout
-- Up-to-date: /home/prakash/ws_8_assignments/install/ir_base/share/ir_base/models/install/local_setup.ps1
-- Up-to-date: /home/prakash/ws_8_assignments/install/ir_base/share/ir_base/models/install/_local_setup_util_sh.py
-- Up-to-date: /home/prakash/ws_8_assignments/install/ir_base/share/ir_base/models/install/local_setup.sh
-- Up-to-date: /home/prakash/ws_8_assignments/install/ir_base/share/ir_base/models/install/setup.zsh
-- Up-to-date: /home/prakash/ws_8_assignments/install/ir_base/share/ir_base/models/install/COLCON_IGNORE
-- Up-to-date: /home/prakash/ws_8_assignments/install/ir_base/share/ir_base/models/install/setup.bash
-- Up-to-date: /home/prakash/ws_8_assignments/install/ir_base/share/ir_base/models/install/_local_setup_util_ps1.py
-- Up-to-date: /home/prakash/ws_8_assignments/install/ir_base/share/ir_base/models/install/local_setup.bash
-- Up-to-date: /home/prakash/ws_8_assignments/install/ir_base/share/ir_base/models/artag
-- Up-to-date: /home/prakash/ws_8_assignments/install/ir_base/share/ir_base/models/artag/model.sdf
-- Up-to-date: /home/prakash/ws_8_assignments/install/ir_base/share/ir_base/models/artag/materials
-- Up-to-date: /home/prakash/ws_8_assignments/install/ir_base/share/ir_base/models/artag/materials/scripts
-- Up-to-date: /home/prakash/ws_8_assignments/install/ir_base/share/ir_base/models/artag/materials/scripts/artag9.material
-- Up-to-date: /home/prakash/ws_8_assignments/install/ir_base/share/ir_base/models/artag/materials/scripts/artag4.material
-- Up-to-date: /home/prakash/ws_8_assignments/install/ir_base/share/ir_base/models/artag/materials/scripts/artag5.material
-- Up-to-date: /home/prakash/ws_8_assignments/install/ir_base/share/ir_base/models/artag/materials/scripts/artag6.material
-- Up-to-date: /home/prakash/ws_8_assignments/install/ir_base/share/ir_base/models/artag/materials/scripts/artag12.material
-- Up-to-date: /home/prakash/ws_8_assignments/install/ir_base/share/ir_base/models/artag/materials/scripts/artag3.material
-- Up-to-date: /home/prakash/ws_8_assignments/install/ir_base/share/ir_base/models/artag/materials/scripts/artag0.material
-- Up-to-date: /home/prakash/ws_8_assignments/install/ir_base/share/ir_base/models/artag/materials/scripts/artag7.material
-- Up-to-date: /home/prakash/ws_8_assignments/install/ir_base/share/ir_base/models/artag/materials/scripts/artag14.material
-- Up-to-date: /home/prakash/ws_8_assignments/install/ir_base/share/ir_base/models/artag/materials/scripts/artag8.material
-- Up-to-date: /home/prakash/ws_8_assignments/install/ir_base/share/ir_base/models/artag/materials/scripts/artag11.material
-- Up-to-date: /home/prakash/ws_8_assignments/install/ir_base/share/ir_base/models/artag/materials/scripts/artag2.material
-- Up-to-date: /home/prakash/ws_8_assignments/install/ir_base/share/ir_base/models/artag/materials/scripts/artag10.material
-- Up-to-date: /home/prakash/ws_8_assignments/install/ir_base/share/ir_base/models/artag/materials/scripts/artag1.material
-- Up-to-date: /home/prakash/ws_8_assignments/install/ir_base/share/ir_base/models/artag/materials/scripts/artag13.material
-- Up-to-date: /home/prakash/ws_8_assignments/install/ir_base/share/ir_base/models/artag/materials/scripts/artag15.material
-- Up-to-date: /home/prakash/ws_8_assignments/install/ir_base/share/ir_base/models/artag/materials/textures
-- Up-to-date: /home/prakash/ws_8_assignments/install/ir_base/share/ir_base/models/artag/materials/textures/tag36_11_00014.png
-- Up-to-date: /home/prakash/ws_8_assignments/install/ir_base/share/ir_base/models/artag/materials/textures/tag36_11_00101.png
-- Up-to-date: /home/prakash/ws_8_assignments/install/ir_base/share/ir_base/models/artag/materials/textures/tag36_11_00015.png
-- Up-to-date: /home/prakash/ws_8_assignments/install/ir_base/share/ir_base/models/artag/materials/textures/tag36_11_00003.png
-- Up-to-date: /home/prakash/ws_8_assignments/install/ir_base/share/ir_base/models/artag/materials/textures/tag36_11_00010.png
-- Up-to-date: /home/prakash/ws_8_assignments/install/ir_base/share/ir_base/models/artag/materials/textures/tag36_11_00006.png
-- Up-to-date: /home/prakash/ws_8_assignments/install/ir_base/share/ir_base/models/artag/materials/textures/tag36_11_00013.png
-- Up-to-date: /home/prakash/ws_8_assignments/install/ir_base/share/ir_base/models/artag/materials/textures/tag36_11_00012.png
-- Up-to-date: /home/prakash/ws_8_assignments/install/ir_base/share/ir_base/models/artag/materials/textures/tag36_11_00005.png
-- Up-to-date: /home/prakash/ws_8_assignments/install/ir_base/share/ir_base/models/artag/materials/textures/tag36_11_00007.png
-- Up-to-date: /home/prakash/ws_8_assignments/install/ir_base/share/ir_base/models/artag/materials/textures/tag36_11_00008.png
-- Up-to-date: /home/prakash/ws_8_assignments/install/ir_base/share/ir_base/models/artag/materials/textures/tag36_11_00002.png
-- Up-to-date: /home/prakash/ws_8_assignments/install/ir_base/share/ir_base/models/artag/materials/textures/tag36_11_00100.png
-- Up-to-date: /home/prakash/ws_8_assignments/install/ir_base/share/ir_base/models/artag/materials/textures/tag36_11_00011.png
-- Up-to-date: /home/prakash/ws_8_assignments/install/ir_base/share/ir_base/models/artag/materials/textures/tag36_11_00000.png
-- Up-to-date: /home/prakash/ws_8_assignments/install/ir_base/share/ir_base/models/artag/materials/textures/tag36_11_00004.png
-- Up-to-date: /home/prakash/ws_8_assignments/install/ir_base/share/ir_base/models/artag/materials/textures/tag36_11_00009.png
-- Up-to-date: /home/prakash/ws_8_assignments/install/ir_base/share/ir_base/models/artag/materials/textures/tag36_11_00001.png
-- Up-to-date: /home/prakash/ws_8_assignments/install/ir_base/share/ir_base/models/artag/model.config
-- Up-to-date: /home/prakash/ws_8_assignments/install/ir_base/share/ir_base/models/docks
-- Up-to-date: /home/prakash/ws_8_assignments/install/ir_base/share/ir_base/models/docks/unloading_station_0
-- Up-to-date: /home/prakash/ws_8_assignments/install/ir_base/share/ir_base/models/docks/unloading_station_0/model.sdf
-- Up-to-date: /home/prakash/ws_8_assignments/install/ir_base/share/ir_base/models/docks/unloading_station_0/model.config
-- Up-to-date: /home/prakash/ws_8_assignments/install/ir_base/share/ir_base/models/docks/loading_station_1
-- Up-to-date: /home/prakash/ws_8_assignments/install/ir_base/share/ir_base/models/docks/loading_station_1/model.sdf
-- Up-to-date: /home/prakash/ws_8_assignments/install/ir_base/share/ir_base/models/docks/loading_station_1/model.config
-- Up-to-date: /home/prakash/ws_8_assignments/install/ir_base/share/ir_base/models/docks/loading_station_0
-- Up-to-date: /home/prakash/ws_8_assignments/install/ir_base/share/ir_base/models/docks/loading_station_0/model.sdf
-- Up-to-date: /home/prakash/ws_8_assignments/install/ir_base/share/ir_base/models/docks/loading_station_0/model.config
-- Up-to-date: /home/prakash/ws_8_assignments/install/ir_base/share/ir_base/models/log
-- Up-to-date: /home/prakash/ws_8_assignments/install/ir_base/share/ir_base/models/log/build_2025-09-05_11-54-02
-- Up-to-date: /home/prakash/ws_8_assignments/install/ir_base/share/ir_base/models/log/build_2025-09-05_11-54-02/logger_all.log
-- Up-to-date: /home/prakash/ws_8_assignments/install/ir_base/share/ir_base/models/log/build_2025-09-05_11-54-02/events.log
-- Up-to-date: /home/prakash/ws_8_assignments/install/ir_base/share/ir_base/models/log/latest_build
-- Up-to-date: /home/prakash/ws_8_assignments/install/ir_base/share/ir_base/models/log/build_2025-09-05_12-17-19
-- Up-to-date: /home/prakash/ws_8_assignments/install/ir_base/share/ir_base/models/log/build_2025-09-05_12-17-19/logger_all.log
-- Up-to-date: /home/prakash/ws_8_assignments/install/ir_base/share/ir_base/models/log/build_2025-09-05_12-17-19/events.log
-- Up-to-date: /home/prakash/ws_8_assignments/install/ir_base/share/ir_base/models/log/build_2025-09-05_12-23-38
-- Up-to-date: /home/prakash/ws_8_assignments/install/ir_base/share/ir_base/models/log/build_2025-09-05_12-23-38/logger_all.log
-- Up-to-date: /home/prakash/ws_8_assignments/install/ir_base/share/ir_base/models/log/build_2025-09-05_12-23-38/events.log
-- Up-to-date: /home/prakash/ws_8_assignments/install/ir_base/share/ir_base/models/log/build_2025-09-05_12-04-38
-- Up-to-date: /home/prakash/ws_8_assignments/install/ir_base/share/ir_base/models/log/build_2025-09-05_12-04-38/logger_all.log
-- Up-to-date: /home/prakash/ws_8_assignments/install/ir_base/share/ir_base/models/log/build_2025-09-05_12-04-38/events.log
-- Up-to-date: /home/prakash/ws_8_assignments/install/ir_base/share/ir_base/models/log/COLCON_IGNORE
-- Up-to-date: /home/prakash/ws_8_assignments/install/ir_base/share/ir_base/models/log/build_2025-09-05_12-40-06
-- Up-to-date: /home/prakash/ws_8_assignments/install/ir_base/share/ir_base/models/log/build_2025-09-05_12-40-06/logger_all.log
-- Up-to-date: /home/prakash/ws_8_assignments/install/ir_base/share/ir_base/models/log/build_2025-09-05_12-40-06/events.log
-- Up-to-date: /home/prakash/ws_8_assignments/install/ir_base/share/ir_base/models/log/build_2025-09-05_12-15-26
-- Up-to-date: /home/prakash/ws_8_assignments/install/ir_base/share/ir_base/models/log/build_2025-09-05_12-15-26/logger_all.log
-- Up-to-date: /home/prakash/ws_8_assignments/install/ir_base/share/ir_base/models/log/build_2025-09-05_12-15-26/events.log
-- Up-to-date: /home/prakash/ws_8_assignments/install/ir_base/share/ir_base/models/log/build_2025-09-05_12-03-44
-- Up-to-date: /home/prakash/ws_8_assignments/install/ir_base/share/ir_base/models/log/build_2025-09-05_12-03-44/logger_all.log
-- Up-to-date: /home/prakash/ws_8_assignments/install/ir_base/share/ir_base/models/log/build_2025-09-05_12-03-44/events.log
-- Up-to-date: /home/prakash/ws_8_assignments/install/ir_base/share/ir_base/models/log/build_2025-09-05_12-40-26
-- Up-to-date: /home/prakash/ws_8_assignments/install/ir_base/share/ir_base/models/log/build_2025-09-05_12-40-26/logger_all.log
-- Up-to-date: /home/prakash/ws_8_assignments/install/ir_base/share/ir_base/models/log/build_2025-09-05_12-40-26/events.log
-- Up-to-date: /home/prakash/ws_8_assignments/install/ir_base/share/ir_base/models/log/build_2025-09-05_12-18-28
-- Up-to-date: /home/prakash/ws_8_assignments/install/ir_base/share/ir_base/models/log/build_2025-09-05_12-18-28/logger_all.log
-- Up-to-date: /home/prakash/ws_8_assignments/install/ir_base/share/ir_base/models/log/build_2025-09-05_12-18-28/events.log
-- Up-to-date: /home/prakash/ws_8_assignments/install/ir_base/share/ir_base/models/log/latest
-- Up-to-date: /home/prakash/ws_8_assignments/install/ir_base/share/ir_base/models/build
-- Up-to-date: /home/prakash/ws_8_assignments/install/ir_base/share/ir_base/models/build/COLCON_IGNORE
-- Up-to-date: /home/prakash/ws_8_assignments/install/ir_base/share/ir_base/models/build/.built_by
-- Up-to-date: /home/prakash/ws_8_assignments/install/ir_base/share/ir_base/models/cafe_table
-- Up-to-date: /home/prakash/ws_8_assignments/install/ir_base/share/ir_base/models/cafe_table/model.sdf
-- Up-to-date: /home/prakash/ws_8_assignments/install/ir_base/share/ir_base/models/cafe_table/materials
-- Up-to-date: /home/prakash/ws_8_assignments/install/ir_base/share/ir_base/models/cafe_table/materials/textures
-- Up-to-date: /home/prakash/ws_8_assignments/install/ir_base/share/ir_base/models/cafe_table/materials/textures/Wood_Floor_Dark.jpg
-- Up-to-date: /home/prakash/ws_8_assignments/install/ir_base/share/ir_base/models/cafe_table/materials/textures/Maple.jpg
-- Up-to-date: /home/prakash/ws_8_assignments/install/ir_base/share/ir_base/models/cafe_table/meshes
-- Up-to-date: /home/prakash/ws_8_assignments/install/ir_base/share/ir_base/models/cafe_table/meshes/cafe_table.dae
-- Up-to-date: /home/prakash/ws_8_assignments/install/ir_base/share/ir_base/models/cafe_table/model-1_4.sdf
-- Up-to-date: /home/prakash/ws_8_assignments/install/ir_base/share/ir_base/models/cafe_table/model.config
-- Up-to-date: /home/prakash/ws_8_assignments/install/ir_base/share/ir_base/models/objects
-- Up-to-date: /home/prakash/ws_8_assignments/install/ir_base/share/ir_base/models/objects/OctagonBig
-- Up-to-date: /home/prakash/ws_8_assignments/install/ir_base/share/ir_base/models/objects/OctagonBig/model.sdf
-- Up-to-date: /home/prakash/ws_8_assignments/install/ir_base/share/ir_base/models/objects/OctagonBig/meshes
-- Up-to-date: /home/prakash/ws_8_assignments/install/ir_base/share/ir_base/models/objects/OctagonBig/meshes/octagon_big.dae
-- Up-to-date: /home/prakash/ws_8_assignments/install/ir_base/share/ir_base/models/objects/OctagonBig/model.config
-- Up-to-date: /home/prakash/ws_8_assignments/install/ir_base/share/ir_base/models/objects/Hexagon
-- Up-to-date: /home/prakash/ws_8_assignments/install/ir_base/share/ir_base/models/objects/Hexagon/model.sdf
-- Up-to-date: /home/prakash/ws_8_assignments/install/ir_base/share/ir_base/models/objects/Hexagon/meshes
-- Up-to-date: /home/prakash/ws_8_assignments/install/ir_base/share/ir_base/models/objects/Hexagon/meshes/hexagon.dae
-- Up-to-date: /home/prakash/ws_8_assignments/install/ir_base/share/ir_base/models/objects/Hexagon/model.config
-- Up-to-date: /home/prakash/ws_8_assignments/install/ir_base/share/ir_base/models/objects/Triangle
-- Up-to-date: /home/prakash/ws_8_assignments/install/ir_base/share/ir_base/models/objects/Triangle/model.sdf
-- Up-to-date: /home/prakash/ws_8_assignments/install/ir_base/share/ir_base/models/objects/Triangle/meshes
-- Up-to-date: /home/prakash/ws_8_assignments/install/ir_base/share/ir_base/models/objects/Triangle/meshes/triangle.dae
-- Up-to-date: /home/prakash/ws_8_assignments/install/ir_base/share/ir_base/models/objects/Triangle/meshes/triangle_centered.stl
-- Up-to-date: /home/prakash/ws_8_assignments/install/ir_base/share/ir_base/models/objects/Triangle/model.config
-- Up-to-date: /home/prakash/ws_8_assignments/install/ir_base/share/ir_base/models/objects/OctagonSmall
-- Up-to-date: /home/prakash/ws_8_assignments/install/ir_base/share/ir_base/models/objects/OctagonSmall/model.sdf
-- Up-to-date: /home/prakash/ws_8_assignments/install/ir_base/share/ir_base/models/objects/OctagonSmall/meshes
-- Up-to-date: /home/prakash/ws_8_assignments/install/ir_base/share/ir_base/models/objects/OctagonSmall/meshes/octagon_small.dae
-- Up-to-date: /home/prakash/ws_8_assignments/install/ir_base/share/ir_base/models/objects/OctagonSmall/model.config
-- Up-to-date: /home/prakash/ws_8_assignments/install/ir_base/share/ir_base/models/walls
-- Up-to-date: /home/prakash/ws_8_assignments/install/ir_base/share/ir_base/models/walls/arena_walls
-- Up-to-date: /home/prakash/ws_8_assignments/install/ir_base/share/ir_base/models/walls/arena_walls/model.sdf
-- Up-to-date: /home/prakash/ws_8_assignments/install/ir_base/share/ir_base/models/walls/arena_walls/meshes
-- Up-to-date: /home/prakash/ws_8_assignments/install/ir_base/share/ir_base/models/walls/arena_walls/meshes/arena.dae
-- Up-to-date: /home/prakash/ws_8_assignments/install/ir_base/share/ir_base/models/walls/arena_walls/model.config
-- Up-to-date: /home/prakash/ws_8_assignments/install/ir_base/share/ir_base/rviz
-- Up-to-date: /home/prakash/ws_8_assignments/install/ir_base/share/ir_base/rviz/exercise_4.rviz
-- Up-to-date: /home/prakash/ws_8_assignments/install/ir_base/share/ir_base/urdf
-- Up-to-date: /home/prakash/ws_8_assignments/install/ir_base/share/ir_base/urdf/camera.urdf
-- Up-to-date: /home/prakash/ws_8_assignments/install/ir_base/share/ir_base/urdf/turtlebot3_waffle.urdf
