[0.015s] Invoking command in '/home/prakash/ws_8_assignments/build/ir_launch': CMAKE_PREFIX_PATH=${CMAKE_PREFIX_PATH}:/opt/ros/jazzy DEBUGINFOD_URLS=https://debuginfod.ubuntu.com /usr/bin/cmake /home/prakash/ws_8_assignments/src/ir_2526/ir_launch -DCMAKE_INSTALL_PREFIX=/home/prakash/ws_8_assignments/install/ir_launch
[0.069s] -- The C compiler identification is GNU 13.3.0
[0.122s] -- The CXX compiler identification is GNU 13.3.0
[0.137s] -- Detecting C compiler ABI info
[0.230s] -- Detecting C compiler ABI info - done
[0.238s] -- Check for working C compiler: /usr/bin/cc - skipped
[0.238s] -- Detecting C compile features
[0.238s] -- Detecting C compile features - done
[0.246s] -- Detecting CXX compiler ABI info
[0.344s] -- Detecting CXX compiler ABI info - done
[0.353s] -- Check for working CXX compiler: /usr/bin/c++ - skipped
[0.353s] -- Detecting CXX compile features
[0.354s] -- Detecting CXX compile features - done
[0.358s] -- Found ament_cmake: 2.5.4 (/opt/ros/jazzy/share/ament_cmake/cmake)
[0.508s] -- Found Python3: /usr/bin/python3 (found version "3.12.3") found components: Interpreter 
[0.642s] -- Found ament_lint_auto: 0.17.3 (/opt/ros/jazzy/share/ament_lint_auto/cmake)
[0.748s] -- Added test 'flake8' to check Python code syntax and style conventions
[0.748s] -- Configured 'flake8' exclude dirs and/or files: 
[0.749s] -- Added test 'lint_cmake' to check CMake code style
[0.749s] -- Added test 'pep257' to check Python code against some of the docstring style conventions in PEP 257
[0.751s] -- Added test 'xmllint' to check XML markup files
[0.752s] -- Configuring done (0.7s)
[0.755s] -- Generating done (0.0s)
[0.757s] -- Build files have been written to: /home/prakash/ws_8_assignments/build/ir_launch
[0.762s] Invoked command in '/home/prakash/ws_8_assignments/build/ir_launch' returned '0': CMAKE_PREFIX_PATH=${CMAKE_PREFIX_PATH}:/opt/ros/jazzy DEBUGINFOD_URLS=https://debuginfod.ubuntu.com /usr/bin/cmake /home/prakash/ws_8_assignments/src/ir_2526/ir_launch -DCMAKE_INSTALL_PREFIX=/home/prakash/ws_8_assignments/install/ir_launch
[0.763s] Invoking command in '/home/prakash/ws_8_assignments/build/ir_launch': CMAKE_PREFIX_PATH=${CMAKE_PREFIX_PATH}:/opt/ros/jazzy DEBUGINFOD_URLS=https://debuginfod.ubuntu.com /usr/bin/cmake --build /home/prakash/ws_8_assignments/build/ir_launch -- -j12 -l12
[0.807s] Invoked command in '/home/prakash/ws_8_assignments/build/ir_launch' returned '0': CMAKE_PREFIX_PATH=${CMAKE_PREFIX_PATH}:/opt/ros/jazzy DEBUGINFOD_URLS=https://debuginfod.ubuntu.com /usr/bin/cmake --build /home/prakash/ws_8_assignments/build/ir_launch -- -j12 -l12
[0.816s] Invoking command in '/home/prakash/ws_8_assignments/build/ir_launch': CMAKE_PREFIX_PATH=${CMAKE_PREFIX_PATH}:/opt/ros/jazzy DEBUGINFOD_URLS=https://debuginfod.ubuntu.com /usr/bin/cmake --install /home/prakash/ws_8_assignments/build/ir_launch
[0.824s] -- Install configuration: ""
[0.824s] -- Installing: /home/prakash/ws_8_assignments/install/ir_launch/share/ament_index/resource_index/package_run_dependencies/ir_launch
[0.825s] -- Installing: /home/prakash/ws_8_assignments/install/ir_launch/share/ament_index/resource_index/parent_prefix_path/ir_launch
[0.825s] -- Installing: /home/prakash/ws_8_assignments/install/ir_launch/share/ir_launch/environment/ament_prefix_path.sh
[0.825s] -- Installing: /home/prakash/ws_8_assignments/install/ir_launch/share/ir_launch/environment/ament_prefix_path.dsv
[0.825s] -- Installing: /home/prakash/ws_8_assignments/install/ir_launch/share/ir_launch/environment/path.sh
[0.825s] -- Installing: /home/prakash/ws_8_assignments/install/ir_launch/share/ir_launch/environment/path.dsv
[0.825s] -- Installing: /home/prakash/ws_8_assignments/install/ir_launch/share/ir_launch/local_setup.bash
[0.825s] -- Installing: /home/prakash/ws_8_assignments/install/ir_launch/share/ir_launch/local_setup.sh
[0.826s] -- Installing: /home/prakash/ws_8_assignments/install/ir_launch/share/ir_launch/local_setup.zsh
[0.826s] -- Installing: /home/prakash/ws_8_assignments/install/ir_launch/share/ir_launch/local_setup.dsv
[0.826s] -- Installing: /home/prakash/ws_8_assignments/install/ir_launch/share/ir_launch/package.dsv
[0.826s] -- Installing: /home/prakash/ws_8_assignments/install/ir_launch/share/ament_index/resource_index/packages/ir_launch
[0.826s] -- Installing: /home/prakash/ws_8_assignments/install/ir_launch/share/ir_launch/cmake/ir_launchConfig.cmake
[0.826s] -- Installing: /home/prakash/ws_8_assignments/install/ir_launch/share/ir_launch/cmake/ir_launchConfig-version.cmake
[0.827s] -- Installing: /home/prakash/ws_8_assignments/install/ir_launch/share/ir_launch/package.xml
[0.827s] -- Installing: /home/prakash/ws_8_assignments/install/ir_launch/share/ir_launch/launch
[0.827s] -- Installing: /home/prakash/ws_8_assignments/install/ir_launch/share/ir_launch/launch/spawn_tb3_launch.py
[0.827s] -- Installing: /home/prakash/ws_8_assignments/install/ir_launch/share/ir_launch/launch/assignment_1.launch.py
[0.828s] -- Installing: /home/prakash/ws_8_assignments/install/ir_launch/share/ir_launch/launch/assignment_2.launch.py
[0.828s] -- Installing: /home/prakash/ws_8_assignments/install/ir_launch/share/ir_launch/launch/exercise_4.launch.py
[0.830s] Invoked command in '/home/prakash/ws_8_assignments/build/ir_launch' returned '0': CMAKE_PREFIX_PATH=${CMAKE_PREFIX_PATH}:/opt/ros/jazzy DEBUGINFOD_URLS=https://debuginfod.ubuntu.com /usr/bin/cmake --install /home/prakash/ws_8_assignments/build/ir_launch
