-- Install configuration: ""
-- Up-to-date: /home/prakash/ws_8_assignments/install/ir_desription/share/ament_index/resource_index/package_run_dependencies/ir_desription
-- Up-to-date: /home/prakash/ws_8_assignments/install/ir_desription/share/ament_index/resource_index/parent_prefix_path/ir_desription
-- Up-to-date: /home/prakash/ws_8_assignments/install/ir_desription/share/ir_desription/environment/ament_prefix_path.sh
-- Up-to-date: /home/prakash/ws_8_assignments/install/ir_desription/share/ir_desription/environment/ament_prefix_path.dsv
-- Up-to-date: /home/prakash/ws_8_assignments/install/ir_desription/share/ir_desription/environment/path.sh
-- Up-to-date: /home/prakash/ws_8_assignments/install/ir_desription/share/ir_desription/environment/path.dsv
-- Up-to-date: /home/prakash/ws_8_assignments/install/ir_desription/share/ir_desription/local_setup.bash
-- Up-to-date: /home/prakash/ws_8_assignments/install/ir_desription/share/ir_desription/local_setup.sh
-- Up-to-date: /home/prakash/ws_8_assignments/install/ir_desription/share/ir_desription/local_setup.zsh
-- Up-to-date: /home/prakash/ws_8_assignments/install/ir_desription/share/ir_desription/local_setup.dsv
-- Up-to-date: /home/prakash/ws_8_assignments/install/ir_desription/share/ir_desription/package.dsv
-- Up-to-date: /home/prakash/ws_8_assignments/install/ir_desription/share/ament_index/resource_index/packages/ir_desription
-- Up-to-date: /home/prakash/ws_8_assignments/install/ir_desription/share/ir_desription/cmake/ir_desriptionConfig.cmake
-- Up-to-date: /home/prakash/ws_8_assignments/install/ir_desription/share/ir_desription/cmake/ir_desriptionConfig-version.cmake
-- Up-to-date: /home/prakash/ws_8_assignments/install/ir_desription/share/ir_desription/package.xml
-- Up-to-date: /home/prakash/ws_8_assignments/install/ir_desription/share/ir_desription/meshes
-- Up-to-date: /home/prakash/ws_8_assignments/install/ir_desription/share/ir_desription/meshes/ur5
-- Up-to-date: /home/prakash/ws_8_assignments/install/ir_desription/share/ir_desription/meshes/ur5/collision
-- Up-to-date: /home/prakash/ws_8_assignments/install/ir_desription/share/ir_desription/meshes/ur5/collision/base.stl
-- Up-to-date: /home/prakash/ws_8_assignments/install/ir_desription/share/ir_desription/meshes/ur5/collision/upperarm.stl
-- Up-to-date: /home/prakash/ws_8_assignments/install/ir_desription/share/ir_desription/meshes/ur5/collision/wrist3.stl
-- Up-to-date: /home/prakash/ws_8_assignments/install/ir_desription/share/ir_desription/meshes/ur5/collision/shoulder.stl
-- Up-to-date: /home/prakash/ws_8_assignments/install/ir_desription/share/ir_desription/meshes/ur5/collision/forearm.stl
-- Up-to-date: /home/prakash/ws_8_assignments/install/ir_desription/share/ir_desription/meshes/ur5/collision/wrist2.stl
-- Up-to-date: /home/prakash/ws_8_assignments/install/ir_desription/share/ir_desription/meshes/ur5/collision/wrist1.stl
-- Up-to-date: /home/prakash/ws_8_assignments/install/ir_desription/share/ir_desription/meshes/ur5/visual
-- Up-to-date: /home/prakash/ws_8_assignments/install/ir_desription/share/ir_desription/meshes/ur5/visual/upperarm.dae
-- Up-to-date: /home/prakash/ws_8_assignments/install/ir_desription/share/ir_desription/meshes/ur5/visual/wrist3.dae
-- Up-to-date: /home/prakash/ws_8_assignments/install/ir_desription/share/ir_desription/meshes/ur5/visual/forearm.dae
-- Up-to-date: /home/prakash/ws_8_assignments/install/ir_desription/share/ir_desription/meshes/ur5/visual/wrist1.dae
-- Up-to-date: /home/prakash/ws_8_assignments/install/ir_desription/share/ir_desription/meshes/ur5/visual/wrist2.dae
-- Up-to-date: /home/prakash/ws_8_assignments/install/ir_desription/share/ir_desription/meshes/ur5/visual/shoulder.dae
-- Up-to-date: /home/prakash/ws_8_assignments/install/ir_desription/share/ir_desription/meshes/ur5/visual/base.dae
-- Up-to-date: /home/prakash/ws_8_assignments/install/ir_desription/share/ir_desription/config
-- Up-to-date: /home/prakash/ws_8_assignments/install/ir_desription/share/ir_desription/config/ur5
-- Up-to-date: /home/prakash/ws_8_assignments/install/ir_desription/share/ir_desription/config/ur5/default_kinematics.yaml
-- Up-to-date: /home/prakash/ws_8_assignments/install/ir_desription/share/ir_desription/config/ur5/visual_parameters.yaml
-- Up-to-date: /home/prakash/ws_8_assignments/install/ir_desription/share/ir_desription/config/ur5/physical_parameters.yaml
-- Up-to-date: /home/prakash/ws_8_assignments/install/ir_desription/share/ir_desription/config/ur5/joint_limits.yaml
-- Up-to-date: /home/prakash/ws_8_assignments/install/ir_desription/share/ir_desription/config/initial_positions.yaml
-- Up-to-date: /home/prakash/ws_8_assignments/install/ir_desription/share/ir_desription/urdf
-- Up-to-date: /home/prakash/ws_8_assignments/install/ir_desription/share/ir_desription/urdf/ur_macro.xacro
-- Up-to-date: /home/prakash/ws_8_assignments/install/ir_desription/share/ir_desription/urdf/ur_gz.ros2_control.xacro
-- Up-to-date: /home/prakash/ws_8_assignments/install/ir_desription/share/ir_desription/urdf/robotiq_d.urdf
-- Up-to-date: /home/prakash/ws_8_assignments/install/ir_desription/share/ir_desription/urdf/ur_gripper.urdf
-- Up-to-date: /home/prakash/ws_8_assignments/install/ir_desription/share/ir_desription/urdf/ur_gripper_backup.urdf
-- Up-to-date: /home/prakash/ws_8_assignments/install/ir_desription/share/ir_desription/urdf/ros2_control_mock_hardware.xacro
-- Up-to-date: /home/prakash/ws_8_assignments/install/ir_desription/share/ir_desription/urdf/ur_mocked.urdf.xacro
-- Up-to-date: /home/prakash/ws_8_assignments/install/ir_desription/share/ir_desription/urdf/ur.urdf.xacro
-- Up-to-date: /home/prakash/ws_8_assignments/install/ir_desription/share/ir_desription/urdf/ur_gripper.urdf.xacro
-- Up-to-date: /home/prakash/ws_8_assignments/install/ir_desription/share/ir_desription/urdf/ur_gripper_base.urdf
-- Up-to-date: /home/prakash/ws_8_assignments/install/ir_desription/share/ir_desription/urdf/original.urdf
-- Up-to-date: /home/prakash/ws_8_assignments/install/ir_desription/share/ir_desription/urdf/inc
-- Up-to-date: /home/prakash/ws_8_assignments/install/ir_desription/share/ir_desription/urdf/inc/ur_transmissions.xacro
-- Up-to-date: /home/prakash/ws_8_assignments/install/ir_desription/share/ir_desription/urdf/inc/ur_common.xacro
-- Up-to-date: /home/prakash/ws_8_assignments/install/ir_desription/share/ir_desription/urdf/inc/ur_joint_control.xacro
-- Up-to-date: /home/prakash/ws_8_assignments/install/ir_desription/share/ir_desription/urdf/inc/ur_sensors.xacro
