[0.026s] Invoking command in '/home/prakash/ws_8_assignments/build/ir_desription': CMAKE_PREFIX_PATH=${CMAKE_PREFIX_PATH}:/opt/ros/jazzy DEBUGINFOD_URLS=https://debuginfod.ubuntu.com /usr/bin/cmake --build /home/prakash/ws_8_assignments/build/ir_desription -- -j12 -l12
[0.067s] Invoked command in '/home/prakash/ws_8_assignments/build/ir_desription' returned '0': CMAKE_PREFIX_PATH=${CMAKE_PREFIX_PATH}:/opt/ros/jazzy DEBUGINFOD_URLS=https://debuginfod.ubuntu.com /usr/bin/cmake --build /home/prakash/ws_8_assignments/build/ir_desription -- -j12 -l12
[0.078s] Invoking command in '/home/prakash/ws_8_assignments/build/ir_desription': CMAKE_PREFIX_PATH=${CMAKE_PREFIX_PATH}:/opt/ros/jazzy DEBUGINFOD_URLS=https://debuginfod.ubuntu.com /usr/bin/cmake --install /home/prakash/ws_8_assignments/build/ir_desription
[0.089s] -- Install configuration: ""
[0.089s] -- Up-to-date: /home/prakash/ws_8_assignments/install/ir_desription/share/ament_index/resource_index/package_run_dependencies/ir_desription
[0.090s] -- Up-to-date: /home/prakash/ws_8_assignments/install/ir_desription/share/ament_index/resource_index/parent_prefix_path/ir_desription
[0.090s] -- Up-to-date: /home/prakash/ws_8_assignments/install/ir_desription/share/ir_desription/environment/ament_prefix_path.sh
[0.090s] -- Up-to-date: /home/prakash/ws_8_assignments/install/ir_desription/share/ir_desription/environment/ament_prefix_path.dsv
[0.090s] -- Up-to-date: /home/prakash/ws_8_assignments/install/ir_desription/share/ir_desription/environment/path.sh
[0.090s] -- Up-to-date: /home/prakash/ws_8_assignments/install/ir_desription/share/ir_desription/environment/path.dsv
[0.091s] -- Up-to-date: /home/prakash/ws_8_assignments/install/ir_desription/share/ir_desription/local_setup.bash
[0.091s] -- Up-to-date: /home/prakash/ws_8_assignments/install/ir_desription/share/ir_desription/local_setup.sh
[0.091s] -- Up-to-date: /home/prakash/ws_8_assignments/install/ir_desription/share/ir_desription/local_setup.zsh
[0.091s] -- Up-to-date: /home/prakash/ws_8_assignments/install/ir_desription/share/ir_desription/local_setup.dsv
[0.091s] -- Up-to-date: /home/prakash/ws_8_assignments/install/ir_desription/share/ir_desription/package.dsv
[0.091s] -- Up-to-date: /home/prakash/ws_8_assignments/install/ir_desription/share/ament_index/resource_index/packages/ir_desription
[0.091s] -- Up-to-date: /home/prakash/ws_8_assignments/install/ir_desription/share/ir_desription/cmake/ir_desriptionConfig.cmake
[0.092s] -- Up-to-date: /home/prakash/ws_8_assignments/install/ir_desription/share/ir_desription/cmake/ir_desriptionConfig-version.cmake
[0.092s] -- Up-to-date: /home/prakash/ws_8_assignments/install/ir_desription/share/ir_desription/package.xml
[0.093s] -- Up-to-date: /home/prakash/ws_8_assignments/install/ir_desription/share/ir_desription/meshes
[0.093s] -- Up-to-date: /home/prakash/ws_8_assignments/install/ir_desription/share/ir_desription/meshes/ur5
[0.093s] -- Up-to-date: /home/prakash/ws_8_assignments/install/ir_desription/share/ir_desription/meshes/ur5/collision
[0.093s] -- Up-to-date: /home/prakash/ws_8_assignments/install/ir_desription/share/ir_desription/meshes/ur5/collision/base.stl
[0.093s] -- Up-to-date: /home/prakash/ws_8_assignments/install/ir_desription/share/ir_desription/meshes/ur5/collision/upperarm.stl
[0.100s] -- Up-to-date: /home/prakash/ws_8_assignments/install/ir_desription/share/ir_desription/meshes/ur5/collision/wrist3.stl
[0.100s] -- Up-to-date: /home/prakash/ws_8_assignments/install/ir_desription/share/ir_desription/meshes/ur5/collision/shoulder.stl
[0.100s] -- Up-to-date: /home/prakash/ws_8_assignments/install/ir_desription/share/ir_desription/meshes/ur5/collision/forearm.stl
[0.100s] -- Up-to-date: /home/prakash/ws_8_assignments/install/ir_desription/share/ir_desription/meshes/ur5/collision/wrist2.stl
[0.100s] -- Up-to-date: /home/prakash/ws_8_assignments/install/ir_desription/share/ir_desription/meshes/ur5/collision/wrist1.stl
[0.101s] -- Up-to-date: /home/prakash/ws_8_assignments/install/ir_desription/share/ir_desription/meshes/ur5/visual
[0.101s] -- Up-to-date: /home/prakash/ws_8_assignments/install/ir_desription/share/ir_desription/meshes/ur5/visual/upperarm.dae
[0.101s] -- Up-to-date: /home/prakash/ws_8_assignments/install/ir_desription/share/ir_desription/meshes/ur5/visual/wrist3.dae
[0.101s] -- Up-to-date: /home/prakash/ws_8_assignments/install/ir_desription/share/ir_desription/meshes/ur5/visual/forearm.dae
[0.101s] -- Up-to-date: /home/prakash/ws_8_assignments/install/ir_desription/share/ir_desription/meshes/ur5/visual/wrist1.dae
[0.101s] -- Up-to-date: /home/prakash/ws_8_assignments/install/ir_desription/share/ir_desription/meshes/ur5/visual/wrist2.dae
[0.101s] -- Up-to-date: /home/prakash/ws_8_assignments/install/ir_desription/share/ir_desription/meshes/ur5/visual/shoulder.dae
[0.101s] -- Up-to-date: /home/prakash/ws_8_assignments/install/ir_desription/share/ir_desription/meshes/ur5/visual/base.dae
[0.101s] -- Up-to-date: /home/prakash/ws_8_assignments/install/ir_desription/share/ir_desription/config
[0.101s] -- Up-to-date: /home/prakash/ws_8_assignments/install/ir_desription/share/ir_desription/config/ur5
[0.101s] -- Up-to-date: /home/prakash/ws_8_assignments/install/ir_desription/share/ir_desription/config/ur5/default_kinematics.yaml
[0.102s] -- Up-to-date: /home/prakash/ws_8_assignments/install/ir_desription/share/ir_desription/config/ur5/visual_parameters.yaml
[0.102s] -- Up-to-date: /home/prakash/ws_8_assignments/install/ir_desription/share/ir_desription/config/ur5/physical_parameters.yaml
[0.102s] -- Up-to-date: /home/prakash/ws_8_assignments/install/ir_desription/share/ir_desription/config/ur5/joint_limits.yaml
[0.102s] -- Up-to-date: /home/prakash/ws_8_assignments/install/ir_desription/share/ir_desription/config/initial_positions.yaml
[0.102s] -- Up-to-date: /home/prakash/ws_8_assignments/install/ir_desription/share/ir_desription/urdf
[0.102s] -- Up-to-date: /home/prakash/ws_8_assignments/install/ir_desription/share/ir_desription/urdf/ur_macro.xacro
[0.102s] -- Up-to-date: /home/prakash/ws_8_assignments/install/ir_desription/share/ir_desription/urdf/ur_gz.ros2_control.xacro
[0.102s] -- Up-to-date: /home/prakash/ws_8_assignments/install/ir_desription/share/ir_desription/urdf/robotiq_d.urdf
[0.102s] -- Up-to-date: /home/prakash/ws_8_assignments/install/ir_desription/share/ir_desription/urdf/ur_gripper.urdf
[0.102s] -- Up-to-date: /home/prakash/ws_8_assignments/install/ir_desription/share/ir_desription/urdf/ur_gripper_backup.urdf
[0.102s] -- Up-to-date: /home/prakash/ws_8_assignments/install/ir_desription/share/ir_desription/urdf/ros2_control_mock_hardware.xacro
[0.102s] -- Up-to-date: /home/prakash/ws_8_assignments/install/ir_desription/share/ir_desription/urdf/ur_mocked.urdf.xacro
[0.102s] -- Up-to-date: /home/prakash/ws_8_assignments/install/ir_desription/share/ir_desription/urdf/ur.urdf.xacro
[0.102s] -- Up-to-date: /home/prakash/ws_8_assignments/install/ir_desription/share/ir_desription/urdf/ur_gripper.urdf.xacro
[0.103s] -- Up-to-date: /home/prakash/ws_8_assignments/install/ir_desription/share/ir_desription/urdf/ur_gripper_base.urdf
[0.103s] -- Up-to-date: /home/prakash/ws_8_assignments/install/ir_desription/share/ir_desription/urdf/original.urdf
[0.103s] -- Up-to-date: /home/prakash/ws_8_assignments/install/ir_desription/share/ir_desription/urdf/inc
[0.103s] -- Up-to-date: /home/prakash/ws_8_assignments/install/ir_desription/share/ir_desription/urdf/inc/ur_transmissions.xacro
[0.103s] -- Up-to-date: /home/prakash/ws_8_assignments/install/ir_desription/share/ir_desription/urdf/inc/ur_common.xacro
[0.103s] -- Up-to-date: /home/prakash/ws_8_assignments/install/ir_desription/share/ir_desription/urdf/inc/ur_joint_control.xacro
[0.103s] -- Up-to-date: /home/prakash/ws_8_assignments/install/ir_desription/share/ir_desription/urdf/inc/ur_sensors.xacro
[0.126s] Invoked command in '/home/prakash/ws_8_assignments/build/ir_desription' returned '0': CMAKE_PREFIX_PATH=${CMAKE_PREFIX_PATH}:/opt/ros/jazzy DEBUGINFOD_URLS=https://debuginfod.ubuntu.com /usr/bin/cmake --install /home/prakash/ws_8_assignments/build/ir_desription
